

***** PSO Configuration ******
w : 0.5
c1 : 0.5
c2 : 0.5
swarm_size : 10
num_generations : 10
min_init_velocity : [1, 4]
max_init_velocity : [3, 32]
max_velocity : [3, 32]
bounds : [(1, 10), (4, 384)]


***** Particles initialization *****

Particle 0
Position : [  5.5 194. ]
Velocity : [  3.11199366 -19.1062155 ]

Particle 1
Position : [ 7.75 99.  ]
Velocity : [ 3.8205593  -6.59343808]

Particle 2
Position : [  3.25 289.  ]
Velocity : [ 3.63023359 20.14554274]

Particle 3
Position : [  4.375 146.5  ]
Velocity : [ -3.24396785 -22.02158489]

Particle 4
Position : [  8.875 336.5  ]
Velocity : [ 1.83808434 30.93250694]

Particle 5
Position : [ 6.625 51.5  ]
Velocity : [ -3.69258373 -29.00231694]

Particle 6
Position : [  2.125 241.5  ]
Velocity : [-3.04096244 -6.47591336]

Particle 7
Position : [  2.6875 122.75  ]
Velocity : [ -1.41865834 -17.8467339 ]

Particle 8
Position : [  7.1875 312.75  ]
Velocity : [ 1.15497225 -5.90075524]

Particle 9
Position : [ 9.4375 27.75  ]
Velocity : [-2.76359559 17.43634203]


***** Particle generation 0 ******

Particle 0
New position : [  5.75207262 202.32928144]
New position (int) : [  6. 202.]
New velocity : [0.25207262 8.32928144]
Objective function value : 0.25760869979858403

Particle 1
New position : [  8.24914407 130.79760933]
New position (int) : [  8. 131.]
New velocity : [ 0.49914407 31.79760933]
Objective function value : 0.24510868787765505

Particle 2
New position : [  5.02301793 297.48985417]
New position (int) : [  5. 297.]
New velocity : [1.77301793 8.48985417]
Objective function value : 0.28369565010070796

Particle 3
New position : [  2.07764848 162.6460939 ]
New position (int) : [  2. 163.]
New velocity : [-2.29735152 16.1460939 ]
Objective function value : 0.25326087474823

Particle 4
New position : [  8.78416539 338.08503819]
New position (int) : [  9. 338.]
New velocity : [-0.09083461  1.58503819]
Objective function value : 0.27989131212234497

Particle 5
New position : [ 4.08192366 65.69882894]
New position (int) : [ 4. 66.]
New velocity : [-2.54307634 14.19882894]
Objective function value : 0.25597826242446897

Particle 6
New position : [  1.42969981 238.39891768]
New position (int) : [  1. 238.]
New velocity : [ 1.55469981 -3.10108232]
Objective function value : 0.27554348707199094

Particle 7
New position : [  1.63730678 154.75      ]
New position (int) : [  2. 155.]
New velocity : [-1.05019322 32.        ]
Objective function value : 0.2184782743453979

Particle 8
New position : [  5.9629512  285.22247131]
New position (int) : [  6. 285.]
New velocity : [ -1.2245488  -27.52752869]
Objective function value : 0.264130425453186

Particle 9
New position : [ 6.4375 59.75  ]
New position (int) : [ 6. 60.]
New velocity : [-3. 32.]
Objective function value : 0.24673912525177
End of generation
Best position : [  2. 155.]
Best objective function value : 0.2184782743453979


***** Particle generation 1 ******

Particle 0
New position : [  5.10642613 199.09075621]
New position (int) : [  5. 199.]
New velocity : [-0.64564649 -3.23852523]
Objective function value : 0.23750000000000004

Particle 1
New position : [  8.51103714 162.15470077]
New position (int) : [  9. 162.]
New velocity : [ 0.26189307 31.35709144]
Objective function value : 0.25489131212234495

Particle 2
New position : [  5.55408653 265.48985417]
New position (int) : [  6. 265.]
New velocity : [  0.5310686 -32.       ]
Objective function value : 0.26467392444610593

Particle 3
New position : [  2.26277251 175.53181676]
New position (int) : [  2. 176.]
New velocity : [ 2.34042099 12.88572286]
Objective function value : 0.25815217494964604

Particle 4
New position : [  6.89402218 306.08503819]
New position (int) : [  7. 306.]
New velocity : [ -1.89014321 -32.        ]
Objective function value : 0.253804349899292

Particle 5
New position : [ 1.74450603 97.69882894]
New position (int) : [ 2. 98.]
New velocity : [-2.33741763 32.        ]
Objective function value : 0.257065212726593

Particle 6
New position : [  3.17470041 234.92131485]
New position (int) : [  3. 235.]
New velocity : [ 1.7450006  -3.47760283]
Objective function value : 0.29619566202163694

Particle 7
New position : [  1.18719479 186.75      ]
New position (int) : [  1. 187.]
New velocity : [ 0.82450156 32.        ]
Objective function value : 0.28586957454681394

Particle 8
New position : [  4.4471274  253.22247131]
New position (int) : [  4. 253.]
New velocity : [ -1.51582379 -32.        ]
Objective function value : 0.260869562625885

Particle 9
New position : [ 3.4375 91.75  ]
New position (int) : [ 3. 92.]
New velocity : [-3. 32.]
Objective function value : 0.23315217494964602
End of generation
Best position : [  2. 155.]
Best objective function value : 0.2184782743453979


***** Particle generation 2 ******

Particle 0
New position : [  3.98591133 186.61446353]
New position (int) : [  4. 187.]
New velocity : [ -1.1205148  -12.47629267]
Objective function value : 0.25

Particle 1
New position : [  8.10859195 166.064563  ]
New position (int) : [  8. 166.]
New velocity : [-0.40244519  3.90986223]
Objective function value : 0.24239130020141597

Particle 2
New position : [  4.22949852 233.48985417]
New position (int) : [  4. 233.]
New velocity : [ -1.32458801 -32.        ]
Objective function value : 0.249456524848938

Particle 3
New position : [  4.1891032  182.88758017]
New position (int) : [  4. 183.]
New velocity : [1.92633069 7.35576341]
Objective function value : 0.27608695030212405

Particle 4
New position : [  5.12397976 274.08503819]
New position (int) : [  5. 274.]
New velocity : [ -1.77004243 -32.        ]
Objective function value : 0.26141304969787593

Particle 5
New position : [  1.38110155 112.33835075]
New position (int) : [  1. 112.]
New velocity : [-0.36340448 14.63952181]
Objective function value : 0.2701086878776551

Particle 6
New position : [  3.31638083 211.93715839]
New position (int) : [  3. 212.]
New velocity : [  0.14168042 -22.98415646]
Objective function value : 0.260326087474823

Particle 7
New position : [  2.2410709  198.35197883]
New position (int) : [  2. 198.]
New velocity : [ 1.05387611 11.60197883]
Objective function value : 0.25543477535247805

Particle 8
New position : [  2.53363742 221.22247131]
New position (int) : [  3. 221.]
New velocity : [ -1.91348998 -32.        ]
Objective function value : 0.24347826242446902

Particle 9
New position : [  1.56032375 123.75      ]
New position (int) : [  2. 124.]
New velocity : [ 2.99782375 32.        ]
Objective function value : 0.25326087474823
End of generation
Best position : [  2. 155.]
Best objective function value : 0.2184782743453979


***** Particle generation 3 ******

Particle 0
New position : [  2.68890366 169.18509416]
New position (int) : [  3. 169.]
New velocity : [ -1.29700768 -17.42936937]
Objective function value : 0.24130433797836304

Particle 1
New position : [  7.31970614 136.88626265]
New position (int) : [  7. 137.]
New velocity : [ -0.78888581 -29.17830035]
Objective function value : 0.264130437374115

Particle 2
New position : [  2.59251892 201.48985417]
New position (int) : [  3. 201.]
New velocity : [ -1.6369796 -32.       ]
Objective function value : 0.27554347515106203

Particle 3
New position : [  4.43282778 178.28785545]
New position (int) : [  4. 178.]
New velocity : [ 0.24372458 -4.59972472]
Objective function value : 0.261413037776947

Particle 4
New position : [  3.40296898 242.08503819]
New position (int) : [  3. 242.]
New velocity : [ -1.72101078 -32.        ]
Objective function value : 0.249456524848938

Particle 5
New position : [  1.68567453 121.30155692]
New position (int) : [  2. 121.]
New velocity : [0.30457298 8.96320617]
Objective function value : 0.25543478727340696

Particle 6
New position : [  2.77760049 179.93715839]
New position (int) : [  3. 180.]
New velocity : [ -0.53878034 -32.        ]
Objective function value : 0.274999988079071

Particle 7
New position : [  2.63435091 180.11713109]
New position (int) : [  3. 180.]
New velocity : [  0.39328001 -18.23484774]
Objective function value : 0.25489132404327397

Particle 8
New position : [  1.06962469 189.22247131]
New position (int) : [  1. 189.]
New velocity : [  1.60326211 -32.        ]
Objective function value : 0.25923912525177006

Particle 9
New position : [  4.23153104 155.60613405]
New position (int) : [  4. 156.]
New velocity : [ 2.6712073  31.85613405]
Objective function value : 0.249456524848938
End of generation
Best position : [  2. 155.]
Best objective function value : 0.2184782743453979


***** Particle generation 4 ******

Particle 0
New position : [  2.54245173 164.95435533]
New position (int) : [  3. 165.]
New velocity : [-0.14645193 -4.23073884]
Objective function value : 0.2423913240432739

Particle 1
New position : [  4.54442932 118.40242932]
New position (int) : [  5. 118.]
New velocity : [ -2.77527682 -18.48383333]
Objective function value : 0.254347825050354

Particle 2
New position : [  1.24406945 169.48985417]
New position (int) : [  1. 169.]
New velocity : [ -1.34844947 -32.        ]
Objective function value : 0.26847826242446904

Particle 3
New position : [  2.93164601 164.26068456]
New position (int) : [  3. 164.]
New velocity : [ -1.50118177 -14.02717089]
Objective function value : 0.25163043737411495

Particle 4
New position : [  2.3559434  215.58425544]
New position (int) : [  2. 216.]
New velocity : [ -1.04702558 -26.50078275]
Objective function value : 0.26195653676986697

Particle 5
New position : [  1.93529858 133.1191699 ]
New position (int) : [  2. 133.]
New velocity : [ 0.24962405 11.81761298]
Objective function value : 0.25434783697128294

Particle 6
New position : [  2.03556803 167.69767834]
New position (int) : [  2. 168.]
New velocity : [ -0.74203246 -12.23948004]
Objective function value : 0.24402174949645994

Particle 7
New position : [  2.38167767 153.20914444]
New position (int) : [  2. 153.]
New velocity : [ -0.25267324 -26.90798665]
Objective function value : 0.24565216302871706

Particle 8
New position : [  3.34808849 171.64584079]
New position (int) : [  3. 172.]
New velocity : [  2.27846379 -17.57663053]
Objective function value : 0.228804349899292

Particle 9
New position : [  4.37243863 165.54312881]
New position (int) : [  4. 166.]
New velocity : [0.14090758 9.93699476]
Objective function value : 0.23804348707199097
End of generation
Best position : [  2. 155.]
Best objective function value : 0.2184782743453979


***** Particle generation 5 ******

Particle 0
New position : [  3.26122266 173.03092752]
New position (int) : [  3. 173.]
New velocity : [0.71877094 8.0765722 ]
Objective function value : 0.256521737575531

Particle 1
New position : [  2.62957757 122.94214446]
New position (int) : [  3. 123.]
New velocity : [-1.91485175  4.53971514]
Objective function value : 0.267391300201416

Particle 2
New position : [  2.17831117 176.81088505]
New position (int) : [  2. 177.]
New velocity : [0.93424172 7.32103088]
Objective function value : 0.22282609939575193

Particle 3
New position : [  1.77479598 153.0313349 ]
New position (int) : [  2. 153.]
New velocity : [ -1.15685003 -11.22934966]
Objective function value : 0.235869562625885

Particle 4
New position : [  1.41003784 183.58425544]
New position (int) : [  1. 184.]
New velocity : [ -0.94590556 -32.        ]
Objective function value : 0.275543463230133

Particle 5
New position : [  2.09909396 148.31358628]
New position (int) : [  2. 148.]
New velocity : [ 0.16379538 15.19441638]
Objective function value : 0.23369565010070803

Particle 6
New position : [  1.68804303 181.49345794]
New position (int) : [  2. 181.]
New velocity : [-0.347525  13.7957796]
Objective function value : 0.23152173757553096

Particle 7
New position : [  1.9847193  141.02492535]
New position (int) : [  2. 141.]
New velocity : [ -0.39695837 -12.18421909]
Objective function value : 0.27010867595672605

Particle 8
New position : [  3.77208978 154.67107651]
New position (int) : [  4. 155.]
New velocity : [  0.42400129 -16.97476428]
Objective function value : 0.23315217494964602

Particle 9
New position : [  3.93539788 146.14580892]
New position (int) : [  4. 146.]
New velocity : [ -0.43704075 -19.39731988]
Objective function value : 0.263043487071991
End of generation
Best position : [  2. 155.]
Best objective function value : 0.2184782743453979


***** Particle generation 6 ******

Particle 0
New position : [  3.63708827 177.48886209]
New position (int) : [  4. 177.]
New velocity : [0.37586561 4.45793457]
Objective function value : 0.24402173757553103

Particle 1
New position : [  2.77794175 130.78368833]
New position (int) : [  3. 131.]
New velocity : [0.14836418 7.84154387]
Objective function value : 0.24510869979858396

Particle 2
New position : [  2.54507108 175.70194233]
New position (int) : [  3. 176.]
New velocity : [ 0.36675991 -1.10894272]
Objective function value : 0.257065212726593

Particle 3
New position : [  1.10495133 143.42683815]
New position (int) : [  1. 143.]
New velocity : [ 0.87974731 -9.60449675]
Objective function value : 0.24619565010070799

Particle 4
New position : [  1.32938297 169.18116061]
New position (int) : [  1. 169.]
New velocity : [ -0.08065486 -14.40309483]
Objective function value : 0.273913037776947

Particle 5
New position : [  2.24144773 163.0510234 ]
New position (int) : [  2. 163.]
New velocity : [ 0.14235377 14.73743712]
Objective function value : 0.222826075553894

Particle 6
New position : [  1.61254371 200.08006533]
New position (int) : [  2. 200.]
New velocity : [-0.07549932 18.58660739]
Objective function value : 0.22173911333084106

Particle 7
New position : [  1.76504306 143.65772578]
New position (int) : [  2. 144.]
New velocity : [-0.21967623  2.63280044]
Objective function value : 0.24782608747482304

Particle 8
New position : [  3.17194621 147.28031297]
New position (int) : [  3. 147.]
New velocity : [-0.60014357 -7.39076354]
Objective function value : 0.2597826004028321

Particle 9
New position : [  3.3814311  127.63129656]
New position (int) : [  3. 128.]
New velocity : [ -0.55396678 -18.51451237]
Objective function value : 0.24673913717269902
End of generation
Best position : [  2. 155.]
Best objective function value : 0.2184782743453979


***** Particle generation 7 ******

Particle 0
New position : [  3.80029521 180.7524837 ]
New position (int) : [  4. 181.]
New velocity : [0.16320694 3.26362161]
Objective function value : 0.2608695745468139

Particle 1
New position : [  2.88434999 138.89368958]
New position (int) : [  3. 139.]
New velocity : [0.10640824 8.11000126]
Objective function value : 0.271195650100708

Particle 2
New position : [  2.77705551 173.53529858]
New position (int) : [  3. 174.]
New velocity : [ 0.23198443 -2.16664376]
Objective function value : 0.256521737575531

Particle 3
New position : [  2.48678272 141.49545392]
New position (int) : [  2. 141.]
New velocity : [ 1.3818314  -1.93138423]
Objective function value : 0.23750001192092896

Particle 4
New position : [  1.89315745 182.29310462]
New position (int) : [  2. 182.]
New velocity : [ 0.56377448 13.11194401]
Objective function value : 0.24565217494964597

Particle 5
New position : [  2.23178206 173.0014785 ]
New position (int) : [  2. 173.]
New velocity : [-9.66566088e-03  9.95045510e+00]
Objective function value : 0.25

Particle 6
New position : [  1.81246634 195.55756675]
New position (int) : [  2. 196.]
New velocity : [ 0.19992262 -4.52249858]
Objective function value : 0.23858695030212407

Particle 7
New position : [  1.714193   147.82171154]
New position (int) : [  2. 148.]
New velocity : [-0.05085007  4.16398576]
Objective function value : 0.240217387676239

Particle 8
New position : [  2.68739143 149.84742864]
New position (int) : [  3. 150.]
New velocity : [-0.48455478  2.56711567]
Objective function value : 0.22989131212234493

Particle 9
New position : [  2.35910141 124.85030126]
New position (int) : [  2. 125.]
New velocity : [-1.0223297 -2.7809953]
Objective function value : 0.253260862827301
End of generation
Best position : [  2. 155.]
Best objective function value : 0.2184782743453979


***** Particle generation 8 ******

Particle 0
New position : [  3.98621775 184.13532911]
New position (int) : [  4. 184.]
New velocity : [0.18592254 3.3828454 ]
Objective function value : 0.233695638179779

Particle 1
New position : [  4.5457331  132.25240206]
New position (int) : [  5. 132.]
New velocity : [ 1.66138311 -6.64128752]
Objective function value : 0.24836956262588505

Particle 2
New position : [  2.501034   169.18379172]
New position (int) : [  3. 169.]
New velocity : [-0.27602151 -4.35150685]
Objective function value : 0.25760869979858403

Particle 3
New position : [  2.85907632 148.70856886]
New position (int) : [  3. 149.]
New velocity : [0.3722936  7.21311494]
Objective function value : 0.245652186870575

Particle 4
New position : [  2.20247969 186.41498209]
New position (int) : [  2. 186.]
New velocity : [0.30932224 4.12187747]
Objective function value : 0.240217387676239

Particle 5
New position : [  2.05682354 171.02414221]
New position (int) : [  2. 171.]
New velocity : [-0.17495853 -1.97733629]
Objective function value : 0.24456522464752195

Particle 6
New position : [  2.08588679 180.04228092]
New position (int) : [  2. 180.]
New velocity : [  0.27342045 -15.51528582]
Objective function value : 0.24510868787765505

Particle 7
New position : [  1.8414185  153.73768605]
New position (int) : [  2. 154.]
New velocity : [0.12722551 5.91597451]
Objective function value : 0.25815217494964604

Particle 8
New position : [  2.28601338 162.32727219]
New position (int) : [  2. 162.]
New velocity : [-0.40137805 12.47984354]
Objective function value : 0.242934787273407

Particle 9
New position : [  1.98085442 118.02468379]
New position (int) : [  2. 118.]
New velocity : [-0.37824699 -6.82561747]
Objective function value : 0.23369565010070803
End of generation
Best position : [  2. 155.]
Best objective function value : 0.2184782743453979


***** Particle generation 9 ******

Particle 0
New position : [  3.31851927 174.54694392]
New position (int) : [  3. 175.]
New velocity : [-0.66769847 -9.58838518]
Objective function value : 0.22445652484893797

Particle 1
New position : [  4.54213542 136.02647812]
New position (int) : [  5. 136.]
New velocity : [-3.59768035e-03  3.77407606e+00]
Objective function value : 0.253260862827301

Particle 2
New position : [  2.04774344 162.34963517]
New position (int) : [  2. 162.]
New velocity : [-0.45329056 -6.83415656]
Objective function value : 0.27336956262588497

Particle 3
New position : [  2.48510783 155.43990472]
New position (int) : [  2. 155.]
New velocity : [-0.37396849  6.73133587]
Objective function value : 0.24782608747482304

Particle 4
New position : [  2.42624368 184.53672952]
New position (int) : [  2. 185.]
New velocity : [ 0.22376398 -1.87825257]
Objective function value : 0.23532608747482298

Particle 5
New position : [  1.94020323 162.22104388]
New position (int) : [  2. 162.]
New velocity : [-0.11662031 -8.80309833]
Objective function value : 0.23750000000000004

Particle 6
New position : [  2.17706786 170.40891704]
New position (int) : [  2. 170.]
New velocity : [ 0.09118107 -9.63336389]
Objective function value : 0.24347826242446902

Particle 7
New position : [  1.92879156 156.88666601]
New position (int) : [  2. 157.]
New velocity : [0.08737305 3.14897996]
Objective function value : 0.259782612323761

Particle 8
New position : [  2.00350643 166.26857157]
New position (int) : [  2. 166.]
New velocity : [-0.28250694  3.94129939]
Objective function value : 0.22336956262588503

Particle 9
New position : [  2.11796623 120.23461229]
New position (int) : [  2. 120.]
New velocity : [0.13711181 2.2099285 ]
Objective function value : 0.255434799194336
End of generation
Best position : [  2. 155.]
Best objective function value : 0.2184782743453979


***** Optimal configuration found by PSO ******
N. hidden layers : 2.0
N. neurons per layer : 155.0
Accuracy on validation set : 0.7815217256546021
Execution time : 00:18:11.81
Accuracy on test set : 0.7164502143859863


***** PSO Configuration ******
w : 0.5
c1 : 0.5
c2 : 0.5
swarm_size : 10
num_generations : 10
min_init_velocity : [1, 4]
max_init_velocity : [3, 32]
max_velocity : [3, 32]
bounds : [(1, 10), (4, 384)]


***** Particles initialization *****

Particle 0
Position : [  5.5 194. ]
Velocity : [-3.13602202 -4.53618372]

Particle 1
Position : [ 7.75 99.  ]
Velocity : [ 3.92129315 13.74318175]

Particle 2
Position : [  3.25 289.  ]
Velocity : [ -3.1535542  -31.86727477]

Particle 3
Position : [  4.375 146.5  ]
Velocity : [ 3.29856216 32.35571021]

Particle 4
Position : [  8.875 336.5  ]
Velocity : [ -3.30464885 -13.3382286 ]

Particle 5
Position : [ 6.625 51.5  ]
Velocity : [-1.05673928 29.35119676]

Particle 6
Position : [  2.125 241.5  ]
Velocity : [ 1.04416175 18.37770976]

Particle 7
Position : [  2.6875 122.75  ]
Velocity : [ 3.4619731  -9.37572326]

Particle 8
Position : [  7.1875 312.75  ]
Velocity : [1.29306129 9.38189814]

Particle 9
Position : [ 9.4375 27.75  ]
Velocity : [ 3.37535059 23.08994329]


***** Particle generation 0 ******

Particle 0
New position : [  5.00342424 226.        ]
New position (int) : [  5. 226.]
New velocity : [-0.49657576 32.        ]
Objective function value : 0.2396739006042481

Particle 1
New position : [  9.67716528 131.        ]
New position (int) : [ 10. 131.]
New velocity : [-2.57283472 32.        ]
Objective function value : 0.24728261232376103

Particle 2
New position : [  2.00204466 275.75412311]
New position (int) : [  2. 276.]
New velocity : [ -1.24795534 -13.24587689]
Objective function value : 0.240217387676239

Particle 3
New position : [  6.17711634 168.93996988]
New position (int) : [  6. 169.]
New velocity : [ 1.80211634 22.43996988]
Objective function value : 0.25543478727340696

Particle 4
New position : [  7.24962219 329.72309925]
New position (int) : [  7. 330.]
New velocity : [-1.62537781 -6.77690075]
Objective function value : 0.25869565010070805

Particle 5
New position : [ 6.37857864 83.5       ]
New position (int) : [ 6. 84.]
New velocity : [-0.24642136 32.        ]
Objective function value : 0.240217387676239

Particle 6
New position : [  3.21042651 258.43229669]
New position (int) : [  3. 258.]
New velocity : [ 1.08542651 16.93229669]
Objective function value : 0.24347827434539793

Particle 7
New position : [  5.6875 154.75  ]
New position (int) : [  6. 155.]
New velocity : [ 3. 32.]
Objective function value : 0.246195662021637

Particle 8
New position : [  7.87095239 317.9145659 ]
New position (int) : [  8. 318.]
New velocity : [0.68345239 5.1645659 ]
Objective function value : 0.263043487071991

Particle 9
New position : [ 8.8826889  44.83585712]
New position (int) : [ 9. 45.]
New velocity : [-1.6798111  17.08585712]
Objective function value : 0.257608687877655
End of generation
Best position : [  5. 226.]
Best objective function value : 0.2396739006042481


***** Particle generation 1 ******

Particle 0
New position : [  4.5059557 258.       ]
New position (int) : [  5. 258.]
New velocity : [-0.49746854 32.        ]
Objective function value : 0.26521738767623904

Particle 1
New position : [  6.67716528 163.        ]
New position (int) : [  7. 163.]
New velocity : [-3. 32.]
Objective function value : 0.25869563817977903

Particle 2
New position : [  1.03760748 257.88558955]
New position (int) : [  1. 258.]
New velocity : [ -0.96443718 -17.86853356]
Objective function value : 0.301086962223053

Particle 3
New position : [  7.54190011 198.57221165]
New position (int) : [  8. 199.]
New velocity : [ 1.36478377 29.63224176]
Objective function value : 0.23750000000000004

Particle 4
New position : [  4.76867663 297.72309925]
New position (int) : [  5. 298.]
New velocity : [ -2.48094556 -32.        ]
Objective function value : 0.27934782505035405

Particle 5
New position : [  5.80803485 115.5       ]
New position (int) : [  6. 116.]
New velocity : [-0.57054378 32.        ]
Objective function value : 0.22826087474822998

Particle 6
New position : [  4.97597891 262.42301976]
New position (int) : [  5. 262.]
New velocity : [1.7655524  3.99072308]
Objective function value : 0.23858695030212407

Particle 7
New position : [  8.6875 186.75  ]
New position (int) : [  9. 187.]
New velocity : [ 3. 32.]
Objective function value : 0.257065224647522

Particle 8
New position : [  7.16994557 285.9145659 ]
New position (int) : [  7. 286.]
New velocity : [ -0.70100681 -32.        ]
Objective function value : 0.29021739959716797

Particle 9
New position : [ 5.8826889  76.83585712]
New position (int) : [ 6. 77.]
New velocity : [-3. 32.]
Objective function value : 0.24565216302871706
End of generation
Best position : [  6. 116.]
Best objective function value : 0.22826087474822998


***** Particle generation 2 ******

Particle 0
New position : [  4.56223079 238.27187563]
New position (int) : [  5. 238.]
New velocity : [  0.05627508 -19.72812437]
Objective function value : 0.24945651292800908

Particle 1
New position : [  4.76681464 167.75993133]
New position (int) : [  5. 168.]
New velocity : [-1.91035063  4.75993133]
Objective function value : 0.26195652484893794

Particle 2
New position : [  2.19301381 225.88558955]
New position (int) : [  2. 226.]
New velocity : [  1.15540633 -32.        ]
Objective function value : 0.24184782505035396

Particle 3
New position : [  8.23868442 205.79778445]
New position (int) : [  8. 206.]
New velocity : [0.69678431 7.2255728 ]
Objective function value : 0.2505434870719909

Particle 4
New position : [  3.72273048 265.72309925]
New position (int) : [  4. 266.]
New velocity : [ -1.04594615 -32.        ]
Objective function value : 0.24728261232376103

Particle 5
New position : [  5.47837622 140.32700629]
New position (int) : [  5. 140.]
New velocity : [-0.32965864 24.82700629]
Objective function value : 0.27663043737411497

Particle 6
New position : [  6.69974015 230.42301976]
New position (int) : [  7. 230.]
New velocity : [  1.72376125 -32.        ]
Objective function value : 0.254347825050354

Particle 7
New position : [  9.68584087 187.25707305]
New position (int) : [ 10. 187.]
New velocity : [0.99834087 0.50707305]
Objective function value : 0.219021737575531

Particle 8
New position : [  6.66380119 253.9145659 ]
New position (int) : [  7. 254.]
New velocity : [ -0.50614438 -32.        ]
Objective function value : 0.24836956262588505

Particle 9
New position : [ 4.42337393 98.04815224]
New position (int) : [ 4. 98.]
New velocity : [-1.45931497 21.21229512]
Objective function value : 0.27228261232376094
End of generation
Best position : [ 10. 187.]
Best objective function value : 0.219021737575531


***** Particle generation 3 ******

Particle 0
New position : [  6.59954916 209.17981879]
New position (int) : [  7. 209.]
New velocity : [  2.03731838 -29.09205684]
Objective function value : 0.25597826242446897

Particle 1
New position : [  7.76681464 158.70741707]
New position (int) : [  8. 159.]
New velocity : [ 3.         -9.05251426]
Objective function value : 0.24402173757553103

Particle 2
New position : [  4.81905159 218.10597198]
New position (int) : [  5. 218.]
New velocity : [ 2.62603778 -7.77961757]
Objective function value : 0.253804349899292

Particle 3
New position : [  9.5283315 203.0709573]
New position (int) : [ 10. 203.]
New velocity : [ 1.28964708 -2.72682715]
Objective function value : 0.240217387676239

Particle 4
New position : [  6.37425176 236.44725394]
New position (int) : [  6. 236.]
New velocity : [  2.65152128 -29.27584531]
Objective function value : 0.26521737575531

Particle 5
New position : [  6.93522983 165.62786734]
New position (int) : [  7. 166.]
New velocity : [ 1.45685361 25.30086106]
Objective function value : 0.23858695030212407

Particle 6
New position : [  9.16073946 198.42301976]
New position (int) : [  9. 198.]
New velocity : [  2.46099931 -32.        ]
Objective function value : 0.26902173757553105

Particle 7
New position : [  9.74839089 187.45611331]
New position (int) : [ 10. 187.]
New velocity : [-0.56576824  0.19904025]
Objective function value : 0.239130437374115

Particle 8
New position : [  7.68673714 231.70368591]
New position (int) : [  8. 232.]
New velocity : [  1.02293595 -22.21087999]
Objective function value : 0.24836956262588505

Particle 9
New position : [  5.40536487 130.04815224]
New position (int) : [  5. 130.]
New velocity : [ 0.98199094 32.        ]
Objective function value : 0.23858695030212407
End of generation
Best position : [ 10. 187.]
Best objective function value : 0.219021737575531


***** Particle generation 4 ******

Particle 0
New position : [  8.82344277 187.67754796]
New position (int) : [  9. 188.]
New velocity : [  2.22389361 -21.50227084]
Objective function value : 0.27228261232376094

Particle 1
New position : [  9.35385747 154.73924731]
New position (int) : [  9. 155.]
New velocity : [ 1.58704282 -3.96816975]
Objective function value : 0.280434787273407

Particle 2
New position : [  6.43002755 223.46612782]
New position (int) : [  6. 223.]
New velocity : [1.61097597 5.36015583]
Objective function value : 0.256521737575531

Particle 3
New position : [  9.87496382 199.09738998]
New position (int) : [ 10. 199.]
New velocity : [-0.59670468 -3.97356732]
Objective function value : 0.277173912525177

Particle 4
New position : [  7.83382426 222.29632881]
New position (int) : [  8. 222.]
New velocity : [  1.45957249 -14.15092513]
Objective function value : 0.24130434989929195

Particle 5
New position : [  7.6345553 167.5969056]
New position (int) : [  8. 168.]
New velocity : [0.69932547 1.96903826]
Objective function value : 0.281521737575531

Particle 6
New position : [  9.42335813 180.20205022]
New position (int) : [  9. 180.]
New velocity : [ -1.41590241 -18.22096954]
Objective function value : 0.264130437374115

Particle 7
New position : [  9.35522695 187.4801509 ]
New position (int) : [  9. 187.]
New velocity : [-0.39316394  0.02403759]
Objective function value : 0.254347813129425

Particle 8
New position : [  8.38696578 239.32979966]
New position (int) : [  8. 239.]
New velocity : [0.70022864 7.62611375]
Objective function value : 0.2875

Particle 9
New position : [  8.02764538 162.04815224]
New position (int) : [  8. 162.]
New velocity : [ 2.62228051 32.        ]
Objective function value : 0.24402173757553103
End of generation
Best position : [ 10. 187.]
Best objective function value : 0.219021737575531


***** Particle generation 5 ******

Particle 0
New position : [  9.11253593 186.31777668]
New position (int) : [  9. 186.]
New velocity : [ 0.28909316 -1.35977127]
Objective function value : 0.24347826242446902

Particle 1
New position : [  9.29546544 153.68687547]
New position (int) : [  9. 154.]
New velocity : [-1.35067709 -1.05237185]
Objective function value : 0.24130434989929195

Particle 2
New position : [  6.56346726 235.25637511]
New position (int) : [  7. 235.]
New velocity : [ 0.13343971 11.79024729]
Objective function value : 0.25652174949646

Particle 3
New position : [  8.95065476 196.57489183]
New position (int) : [  9. 197.]
New velocity : [-0.92430906 -2.52249816]
Objective function value : 0.267934775352478

Particle 4
New position : [  8.79807221 212.40931128]
New position (int) : [  9. 212.]
New velocity : [ 0.96424796 -9.88701753]
Objective function value : 0.24782608747482304

Particle 5
New position : [  7.99753394 159.76367818]
New position (int) : [  8. 160.]
New velocity : [ 0.36297865 -7.83322742]
Objective function value : 0.27173912525177

Particle 6
New position : [  7.27885743 204.01581575]
New position (int) : [  7. 204.]
New velocity : [-2.1445007  23.81376553]
Objective function value : 0.25923912525177006

Particle 7
New position : [  9.38087338 187.24686573]
New position (int) : [  9. 187.]
New velocity : [ 0.02564644 -0.23328517]
Objective function value : 0.249456524848938

Particle 8
New position : [  8.60020221 257.72252287]
New position (int) : [  9. 258.]
New velocity : [ 0.21323643 18.39272321]
Objective function value : 0.27663043737411497

Particle 9
New position : [  9.60451993 191.77234748]
New position (int) : [ 10. 192.]
New velocity : [-2.3678347  29.72419524]
Objective function value : 0.2717391133308411
End of generation
Best position : [ 10. 187.]
Best objective function value : 0.219021737575531


***** Particle generation 6 ******

Particle 0
New position : [  7.46147136 204.21308585]
New position (int) : [  7. 204.]
New velocity : [-1.65106457 17.89530916]
Objective function value : 0.25869566202163696

Particle 1
New position : [  8.59792303 153.77072878]
New position (int) : [  9. 154.]
New velocity : [-0.69754242  0.08385331]
Objective function value : 0.264673900604248

Particle 2
New position : [  5.96004537 245.54559299]
New position (int) : [  6. 246.]
New velocity : [-0.60342189 10.28921788]
Objective function value : 0.25217391252517696

Particle 3
New position : [  8.66465283 192.62468729]
New position (int) : [  9. 193.]
New velocity : [-0.28600193 -3.95020453]
Objective function value : 0.2505434870719909

Particle 4
New position : [  9.58020769 202.66823961]
New position (int) : [ 10. 203.]
New velocity : [ 0.78213548 -9.74107167]
Objective function value : 0.25163043737411495

Particle 5
New position : [  7.93194449 147.5662407 ]
New position (int) : [  8. 148.]
New velocity : [ -0.06558945 -12.19743748]
Objective function value : 0.288043475151062

Particle 6
New position : [  6.40885731 215.60325438]
New position (int) : [  6. 216.]
New velocity : [-0.87000012 11.58743863]
Objective function value : 0.25271738767623897

Particle 7
New position : [  9.7935008  186.92089062]
New position (int) : [ 10. 187.]
New velocity : [ 0.41262742 -0.32597511]
Objective function value : 0.24076087474822994

Particle 8
New position : [  8.65525923 267.88126612]
New position (int) : [  9. 268.]
New velocity : [ 0.05505702 10.15874325]
Objective function value : 0.23858695030212407

Particle 9
New position : [  8.26823681 200.77815819]
New position (int) : [  8. 201.]
New velocity : [-1.33628312  9.00581071]
Objective function value : 0.263043487071991
End of generation
Best position : [ 10. 187.]
Best objective function value : 0.219021737575531


***** Particle generation 7 ******

Particle 0
New position : [  5.99673389 219.60190106]
New position (int) : [  6. 220.]
New velocity : [-1.46473747 15.38881521]
Objective function value : 0.27608696222305296

Particle 1
New position : [  8.20542565 155.85404661]
New position (int) : [  8. 156.]
New velocity : [-0.39249738  2.08331782]
Objective function value : 0.267934787273407

Particle 2
New position : [  5.80353555 242.6327713 ]
New position (int) : [  6. 243.]
New velocity : [-0.15650983 -2.91282169]
Objective function value : 0.257608687877655

Particle 3
New position : [  8.64440326 191.20850849]
New position (int) : [  9. 191.]
New velocity : [-0.02024957 -1.41617881]
Objective function value : 0.26521738767623904

Particle 4
New position : [  9.99925725 193.01721147]
New position (int) : [ 10. 193.]
New velocity : [ 0.41904956 -9.65102814]
Objective function value : 0.26956521272659306

Particle 5
New position : [  8.09778965 145.62336316]
New position (int) : [  8. 146.]
New velocity : [ 0.16584515 -1.94287754]
Objective function value : 0.24891304969787598

Particle 6
New position : [  6.43128435 234.58570479]
New position (int) : [  6. 235.]
New velocity : [ 0.02242704 18.98245041]
Objective function value : 0.2701086878776551

Particle 7
New position : [  9.77482222 186.71996185]
New position (int) : [ 10. 187.]
New velocity : [-0.43167698 -0.20092877]
Objective function value : 0.24782609939575195

Particle 8
New position : [  8.99226848 259.97752137]
New position (int) : [  9. 260.]
New velocity : [ 0.33700925 -7.90374475]
Objective function value : 0.24619565010070799

Particle 9
New position : [  8.0529483  193.27730837]
New position (int) : [  8. 193.]
New velocity : [-0.21528851 -7.50084982]
Objective function value : 0.263586950302124
End of generation
Best position : [ 10. 187.]
Best objective function value : 0.219021737575531


***** Particle generation 8 ******

Particle 0
New position : [  6.16600843 219.68560691]
New position (int) : [  6. 220.]
New velocity : [0.16927453 0.08370585]
Objective function value : 0.27989130020141606

Particle 1
New position : [  8.70477276 169.76556525]
New position (int) : [  9. 170.]
New velocity : [ 0.49934711 13.91151864]
Objective function value : 0.27228261232376094

Particle 2
New position : [  6.84969601 223.77974001]
New position (int) : [  7. 224.]
New velocity : [  1.04616046 -18.85303129]
Objective function value : 0.24836956262588505

Particle 3
New position : [  8.52452541 191.86889154]
New position (int) : [  9. 192.]
New velocity : [-0.11987785  0.66038306]
Objective function value : 0.24510869979858396

Particle 4
New position : [  9.71197462 193.12872738]
New position (int) : [ 10. 193.]
New velocity : [-0.28728263  0.11151592]
Objective function value : 0.257608687877655

Particle 5
New position : [  8.16793799 147.96175385]
New position (int) : [  8. 148.]
New velocity : [0.07014835 2.33839069]
Objective function value : 0.25489130020141604

Particle 6
New position : [  6.61713836 245.86015406]
New position (int) : [  7. 246.]
New velocity : [ 0.18585401 11.27444927]
Objective function value : 0.24891304969787598

Particle 7
New position : [  9.46245604 186.63409022]
New position (int) : [  9. 187.]
New velocity : [-0.31236618 -0.08587163]
Objective function value : 0.24184782505035396

Particle 8
New position : [  9.38065673 250.05427763]
New position (int) : [  9. 250.]
New velocity : [ 0.38838824 -9.92324374]
Objective function value : 0.27934782505035405

Particle 9
New position : [  7.76643792 182.50348739]
New position (int) : [  8. 183.]
New velocity : [ -0.28651038 -10.77382098]
Objective function value : 0.25
End of generation
Best position : [ 10. 187.]
Best objective function value : 0.219021737575531


***** Particle generation 9 ******

Particle 0
New position : [  6.798572   213.89912884]
New position (int) : [  7. 214.]
New velocity : [ 0.63256357 -5.78647807]
Objective function value : 0.247282600402832

Particle 1
New position : [  9.18621382 178.17478867]
New position (int) : [  9. 178.]
New velocity : [0.48144105 8.40922342]
Objective function value : 0.24510869979858396

Particle 2
New position : [  5.48930853 234.19217667]
New position (int) : [  5. 234.]
New velocity : [-1.36038748 10.41243667]
Objective function value : 0.24402173757553103

Particle 3
New position : [  8.48855987 194.42064513]
New position (int) : [  8. 194.]
New velocity : [-0.03596555  2.55175359]
Objective function value : 0.24565217494964597

Particle 4
New position : [  9.40067282 195.72587235]
New position (int) : [  9. 196.]
New velocity : [-0.3113018   2.59714497]
Objective function value : 0.24782607555389402

Particle 5
New position : [  8.60708008 159.30287933]
New position (int) : [  9. 159.]
New velocity : [ 0.43914209 11.34112548]
Objective function value : 0.24673913717269902

Particle 6
New position : [  6.66643053 250.32403904]
New position (int) : [  7. 250.]
New velocity : [0.04929217 4.46388497]
Objective function value : 0.27228261232376094

Particle 7
New position : [  9.4231496  186.71496031]
New position (int) : [  9. 187.]
New velocity : [-0.03930644  0.08087009]
Objective function value : 0.25163042545318604

Particle 8
New position : [  9.6090749 241.3722682]
New position (int) : [ 10. 241.]
New velocity : [ 0.22841817 -8.68200942]
Objective function value : 0.282065212726593

Particle 9
New position : [  7.93753344 169.67340601]
New position (int) : [  8. 170.]
New velocity : [  0.17109551 -12.83008137]
Objective function value : 0.24836956262588505
End of generation
Best position : [ 10. 187.]
Best objective function value : 0.219021737575531


***** Optimal configuration found by PSO ******
N. hidden layers : 10.0
N. neurons per layer : 187.0
Accuracy on validation set : 0.780978262424469
Execution time : 00:25:03.54
Accuracy on test set : 0.701298713684082
