***** PSO Configuration ******
w : 0.5
c1 : 0.5
c2 : 0.5
swarm_size : 10
num_generations : 10
min_init_velocity : [1, 4]
max_init_velocity : [3, 32]
max_velocity : [3, 32]
bounds : [(1, 10), (4, 384)]


***** Particles initialization *****

Particle 0
Position : [  5.5 194. ]
Velocity : [-1.57243037 11.49812455]

Particle 1
Position : [ 7.75 99.  ]
Velocity : [ 3.17099505 13.48231944]

Particle 2
Position : [  3.25 289.  ]
Velocity : [-3.93394059 25.64967752]

Particle 3
Position : [  4.375 146.5  ]
Velocity : [ 2.60148526 29.5071403 ]

Particle 4
Position : [  8.875 336.5  ]
Velocity : [1.39203464 4.87777701]

Particle 5
Position : [ 6.625 51.5  ]
Velocity : [ 2.22092115 25.04012358]

Particle 6
Position : [  2.125 241.5  ]
Velocity : [-3.12568607 11.51393555]

Particle 7
Position : [  2.6875 122.75  ]
Velocity : [  2.79287672 -32.16317141]

Particle 8
Position : [  7.1875 312.75  ]
Velocity : [ -1.64568221 -24.90007714]

Particle 9
Position : [ 9.4375 27.75  ]
Velocity : [ -1.82390076 -29.01939784]


***** Particle generation 0 ******

Particle 0
New position : [  5.38289867 168.01394789]
New position (int) : [  5. 168.]
New velocity : [ -0.11710133 -25.98605211]
Objective function value : 0.24510871171951298

Particle 1
New position : [  9.36206839 104.23193477]
New position (int) : [  9. 104.]
New velocity : [1.61206839 5.23193477]
Objective function value : 0.26576086282730105

Particle 2
New position : [  4.08783815 257.        ]
New position (int) : [  4. 257.]
New velocity : [  0.83783815 -32.        ]
Objective function value : 0.298369562625885

Particle 3
New position : [  7.34225094 118.55492481]
New position (int) : [  7. 119.]
New velocity : [  2.96725094 -27.94507519]
Objective function value : 0.239130437374115

Particle 4
New position : [  9.57273269 334.70535672]
New position (int) : [ 10. 335.]
New velocity : [ 0.69773269 -1.79464328]
Objective function value : 0.24782607555389402

Particle 5
New position : [ 8.37191821 57.722481  ]
New position (int) : [ 8. 58.]
New velocity : [1.74691821 6.222481  ]
Objective function value : 0.24456521272659304

Particle 6
New position : [  3.48524703 209.5       ]
New position (int) : [  3. 210.]
New velocity : [  1.36024703 -32.        ]
Objective function value : 0.251086950302124

Particle 7
New position : [  4.49921306 100.43518216]
New position (int) : [  4. 100.]
New velocity : [  1.81171306 -22.31481784]
Objective function value : 0.24347826242446902

Particle 8
New position : [  6.9005243 280.75     ]
New position (int) : [  7. 281.]
New velocity : [ -0.2869757 -32.       ]
Objective function value : 0.26521738767623904

Particle 9
New position : [ 8.45605209 13.28001396]
New position (int) : [ 8. 13.]
New velocity : [ -0.98144791 -14.46998604]
Objective function value : 0.256521737575531
End of generation
Best position : [ 9. 28.]
Best objective function value : 0.23913042545318608


***** Particle generation 1 ******

Particle 0
New position : [  6.733917   136.01394789]
New position (int) : [  7. 136.]
New velocity : [  1.35101833 -32.        ]
Objective function value : 0.26956521272659306

Particle 1
New position : [  9.06335536 107.99705544]
New position (int) : [  9. 108.]
New velocity : [-1.57457625  3.76512067]
Objective function value : 0.266847836971283

Particle 2
New position : [  6.83318093 225.        ]
New position (int) : [  7. 225.]
New velocity : [  2.74534278 -32.        ]
Objective function value : 0.24891303777694707

Particle 3
New position : [ 9.65774906 86.55492481]
New position (int) : [10. 87.]
New velocity : [ -3. -32.]
Objective function value : 0.24728261232376103

Particle 4
New position : [  9.91294613 302.70535672]
New position (int) : [ 10. 303.]
New velocity : [ -0.51432118 -32.        ]
Objective function value : 0.263586950302124

Particle 5
New position : [ 9.73313138 53.3328774 ]
New position (int) : [10. 53.]
New velocity : [-1.89495041 -4.3896036 ]
Objective function value : 0.26902174949645996

Particle 6
New position : [  6.48524703 177.5       ]
New position (int) : [  6. 178.]
New velocity : [  3. -32.]
Objective function value : 0.259239137172699

Particle 7
New position : [ 6.19864696 77.71361549]
New position (int) : [ 6. 78.]
New velocity : [  1.6994339  -22.72156667]
Objective function value : 0.25597825050354006

Particle 8
New position : [  7.73945336 248.75      ]
New position (int) : [  8. 249.]
New velocity : [  0.83892905 -32.        ]
Objective function value : 0.27282608747482295

Particle 9
New position : [8.01173432 9.78949068]
New position (int) : [ 8. 10.]
New velocity : [-0.44431777 -3.49052327]
Objective function value : 0.273913037776947
End of generation
Best position : [ 9. 28.]
Best objective function value : 0.23913042545318608


***** Particle generation 2 ******

Particle 0
New position : [  8.29085039 104.01394789]
New position (int) : [  8. 104.]
New velocity : [  1.5569334 -32.       ]
Objective function value : 0.24456521272659304

Particle 1
New position : [ 8.20352969 97.24907522]
New position (int) : [ 8. 97.]
New velocity : [ -0.85982568 -10.74798022]
Objective function value : 0.239130437374115

Particle 2
New position : [  7.97766612 193.        ]
New position (int) : [  8. 193.]
New velocity : [  1.14448519 -32.        ]
Objective function value : 0.280434787273407

Particle 3
New position : [ 6.65774906 54.55492481]
New position (int) : [ 7. 55.]
New velocity : [ -3. -32.]
Objective function value : 0.26956521272659306

Particle 4
New position : [  9.17175217 270.70535672]
New position (int) : [  9. 271.]
New velocity : [ -0.74119396 -32.        ]
Objective function value : 0.263586950302124

Particle 5
New position : [ 7.25848906 39.92516473]
New position (int) : [ 7. 40.]
New velocity : [ -2.47464232 -13.40771267]
Objective function value : 0.25597826242446897

Particle 6
New position : [  9.31685117 145.5       ]
New position (int) : [  9. 146.]
New velocity : [  2.83160414 -32.        ]
Objective function value : 0.26249999999999996

Particle 7
New position : [ 7.21518906 59.66793121]
New position (int) : [ 7. 60.]
New velocity : [  1.01654209 -18.04568428]
Objective function value : 0.24782607555389402

Particle 8
New position : [  8.06830893 236.3494792 ]
New position (int) : [  8. 236.]
New velocity : [  0.32885557 -12.4005208 ]
Objective function value : 0.274456512928009

Particle 9
New position : [7.86873225 9.08569842]
New position (int) : [8. 9.]
New velocity : [-0.14300207 -0.70379226]
Objective function value : 0.25869565010070805
End of generation
Best position : [ 9. 28.]
Best objective function value : 0.23913042545318608


***** Particle generation 3 ******

Particle 0
New position : [ 9.02492783 79.05272009]
New position (int) : [ 9. 79.]
New velocity : [  0.73407744 -24.9612278 ]
Objective function value : 0.24673913717269902

Particle 1
New position : [ 7.78181197 82.4795625 ]
New position (int) : [ 8. 82.]
New velocity : [ -0.42171772 -14.76951273]
Objective function value : 0.24836956262588505

Particle 2
New position : [  8.34100855 161.        ]
New position (int) : [  8. 161.]
New velocity : [  0.36334243 -32.        ]
Objective function value : 0.25326087474823

Particle 3
New position : [ 5.35925347 67.81498347]
New position (int) : [ 5. 68.]
New velocity : [-1.29849559 13.26005866]
Objective function value : 0.24184783697128298

Particle 4
New position : [  8.86886206 238.70535672]
New position (int) : [  9. 239.]
New velocity : [ -0.30289011 -32.        ]
Objective function value : 0.263586962223053

Particle 5
New position : [ 6.81377979 36.8375291 ]
New position (int) : [ 7. 37.]
New velocity : [-0.44470927 -3.08763563]
Objective function value : 0.255978274345398

Particle 6
New position : [  7.70448328 145.79694305]
New position (int) : [  8. 146.]
New velocity : [-1.61236789  0.29694305]
Objective function value : 0.24184783697128298

Particle 7
New position : [ 7.83255943 47.74263698]
New position (int) : [ 8. 48.]
New velocity : [  0.61737038 -11.92529423]
Objective function value : 0.25434783697128294

Particle 8
New position : [  8.33274696 204.3494792 ]
New position (int) : [  8. 204.]
New velocity : [  0.26443803 -32.        ]
Objective function value : 0.25434783697128294

Particle 9
New position : [ 8.64421751 19.84427496]
New position (int) : [ 9. 20.]
New velocity : [ 0.77548526 10.75857654]
Objective function value : 0.29021737575531004
End of generation
Best position : [ 9. 28.]
Best objective function value : 0.23913042545318608


***** Particle generation 4 ******

Particle 0
New position : [ 9.43498562 47.05272009]
New position (int) : [ 9. 47.]
New velocity : [  0.41005779 -32.        ]
Objective function value : 0.271195650100708

Particle 1
New position : [ 7.67438969 62.74352939]
New position (int) : [ 8. 63.]
New velocity : [ -0.10742228 -19.7360331 ]
Objective function value : 0.2597826004028321

Particle 2
New position : [  6.57720914 136.58900657]
New position (int) : [  7. 137.]
New velocity : [ -1.76379941 -24.41099343]
Objective function value : 0.24293477535247798

Particle 3
New position : [ 5.34708708 72.26254429]
New position (int) : [ 5. 72.]
New velocity : [-0.01216638  4.44756082]
Objective function value : 0.24293477535247798

Particle 4
New position : [  9.0499     243.54606185]
New position (int) : [  9. 244.]
New velocity : [0.18103794 4.84070513]
Objective function value : 0.24293477535247798

Particle 5
New position : [ 7.28024475 42.7205018 ]
New position (int) : [ 7. 43.]
New velocity : [0.46646496 5.8829727 ]
Objective function value : 0.28315217494964595

Particle 6
New position : [  7.55103036 113.79694305]
New position (int) : [  8. 114.]
New velocity : [ -0.15345292 -32.        ]
Objective function value : 0.257065212726593

Particle 7
New position : [ 7.61837923 48.56862472]
New position (int) : [ 8. 49.]
New velocity : [-0.2141802   0.82598774]
Objective function value : 0.257065212726593

Particle 8
New position : [  8.37971588 184.74753134]
New position (int) : [  8. 185.]
New velocity : [  0.04696892 -19.60194786]
Objective function value : 0.264130425453186

Particle 9
New position : [ 9.36482702 29.69142528]
New position (int) : [ 9. 30.]
New velocity : [0.72060952 9.84715032]
Objective function value : 0.25815217494964604
End of generation
Best position : [ 9. 28.]
Best objective function value : 0.23913042545318608


***** Particle generation 5 ******

Particle 0
New position : [ 9.27496855 36.32597749]
New position (int) : [ 9. 36.]
New velocity : [ -0.16001707 -10.7267426 ]
Objective function value : 0.25543478727340696

Particle 1
New position : [ 7.83103638 53.88779241]
New position (int) : [ 8. 54.]
New velocity : [ 0.15664669 -8.85573698]
Objective function value : 0.24836955070495603

Particle 2
New position : [  6.92145811 104.58900657]
New position (int) : [  7. 105.]
New velocity : [  0.34424897 -32.        ]
Objective function value : 0.24565217494964597

Particle 3
New position : [ 6.12610394 82.62076541]
New position (int) : [ 6. 83.]
New velocity : [ 0.77901686 10.35822112]
Objective function value : 0.25652174949646

Particle 4
New position : [  9.12166166 222.49854644]
New position (int) : [  9. 222.]
New velocity : [  0.07176166 -21.04751541]
Objective function value : 0.254347813129425

Particle 5
New position : [ 7.67781459 45.60656486]
New position (int) : [ 8. 46.]
New velocity : [0.39756984 2.88606306]
Objective function value : 0.25597825050354006

Particle 6
New position : [ 7.53496326 87.46444523]
New position (int) : [ 8. 87.]
New velocity : [-1.60670974e-02 -2.63324978e+01]
Objective function value : 0.24130434989929195

Particle 7
New position : [ 6.64020288 61.17770718]
New position (int) : [ 7. 61.]
New velocity : [-0.97817634 12.60908247]
Objective function value : 0.263043487071991

Particle 8
New position : [  8.33436398 155.32974312]
New position (int) : [  8. 155.]
New velocity : [ -0.0453519  -29.41778822]
Objective function value : 0.23695653676986694

Particle 9
New position : [ 9.64867609 33.81192067]
New position (int) : [10. 34.]
New velocity : [0.28384906 4.12049539]
Objective function value : 0.253260862827301
End of generation
Best position : [  8. 155.]
Best objective function value : 0.23695653676986694


***** Particle generation 6 ******

Particle 0
New position : [ 8.87704693 48.59460592]
New position (int) : [ 9. 49.]
New velocity : [-0.39792162 12.26862843]
Objective function value : 0.23532607555389407

Particle 1
New position : [ 7.93614464 62.76426356]
New position (int) : [ 8. 63.]
New velocity : [0.10510826 8.87647115]
Objective function value : 0.23043477535247803

Particle 2
New position : [  7.62937787 107.05045452]
New position (int) : [  8. 107.]
New velocity : [0.70791976 2.46144796]
Objective function value : 0.26847826242446904

Particle 3
New position : [ 6.73411255 96.76068585]
New position (int) : [ 7. 97.]
New velocity : [ 0.60800861 14.13992045]
Objective function value : 0.25597826242446897

Particle 4
New position : [  8.86918089 198.26730371]
New position (int) : [  9. 198.]
New velocity : [ -0.25248077 -24.23124273]
Objective function value : 0.260326087474823

Particle 5
New position : [ 7.96010584 53.72637652]
New position (int) : [ 8. 54.]
New velocity : [0.28229125 8.11981166]
Objective function value : 0.24945651292800908

Particle 6
New position : [ 7.81273445 90.72539288]
New position (int) : [ 8. 91.]
New velocity : [0.27777118 3.26094766]
Objective function value : 0.25869566202163696

Particle 7
New position : [ 6.47115558 93.17770718]
New position (int) : [ 6. 93.]
New velocity : [-0.1690473 32.       ]
Objective function value : 0.25923912525177006

Particle 8
New position : [  8.15956824 140.47083142]
New position (int) : [  8. 140.]
New velocity : [ -0.17479574 -14.85891169]
Objective function value : 0.25163043737411495

Particle 9
New position : [ 9.70240706 34.17166576]
New position (int) : [10. 34.]
New velocity : [0.05373097 0.35974509]
Objective function value : 0.26793479919433594
End of generation
Best position : [ 8. 63.]
Best objective function value : 0.23043477535247803


***** Particle generation 7 ******

Particle 0
New position : [ 8.31125352 60.9454129 ]
New position (int) : [ 8. 61.]
New velocity : [-0.56579341 12.35080698]
Objective function value : 0.249456524848938

Particle 1
New position : [ 8.03450478 67.37160235]
New position (int) : [ 8. 67.]
New velocity : [0.09836014 4.60733879]
Objective function value : 0.273913037776947

Particle 2
New position : [  7.874448   102.92040669]
New position (int) : [  8. 103.]
New velocity : [ 0.24507013 -4.13004783]
Objective function value : 0.245652186870575

Particle 3
New position : [ 7.61012408 90.64026377]
New position (int) : [ 8. 91.]
New velocity : [ 0.87601153 -6.12042209]
Objective function value : 0.24836956262588505

Particle 4
New position : [  8.56862748 166.64784499]
New position (int) : [  9. 167.]
New velocity : [ -0.30055341 -31.61945872]
Objective function value : 0.24673914909362793

Particle 5
New position : [ 8.11814536 59.92941434]
New position (int) : [ 8. 60.]
New velocity : [0.15803952 6.20303782]
Objective function value : 0.25815218687057495

Particle 6
New position : [ 8.17623541 79.14382102]
New position (int) : [ 8. 79.]
New velocity : [  0.36350096 -11.58157186]
Objective function value : 0.271195650100708

Particle 7
New position : [  6.02781869 108.28688852]
New position (int) : [  6. 108.]
New velocity : [-0.44333689 15.10918134]
Objective function value : 0.23315217494964602

Particle 8
New position : [  7.94388669 108.47083142]
New position (int) : [  8. 108.]
New velocity : [ -0.21568155 -32.        ]
Objective function value : 0.249456524848938

Particle 9
New position : [ 9.54219277 33.8754825 ]
New position (int) : [10. 34.]
New velocity : [-0.16021429 -0.29618326]
Objective function value : 0.24565216302871706
End of generation
Best position : [ 8. 63.]
Best objective function value : 0.23043477535247803


***** Particle generation 8 ******

Particle 0
New position : [ 7.91799004 69.73920903]
New position (int) : [ 8. 70.]
New velocity : [-0.39326349  8.79379612]
Objective function value : 0.25923912525177006

Particle 1
New position : [ 8.10182154 68.89688822]
New position (int) : [ 8. 69.]
New velocity : [0.06731675 1.52528587]
Objective function value : 0.242934787273407

Particle 2
New position : [ 7.79467506 94.92881349]
New position (int) : [ 8. 95.]
New velocity : [-0.07977294 -7.9915932 ]
Objective function value : 0.228804349899292

Particle 3
New position : [ 8.15918318 79.17276652]
New position (int) : [ 8. 79.]
New velocity : [  0.54905909 -11.46749725]
Objective function value : 0.24347825050354

Particle 4
New position : [  8.31738963 134.64784499]
New position (int) : [  8. 135.]
New velocity : [ -0.25123786 -32.        ]
Objective function value : 0.260869562625885

Particle 5
New position : [ 8.14814718 64.20797781]
New position (int) : [ 8. 64.]
New velocity : [0.03000182 4.27856347]
Objective function value : 0.26141304969787593

Particle 6
New position : [ 8.30418612 75.1795703 ]
New position (int) : [ 8. 75.]
New velocity : [ 0.12795071 -3.96425072]
Objective function value : 0.25543478727340696

Particle 7
New position : [  5.93599593 112.44429266]
New position (int) : [  6. 112.]
New velocity : [-0.09182277  4.15740414]
Objective function value : 0.273913049697876

Particle 8
New position : [ 7.86398103 76.47083142]
New position (int) : [ 8. 76.]
New velocity : [ -0.07990566 -32.        ]
Objective function value : 0.22282608747482302

Particle 9
New position : [ 9.32137054 33.12934255]
New position (int) : [ 9. 33.]
New velocity : [-0.22082223 -0.74613994]
Objective function value : 0.263586950302124
End of generation
Best position : [ 8. 76.]
Best objective function value : 0.22282608747482302


***** Particle generation 9 ******

Particle 0
New position : [ 7.77914418 76.85453735]
New position (int) : [ 8. 77.]
New velocity : [-0.13884585  7.11532833]
Objective function value : 0.22717391252517705

Particle 1
New position : [ 8.08651606 69.10528297]
New position (int) : [ 8. 69.]
New velocity : [-0.01530548  0.20839475]
Objective function value : 0.240217387676239

Particle 2
New position : [ 7.83404722 88.26636258]
New position (int) : [ 8. 88.]
New velocity : [ 0.03937216 -6.66245091]
Objective function value : 0.26630434989929197

Particle 3
New position : [ 8.24784044 75.82155361]
New position (int) : [ 8. 76.]
New velocity : [ 0.08865726 -3.35121291]
Objective function value : 0.274999988079071

Particle 4
New position : [  8.38841385 148.03145133]
New position (int) : [  8. 148.]
New velocity : [ 0.07102422 13.38360634]
Objective function value : 0.27880434989929204

Particle 5
New position : [ 8.10678957 66.4415034 ]
New position (int) : [ 8. 66.]
New velocity : [-0.04135761  2.23352559]
Objective function value : 0.277173924446106

Particle 6
New position : [ 8.20924932 78.02167183]
New position (int) : [ 8. 78.]
New velocity : [-0.09493681  2.84210153]
Objective function value : 0.284782600402832

Particle 7
New position : [ 6.76277436 99.28162359]
New position (int) : [ 7. 99.]
New velocity : [  0.82677843 -13.16266907]
Objective function value : 0.267934787273407

Particle 8
New position : [ 7.8783673  60.28273593]
New position (int) : [ 8. 60.]
New velocity : [ 1.43862701e-02 -1.61880955e+01]
Objective function value : 0.263586962223053

Particle 9
New position : [ 9.14080248 34.65087443]
New position (int) : [ 9. 35.]
New velocity : [-0.18056806  1.52153188]
Objective function value : 0.26195651292800903
End of generation
Best position : [ 8. 76.]
Best objective function value : 0.22282608747482302


***** Optimal configuration found by PSO ******
N. hidden layers : 8.0
N. neurons per layer : 76.0
Accuracy on validation set : 0.777173912525177
Execution time : 00:27:25.31
Accuracy on test set : 0.6796537041664124
