

***** PSO Configuration ******
w : 0.5
c1 : 0.5
c2 : 0.5
swarm_size : 10
num_generations : 10
min_init_velocity : [1, 4]
max_init_velocity : [3, 32]
max_velocity : [3, 32]
bounds : [(1, 10), (4, 384)]


***** Particles initialization *****

Particle 0
Position : [  5.5 194. ]
Velocity : [ 3.20324235 15.53867606]

Particle 1
Position : [ 7.75 99.  ]
Velocity : [3.56115642 7.52871394]

Particle 2
Position : [  3.25 289.  ]
Velocity : [ 3.90483364 17.19940219]

Particle 3
Position : [  4.375 146.5  ]
Velocity : [ 1.02141532 20.40211666]

Particle 4
Position : [  8.875 336.5  ]
Velocity : [ 3.43621075 -5.16901441]

Particle 5
Position : [ 6.625 51.5  ]
Velocity : [-1.07520911 18.70508817]

Particle 6
Position : [  2.125 241.5  ]
Velocity : [-1.65456477 26.84581839]

Particle 7
Position : [  2.6875 122.75  ]
Velocity : [  2.64429435 -31.33935022]

Particle 8
Position : [  7.1875 312.75  ]
Velocity : [ 3.89994032 15.84341959]

Particle 9
Position : [ 9.4375 27.75  ]
Velocity : [  3.13428465 -11.87716769]


***** Particle generation 0 ******

Particle 0
New position : [  7.17296956 201.76933803]
New position (int) : [  7. 202.]
New velocity : [1.67296956 7.76933803]
Objective function value : 0.270108699798584

Particle 1
New position : [  9.1817303  121.70181496]
New position (int) : [  9. 122.]
New velocity : [ 1.4317303  22.70181496]
Objective function value : 0.26521737575531

Particle 2
New position : [  6.0155371 269.5100913]
New position (int) : [  6. 270.]
New velocity : [  2.7655371 -19.4899087]
Objective function value : 0.253260862827301

Particle 3
New position : [  5.33850881 169.93678428]
New position (int) : [  5. 170.]
New velocity : [ 0.96350881 23.43678428]
Objective function value : 0.25489131212234495

Particle 4
New position : [  9.34810809 304.5       ]
New position (int) : [  9. 304.]
New velocity : [  0.47310809 -32.        ]
Objective function value : 0.26576086282730105

Particle 5
New position : [ 5.91862755 83.5       ]
New position (int) : [ 6. 84.]
New velocity : [-0.70637245 32.        ]
Objective function value : 0.24565217494964597

Particle 6
New position : [  2.35454083 241.96830205]
New position (int) : [  2. 242.]
New velocity : [0.22954083 0.46830205]
Objective function value : 0.24510871171951298

Particle 7
New position : [  5.11802557 130.92091691]
New position (int) : [  5. 131.]
New velocity : [2.43052557 8.17091691]
Objective function value : 0.25923912525177006

Particle 8
New position : [  9.03061782 309.98647526]
New position (int) : [  9. 310.]
New velocity : [ 1.84311782 -2.76352474]
Objective function value : 0.249456524848938

Particle 9
New position : [ 9.35828089 39.36370261]
New position (int) : [ 9. 39.]
New velocity : [-1.20421911 11.61370261]
Objective function value : 0.257065212726593
End of generation
Best position : [  6. 194.]
Best objective function value : 0.23043478727340694


***** Particle generation 1 ******

Particle 0
New position : [  8.15087705 205.96694111]
New position (int) : [  8. 206.]
New velocity : [0.97790749 4.19760308]
Objective function value : 0.298369562625885

Particle 1
New position : [  8.59113695 153.70181496]
New position (int) : [  9. 154.]
New velocity : [-0.59059335 32.        ]
Objective function value : 0.24347825050354

Particle 2
New position : [  7.68212682 246.78544612]
New position (int) : [  8. 247.]
New velocity : [  1.66658971 -22.72464517]
Objective function value : 0.25597826242446897

Particle 3
New position : [  6.13030479 190.50381859]
New position (int) : [  6. 191.]
New velocity : [ 0.79179598 20.56703431]
Objective function value : 0.26521738767623904

Particle 4
New position : [  8.88605201 272.5       ]
New position (int) : [  9. 272.]
New velocity : [ -0.46205608 -32.        ]
Objective function value : 0.2597826004028321

Particle 5
New position : [  5.27905155 115.5       ]
New position (int) : [  5. 116.]
New velocity : [-0.639576 32.      ]
Objective function value : 0.253260862827301

Particle 6
New position : [  2.88813744 238.41157911]
New position (int) : [  3. 238.]
New velocity : [ 0.53359661 -3.55672293]
Objective function value : 0.264130437374115

Particle 7
New position : [  7.84401001 162.75607454]
New position (int) : [  8. 163.]
New velocity : [ 2.72598443 31.83515763]
Objective function value : 0.24130434989929195

Particle 8
New position : [  9.56857997 290.49156572]
New position (int) : [ 10. 290.]
New velocity : [ -1.40080221 -19.49490954]
Objective function value : 0.249456524848938

Particle 9
New position : [ 6.38583337 71.36370261]
New position (int) : [ 6. 71.]
New velocity : [-2.97244752 32.        ]
Objective function value : 0.247282600402832
End of generation
Best position : [  6. 194.]
Best objective function value : 0.23043478727340694


***** Particle generation 2 ******

Particle 0
New position : [  7.52961323 202.97461796]
New position (int) : [  8. 203.]
New velocity : [-0.62126381 -2.99232315]
Objective function value : 0.277717387676239

Particle 1
New position : [  7.94648366 175.48024742]
New position (int) : [  8. 175.]
New velocity : [-0.64465328 21.77843246]
Objective function value : 0.24130433797836304

Particle 2
New position : [  6.37639879 233.49153757]
New position (int) : [  6. 233.]
New velocity : [ -1.30572803 -13.29390855]
Objective function value : 0.24836956262588505

Particle 3
New position : [  5.86826006 186.57171391]
New position (int) : [  6. 187.]
New velocity : [-0.26204474 -3.93210469]
Objective function value : 0.263586962223053

Particle 4
New position : [  8.36591342 256.88380362]
New position (int) : [  8. 257.]
New velocity : [ -0.52013859 -15.61619638]
Objective function value : 0.25434783697128294

Particle 5
New position : [  5.03924702 147.5       ]
New position (int) : [  5. 148.]
New velocity : [-0.23980453 32.        ]
Objective function value : 0.24184781312942505

Particle 6
New position : [  4.00552975 225.02002462]
New position (int) : [  4. 225.]
New velocity : [  1.1173923  -13.39155449]
Objective function value : 0.252173924446106

Particle 7
New position : [  9.16012846 180.64470034]
New position (int) : [  9. 181.]
New velocity : [ 1.31611845 17.88862579]
Objective function value : 0.26521739959716795

Particle 8
New position : [  6.76573249 258.49156572]
New position (int) : [  7. 258.]
New velocity : [ -2.80284749 -32.        ]
Objective function value : 0.2597826004028321

Particle 9
New position : [  3.96067071 103.36370261]
New position (int) : [  4. 103.]
New velocity : [-2.42516266 32.        ]
Objective function value : 0.267934787273407
End of generation
Best position : [  6. 194.]
Best objective function value : 0.23043478727340694


***** Particle generation 3 ******

Particle 0
New position : [  6.51844001 197.83675989]
New position (int) : [  7. 198.]
New velocity : [-1.01117322 -5.13785807]
Objective function value : 0.25760869979858403

Particle 1
New position : [  7.1776609  195.34510163]
New position (int) : [  7. 195.]
New velocity : [-0.76882276 19.86485421]
Objective function value : 0.26195651292800903

Particle 2
New position : [  4.57113337 233.25591564]
New position (int) : [  5. 233.]
New velocity : [-1.80526542 -0.23562193]
Objective function value : 0.257065224647522

Particle 3
New position : [  5.31026897 173.69664062]
New position (int) : [  5. 174.]
New velocity : [ -0.55799109 -12.87507329]
Objective function value : 0.260326087474823

Particle 4
New position : [  8.02514968 265.14464007]
New position (int) : [  8. 265.]
New velocity : [-0.34076374  8.26083645]
Objective function value : 0.23641304969787602

Particle 5
New position : [  4.94978492 165.87080278]
New position (int) : [  5. 166.]
New velocity : [-0.0894621  18.37080278]
Objective function value : 0.272826099395752

Particle 6
New position : [  4.68511053 214.18644663]
New position (int) : [  5. 214.]
New velocity : [  0.67958079 -10.83357799]
Objective function value : 0.242934787273407

Particle 7
New position : [  9.51351384 195.33991627]
New position (int) : [ 10. 195.]
New velocity : [ 0.35338539 14.69521594]
Objective function value : 0.24619563817977907

Particle 8
New position : [  6.10581193 243.17530256]
New position (int) : [  6. 243.]
New velocity : [ -0.65992056 -15.31626316]
Objective function value : 0.280434787273407

Particle 9
New position : [  3.51869893 135.36370261]
New position (int) : [  4. 135.]
New velocity : [-0.44197178 32.        ]
Objective function value : 0.2603260755538941
End of generation
Best position : [  6. 194.]
Best objective function value : 0.23043478727340694


***** Particle generation 4 ******

Particle 0
New position : [  5.63716213 193.69658896]
New position (int) : [  6. 194.]
New velocity : [-0.88127788 -4.14017093]
Objective function value : 0.26576086282730105

Particle 1
New position : [  6.30529745 207.08828784]
New position (int) : [  6. 207.]
New velocity : [-0.87236345 11.74318621]
Objective function value : 0.27989131212234497

Particle 2
New position : [  3.69155155 233.8035653 ]
New position (int) : [  4. 234.]
New velocity : [-0.87958182  0.54764966]
Objective function value : 0.24565217494964597

Particle 3
New position : [  4.63761548 155.83466491]
New position (int) : [  5. 156.]
New velocity : [ -0.67265349 -17.86197571]
Objective function value : 0.27608695030212405

Particle 4
New position : [  7.13838919 244.46012607]
New position (int) : [  7. 244.]
New velocity : [ -0.88676049 -20.684514  ]
Objective function value : 0.23804348707199097

Particle 5
New position : [  5.37731438 187.85623642]
New position (int) : [  5. 188.]
New velocity : [ 0.42752946 21.98543364]
Objective function value : 0.27608696222305296

Particle 6
New position : [  5.6215256  199.94052468]
New position (int) : [  6. 200.]
New velocity : [  0.93641507 -14.24592195]
Objective function value : 0.2505434632301331

Particle 7
New position : [  8.07705901 194.62626164]
New position (int) : [  8. 195.]
New velocity : [-1.43645483 -0.71365464]
Objective function value : 0.253804337978363

Particle 8
New position : [  6.40841382 230.6131193 ]
New position (int) : [  6. 231.]
New velocity : [  0.30260189 -12.56218326]
Objective function value : 0.24239130020141597

Particle 9
New position : [  4.54313747 123.37781832]
New position (int) : [  5. 123.]
New velocity : [  1.02443854 -11.98588429]
Objective function value : 0.270108699798584
End of generation
Best position : [  6. 194.]
Best objective function value : 0.23043478727340694


***** Particle generation 5 ******

Particle 0
New position : [  5.24610557 191.70131802]
New position (int) : [  5. 192.]
New velocity : [-0.39105655 -1.99527093]
Objective function value : 0.24347825050354

Particle 1
New position : [  6.30033661 202.10741489]
New position (int) : [  6. 202.]
New velocity : [-4.96083888e-03 -4.98087296e+00]
Objective function value : 0.2695652365684509

Particle 2
New position : [  4.17133141 231.36814419]
New position (int) : [  4. 231.]
New velocity : [ 0.47977986 -2.43542111]
Objective function value : 0.26195652484893794

Particle 3
New position : [  4.37690538 148.0877414 ]
New position (int) : [  4. 148.]
New velocity : [-0.2607101  -7.74692351]
Objective function value : 0.270108699798584

Particle 4
New position : [  6.15992436 213.78197365]
New position (int) : [  6. 214.]
New velocity : [ -0.97846484 -30.67815241]
Objective function value : 0.270108699798584

Particle 5
New position : [  5.72779359 199.20804369]
New position (int) : [  6. 199.]
New velocity : [ 0.35047921 11.35180727]
Objective function value : 0.26847826242446904

Particle 6
New position : [  6.39938427 189.39770461]
New position (int) : [  6. 189.]
New velocity : [  0.77785867 -10.54282007]
Objective function value : 0.25543477535247805

Particle 7
New position : [  7.12572294 183.78718512]
New position (int) : [  7. 184.]
New velocity : [ -0.95133608 -10.83907652]
Objective function value : 0.26847825050354

Particle 8
New position : [  6.35210864 210.86439059]
New position (int) : [  6. 211.]
New velocity : [ -0.05630518 -19.74872871]
Objective function value : 0.264130437374115

Particle 9
New position : [ 5.78087805 97.31814785]
New position (int) : [ 6. 97.]
New velocity : [  1.23774058 -26.05967047]
Objective function value : 0.264673912525177
End of generation
Best position : [  6. 194.]
Best objective function value : 0.23043478727340694


***** Particle generation 6 ******

Particle 0
New position : [  5.24892289 191.77413365]
New position (int) : [  5. 192.]
New velocity : [0.00281732 0.07281562]
Objective function value : 0.254347825050354

Particle 1
New position : [  6.23418374 196.82298428]
New position (int) : [  6. 197.]
New velocity : [-0.06615287 -5.2844306 ]
Objective function value : 0.25163042545318604

Particle 2
New position : [  4.56933195 241.57647778]
New position (int) : [  5. 242.]
New velocity : [ 0.39800054 10.20833359]
Objective function value : 0.23097827434539797

Particle 3
New position : [  4.72326525 157.27122801]
New position (int) : [  5. 157.]
New velocity : [0.34635987 9.18348661]
Objective function value : 0.25869566202163696

Particle 4
New position : [  6.58362323 223.21805611]
New position (int) : [  7. 223.]
New velocity : [0.42369887 9.43608245]
Objective function value : 0.27173912525177

Particle 5
New position : [  5.65059365 183.41442359]
New position (int) : [  6. 183.]
New velocity : [ -0.07719994 -15.7936201 ]
Objective function value : 0.273913037776947

Particle 6
New position : [  6.2924959  192.51610116]
New position (int) : [  6. 193.]
New velocity : [-0.10688837  3.11839655]
Objective function value : 0.2499999880790711

Particle 7
New position : [  6.73668387 171.33516946]
New position (int) : [  7. 171.]
New velocity : [ -0.38903906 -12.45201566]
Objective function value : 0.25489130020141604

Particle 8
New position : [  6.19557521 197.92260844]
New position (int) : [  6. 198.]
New velocity : [ -0.15653343 -12.94178215]
Objective function value : 0.253804349899292

Particle 9
New position : [  6.59243924 117.30174887]
New position (int) : [  7. 117.]
New velocity : [ 0.81156118 19.98360102]
Objective function value : 0.26521738767623904
End of generation
Best position : [  6. 194.]
Best objective function value : 0.23043478727340694


***** Particle generation 7 ******

Particle 0
New position : [  5.55067031 193.00184278]
New position (int) : [  6. 193.]
New velocity : [0.30174742 1.22770913]
Objective function value : 0.273369574546814

Particle 1
New position : [  6.15581642 193.15537638]
New position (int) : [  6. 193.]
New velocity : [-0.07836733 -3.6676079 ]
Objective function value : 0.27500001192092893

Particle 2
New position : [  5.34975696 234.32599102]
New position (int) : [  5. 234.]
New velocity : [ 0.780425   -7.25048677]
Objective function value : 0.26847825050354

Particle 3
New position : [  5.13417951 168.58047565]
New position (int) : [  5. 169.]
New velocity : [ 0.41091426 11.30924764]
Objective function value : 0.279347813129425

Particle 4
New position : [  7.11254436 233.6208404 ]
New position (int) : [  7. 234.]
New velocity : [ 0.52892113 10.40278429]
Objective function value : 0.25869563817977903

Particle 5
New position : [  5.54829152 168.54169307]
New position (int) : [  6. 169.]
New velocity : [ -0.10230213 -14.87273052]
Objective function value : 0.2494565367698669

Particle 6
New position : [  6.10168121 195.7987884 ]
New position (int) : [  6. 196.]
New velocity : [-0.19081468  3.28268724]
Objective function value : 0.26195651292800903

Particle 7
New position : [  6.51059847 167.83717385]
New position (int) : [  7. 168.]
New velocity : [-0.2260854  -3.49799561]
Objective function value : 0.25543477535247805

Particle 8
New position : [  5.96064117 202.78240791]
New position (int) : [  6. 203.]
New velocity : [-0.23493405  4.85979947]
Objective function value : 0.23858695030212407

Particle 9
New position : [  6.74627965 147.65688415]
New position (int) : [  7. 148.]
New velocity : [ 0.15384042 30.35513528]
Objective function value : 0.25108696222305293
End of generation
Best position : [  6. 194.]
Best objective function value : 0.23043478727340694


***** Particle generation 8 ******

Particle 0
New position : [  5.88476474 194.56490751]
New position (int) : [  6. 195.]
New velocity : [0.33409443 1.56306474]
Objective function value : 0.25163042545318604

Particle 1
New position : [  6.150433  190.6890384]
New position (int) : [  6. 191.]
New velocity : [-0.00538342 -2.46633798]
Objective function value : 0.27826087474823

Particle 2
New position : [  6.12492201 212.04184128]
New position (int) : [  6. 212.]
New velocity : [  0.77516505 -22.28414974]
Objective function value : 0.24782608747482304

Particle 3
New position : [  5.59922171 181.87254878]
New position (int) : [  6. 182.]
New velocity : [ 0.4650422  13.29207313]
Objective function value : 0.259239137172699

Particle 4
New position : [  7.27307803 235.02519135]
New position (int) : [  7. 235.]
New velocity : [0.16053367 1.40435096]
Objective function value : 0.24456523656845097

Particle 5
New position : [  5.50855426 163.48967798]
New position (int) : [  6. 163.]
New velocity : [-0.03973726 -5.05201509]
Objective function value : 0.259782612323761

Particle 6
New position : [  5.92985277 198.09920269]
New position (int) : [  6. 198.]
New velocity : [-0.17182844  2.30041429]
Objective function value : 0.261413037776947

Particle 7
New position : [  6.9554494  165.47723908]
New position (int) : [  7. 165.]
New velocity : [ 0.44485092 -2.35993477]
Objective function value : 0.267391300201416

Particle 8
New position : [  5.85745453 204.86310689]
New position (int) : [  6. 205.]
New velocity : [-0.10318664  2.08069897]
Objective function value : 0.266847836971283

Particle 9
New position : [  6.46393426 135.21809152]
New position (int) : [  6. 135.]
New velocity : [ -0.2823454  -12.43879263]
Objective function value : 0.23478260040283205
End of generation
Best position : [  6. 194.]
Best objective function value : 0.23043478727340694


***** Particle generation 9 ******

Particle 0
New position : [  6.04488756 195.22059672]
New position (int) : [  6. 195.]
New velocity : [0.16012282 0.65568921]
Objective function value : 0.24565216302871706

Particle 1
New position : [  6.30759318 188.48702661]
New position (int) : [  6. 188.]
New velocity : [ 0.15716018 -2.20201179]
Objective function value : 0.249456524848938

Particle 2
New position : [  6.06271714 206.23086384]
New position (int) : [  6. 206.]
New velocity : [-0.06220487 -5.81097744]
Objective function value : 0.24456522464752195

Particle 3
New position : [  5.8182012  188.13742669]
New position (int) : [  6. 188.]
New velocity : [0.21897949 6.26487791]
Objective function value : 0.25108697414398196

Particle 4
New position : [  6.94307992 223.98555973]
New position (int) : [  7. 224.]
New velocity : [ -0.32999811 -11.03963162]
Objective function value : 0.242391312122345

Particle 5
New position : [  5.33749158 158.6183414 ]
New position (int) : [  5. 159.]
New velocity : [-0.17106268 -4.87133658]
Objective function value : 0.25869566202163696

Particle 6
New position : [  5.65657366 202.15435862]
New position (int) : [  6. 202.]
New velocity : [-0.27327911  4.05515593]
Objective function value : 0.25923912525177006

Particle 7
New position : [  7.03505323 176.0910011 ]
New position (int) : [  7. 176.]
New velocity : [ 0.07960383 10.61376202]
Objective function value : 0.25489131212234495

Particle 8
New position : [  5.83237469 204.11291452]
New position (int) : [  6. 204.]
New velocity : [-0.02507984 -0.75019236]
Objective function value : 0.27173913717269893

Particle 9
New position : [  5.96856457 154.0230063 ]
New position (int) : [  6. 154.]
New velocity : [-0.49536968 18.80491479]
Objective function value : 0.252173924446106
End of generation
Best position : [  6. 194.]
Best objective function value : 0.23043478727340694


***** Optimal configuration found by PSO ******
N. hidden layers : 6.0
N. neurons per layer : 194.0
Accuracy on validation set : 0.7695652127265931
Execution time : 00:21:40.64
Accuracy on test set : 0.7251082062721252
