

***** PSO Configuration ******
w : 0.5
c1 : 0.5
c2 : 0.5
swarm_size : 10
num_generations : 10
min_init_velocity : [1, 4]
max_init_velocity : [3, 32]
max_velocity : [3, 32]
bounds : [(1, 10), (4, 384)]


***** Particles initialization *****

Particle 0
Position : [  5.5 194. ]
Velocity : [  3.11199366 -19.1062155 ]

Particle 1
Position : [ 7.75 99.  ]
Velocity : [ 3.8205593  -6.59343808]

Particle 2
Position : [  3.25 289.  ]
Velocity : [ 3.63023359 20.14554274]

Particle 3
Position : [  4.375 146.5  ]
Velocity : [ -3.24396785 -22.02158489]

Particle 4
Position : [  8.875 336.5  ]
Velocity : [ 1.83808434 30.93250694]

Particle 5
Position : [ 6.625 51.5  ]
Velocity : [ -3.69258373 -29.00231694]

Particle 6
Position : [  2.125 241.5  ]
Velocity : [-3.04096244 -6.47591336]

Particle 7
Position : [  2.6875 122.75  ]
Velocity : [ -1.41865834 -17.8467339 ]

Particle 8
Position : [  7.1875 312.75  ]
Velocity : [ 1.15497225 -5.90075524]

Particle 9
Position : [ 9.4375 27.75  ]
Velocity : [-2.76359559 17.43634203]


***** Particle generation 0 ******

Particle 0
New position : [  5.75207262 202.32928144]
New position (int) : [  6. 202.]
New velocity : [0.25207262 8.32928144]
Objective function value : 0.25760869979858403

Particle 1
New position : [  8.24914407 130.79760933]
New position (int) : [  8. 131.]
New velocity : [ 0.49914407 31.79760933]
Objective function value : 0.24510868787765505

Particle 2
New position : [  5.02301793 297.48985417]
New position (int) : [  5. 297.]
New velocity : [1.77301793 8.48985417]
Objective function value : 0.28369565010070796

Particle 3
New position : [  2.07764848 162.6460939 ]
New position (int) : [  2. 163.]
New velocity : [-2.29735152 16.1460939 ]
Objective function value : 0.25326087474823

Particle 4
New position : [  8.78416539 338.08503819]
New position (int) : [  9. 338.]
New velocity : [-0.09083461  1.58503819]
Objective function value : 0.27989131212234497

Particle 5
New position : [ 4.08192366 65.69882894]
New position (int) : [ 4. 66.]
New velocity : [-2.54307634 14.19882894]
Objective function value : 0.25597826242446897

Particle 6
New position : [  1.42969981 238.39891768]
New position (int) : [  1. 238.]
New velocity : [ 1.55469981 -3.10108232]
Objective function value : 0.27554348707199094

Particle 7
New position : [  1.63730678 154.75      ]
New position (int) : [  2. 155.]
New velocity : [-1.05019322 32.        ]
Objective function value : 0.2184782743453979

Particle 8
New position : [  5.9629512  285.22247131]
New position (int) : [  6. 285.]
New velocity : [ -1.2245488  -27.52752869]
Objective function value : 0.264130425453186

Particle 9
New position : [ 6.4375 59.75  ]
New position (int) : [ 6. 60.]
New velocity : [-3. 32.]
Objective function value : 0.24673912525177
End of generation
Best position : [  2. 155.]
Best objective function value : 0.2184782743453979


***** Particle generation 1 ******

Particle 0
New position : [  5.10642613 199.09075621]
New position (int) : [  5. 199.]
New velocity : [-0.64564649 -3.23852523]
Objective function value : 0.23750000000000004

Particle 1
New position : [  8.51103714 162.15470077]
New position (int) : [  9. 162.]
New velocity : [ 0.26189307 31.35709144]
Objective function value : 0.25489131212234495

Particle 2
New position : [  5.55408653 265.48985417]
New position (int) : [  6. 265.]
New velocity : [  0.5310686 -32.       ]
Objective function value : 0.26467392444610593

Particle 3
New position : [  2.26277251 175.53181676]
New position (int) : [  2. 176.]
New velocity : [ 2.34042099 12.88572286]
Objective function value : 0.25815217494964604

Particle 4
New position : [  6.89402218 306.08503819]
New position (int) : [  7. 306.]
New velocity : [ -1.89014321 -32.        ]
Objective function value : 0.253804349899292

Particle 5
New position : [ 1.74450603 97.69882894]
New position (int) : [ 2. 98.]
New velocity : [-2.33741763 32.        ]
Objective function value : 0.257065212726593

Particle 6
New position : [  3.17470041 234.92131485]
New position (int) : [  3. 235.]
New velocity : [ 1.7450006  -3.47760283]
Objective function value : 0.29619566202163694

Particle 7
New position : [  1.18719479 186.75      ]
New position (int) : [  1. 187.]
New velocity : [ 0.82450156 32.        ]
Objective function value : 0.28586957454681394

Particle 8
New position : [  4.4471274  253.22247131]
New position (int) : [  4. 253.]
New velocity : [ -1.51582379 -32.        ]
Objective function value : 0.260869562625885

Particle 9
New position : [ 3.4375 91.75  ]
New position (int) : [ 3. 92.]
New velocity : [-3. 32.]
Objective function value : 0.23315217494964602
End of generation
Best position : [  2. 155.]
Best objective function value : 0.2184782743453979


***** Particle generation 2 ******

Particle 0
New position : [  3.98591133 186.61446353]
New position (int) : [  4. 187.]
New velocity : [ -1.1205148  -12.47629267]
Objective function value : 0.25

Particle 1
New position : [  8.10859195 166.064563  ]
New position (int) : [  8. 166.]
New velocity : [-0.40244519  3.90986223]
Objective function value : 0.24239130020141597

Particle 2
New position : [  4.22949852 233.48985417]
New position (int) : [  4. 233.]
New velocity : [ -1.32458801 -32.        ]
Objective function value : 0.249456524848938

Particle 3
New position : [  4.1891032  182.88758017]
New position (int) : [  4. 183.]
New velocity : [1.92633069 7.35576341]
Objective function value : 0.27608695030212405

Particle 4
New position : [  5.12397976 274.08503819]
New position (int) : [  5. 274.]
New velocity : [ -1.77004243 -32.        ]
Objective function value : 0.26141304969787593

Particle 5
New position : [  1.38110155 112.33835075]
New position (int) : [  1. 112.]
New velocity : [-0.36340448 14.63952181]
Objective function value : 0.2701086878776551

Particle 6
New position : [  3.31638083 211.93715839]
New position (int) : [  3. 212.]
New velocity : [  0.14168042 -22.98415646]
Objective function value : 0.260326087474823

Particle 7
New position : [  2.2410709  198.35197883]
New position (int) : [  2. 198.]
New velocity : [ 1.05387611 11.60197883]
Objective function value : 0.25543477535247805

Particle 8
New position : [  2.53363742 221.22247131]
New position (int) : [  3. 221.]
New velocity : [ -1.91348998 -32.        ]
Objective function value : 0.24347826242446902

Particle 9
New position : [  1.56032375 123.75      ]
New position (int) : [  2. 124.]
New velocity : [ 2.99782375 32.        ]
Objective function value : 0.25326087474823
End of generation
Best position : [  2. 155.]
Best objective function value : 0.2184782743453979


***** Particle generation 3 ******

Particle 0
New position : [  2.68890366 169.18509416]
New position (int) : [  3. 169.]
New velocity : [ -1.29700768 -17.42936937]
Objective function value : 0.24130433797836304

Particle 1
New position : [  7.31970614 136.88626265]
New position (int) : [  7. 137.]
New velocity : [ -0.78888581 -29.17830035]
Objective function value : 0.264130437374115

Particle 2
New position : [  2.59251892 201.48985417]
New position (int) : [  3. 201.]
New velocity : [ -1.6369796 -32.       ]
Objective function value : 0.27554347515106203

Particle 3
New position : [  4.43282778 178.28785545]
New position (int) : [  4. 178.]
New velocity : [ 0.24372458 -4.59972472]
Objective function value : 0.261413037776947

Particle 4
New position : [  3.40296898 242.08503819]
New position (int) : [  3. 242.]
New velocity : [ -1.72101078 -32.        ]
Objective function value : 0.249456524848938

Particle 5
New position : [  1.68567453 121.30155692]
New position (int) : [  2. 121.]
New velocity : [0.30457298 8.96320617]
Objective function value : 0.25543478727340696

Particle 6
New position : [  2.77760049 179.93715839]
New position (int) : [  3. 180.]
New velocity : [ -0.53878034 -32.        ]
Objective function value : 0.274999988079071

Particle 7
New position : [  2.63435091 180.11713109]
New position (int) : [  3. 180.]
New velocity : [  0.39328001 -18.23484774]
Objective function value : 0.25489132404327397

Particle 8
New position : [  1.06962469 189.22247131]
New position (int) : [  1. 189.]
New velocity : [  1.60326211 -32.        ]
Objective function value : 0.25923912525177006

Particle 9
New position : [  4.23153104 155.60613405]
New position (int) : [  4. 156.]
New velocity : [ 2.6712073  31.85613405]
Objective function value : 0.249456524848938
End of generation
Best position : [  2. 155.]
Best objective function value : 0.2184782743453979


***** Particle generation 4 ******

Particle 0
New position : [  2.54245173 164.95435533]
New position (int) : [  3. 165.]
New velocity : [-0.14645193 -4.23073884]
Objective function value : 0.2423913240432739

Particle 1
New position : [  4.54442932 118.40242932]
New position (int) : [  5. 118.]
New velocity : [ -2.77527682 -18.48383333]
Objective function value : 0.254347825050354

Particle 2
New position : [  1.24406945 169.48985417]
New position (int) : [  1. 169.]
New velocity : [ -1.34844947 -32.        ]
Objective function value : 0.26847826242446904

Particle 3
New position : [  2.93164601 164.26068456]
New position (int) : [  3. 164.]
New velocity : [ -1.50118177 -14.02717089]
Objective function value : 0.25163043737411495

Particle 4
New position : [  2.3559434  215.58425544]
New position (int) : [  2. 216.]
New velocity : [ -1.04702558 -26.50078275]
Objective function value : 0.26195653676986697

Particle 5
New position : [  1.93529858 133.1191699 ]
New position (int) : [  2. 133.]
New velocity : [ 0.24962405 11.81761298]
Objective function value : 0.25434783697128294

Particle 6
New position : [  2.03556803 167.69767834]
New position (int) : [  2. 168.]
New velocity : [ -0.74203246 -12.23948004]
Objective function value : 0.24402174949645994

Particle 7
New position : [  2.38167767 153.20914444]
New position (int) : [  2. 153.]
New velocity : [ -0.25267324 -26.90798665]
Objective function value : 0.24565216302871706

Particle 8
New position : [  3.34808849 171.64584079]
New position (int) : [  3. 172.]
New velocity : [  2.27846379 -17.57663053]
Objective function value : 0.228804349899292

Particle 9
New position : [  4.37243863 165.54312881]
New position (int) : [  4. 166.]
New velocity : [0.14090758 9.93699476]
Objective function value : 0.23804348707199097
End of generation
Best position : [  2. 155.]
Best objective function value : 0.2184782743453979


***** Particle generation 5 ******

Particle 0
New position : [  3.26122266 173.03092752]
New position (int) : [  3. 173.]
New velocity : [0.71877094 8.0765722 ]
Objective function value : 0.256521737575531

Particle 1
New position : [  2.62957757 122.94214446]
New position (int) : [  3. 123.]
New velocity : [-1.91485175  4.53971514]
Objective function value : 0.267391300201416

Particle 2
New position : [  2.17831117 176.81088505]
New position (int) : [  2. 177.]
New velocity : [0.93424172 7.32103088]
Objective function value : 0.22282609939575193

Particle 3
New position : [  1.77479598 153.0313349 ]
New position (int) : [  2. 153.]
New velocity : [ -1.15685003 -11.22934966]
Objective function value : 0.235869562625885

Particle 4
New position : [  1.41003784 183.58425544]
New position (int) : [  1. 184.]
New velocity : [ -0.94590556 -32.        ]
Objective function value : 0.275543463230133

Particle 5
New position : [  2.09909396 148.31358628]
New position (int) : [  2. 148.]
New velocity : [ 0.16379538 15.19441638]
Objective function value : 0.23369565010070803

Particle 6
New position : [  1.68804303 181.49345794]
New position (int) : [  2. 181.]
New velocity : [-0.347525  13.7957796]
Objective function value : 0.23152173757553096

Particle 7
New position : [  1.9847193  141.02492535]
New position (int) : [  2. 141.]
New velocity : [ -0.39695837 -12.18421909]
Objective function value : 0.27010867595672605

Particle 8
New position : [  3.77208978 154.67107651]
New position (int) : [  4. 155.]
New velocity : [  0.42400129 -16.97476428]
Objective function value : 0.23315217494964602

Particle 9
New position : [  3.93539788 146.14580892]
New position (int) : [  4. 146.]
New velocity : [ -0.43704075 -19.39731988]
Objective function value : 0.263043487071991
End of generation
Best position : [  2. 155.]
Best objective function value : 0.2184782743453979


***** Particle generation 6 ******

Particle 0
New position : [  3.63708827 177.48886209]
New position (int) : [  4. 177.]
New velocity : [0.37586561 4.45793457]
Objective function value : 0.24402173757553103

Particle 1
New position : [  2.77794175 130.78368833]
New position (int) : [  3. 131.]
New velocity : [0.14836418 7.84154387]
Objective function value : 0.24510869979858396

Particle 2
New position : [  2.54507108 175.70194233]
New position (int) : [  3. 176.]
New velocity : [ 0.36675991 -1.10894272]
Objective function value : 0.257065212726593

Particle 3
New position : [  1.10495133 143.42683815]
New position (int) : [  1. 143.]
New velocity : [ 0.87974731 -9.60449675]
Objective function value : 0.24619565010070799

Particle 4
New position : [  1.32938297 169.18116061]
New position (int) : [  1. 169.]
New velocity : [ -0.08065486 -14.40309483]
Objective function value : 0.273913037776947

Particle 5
New position : [  2.24144773 163.0510234 ]
New position (int) : [  2. 163.]
New velocity : [ 0.14235377 14.73743712]
Objective function value : 0.222826075553894

Particle 6
New position : [  1.61254371 200.08006533]
New position (int) : [  2. 200.]
New velocity : [-0.07549932 18.58660739]
Objective function value : 0.22173911333084106

Particle 7
New position : [  1.76504306 143.65772578]
New position (int) : [  2. 144.]
New velocity : [-0.21967623  2.63280044]
Objective function value : 0.24782608747482304

Particle 8
New position : [  3.17194621 147.28031297]
New position (int) : [  3. 147.]
New velocity : [-0.60014357 -7.39076354]
Objective function value : 0.2597826004028321

Particle 9
New position : [  3.3814311  127.63129656]
New position (int) : [  3. 128.]
New velocity : [ -0.55396678 -18.51451237]
Objective function value : 0.24673913717269902
End of generation
Best position : [  2. 155.]
Best objective function value : 0.2184782743453979


***** Particle generation 7 ******

Particle 0
New position : [  3.80029521 180.7524837 ]
New position (int) : [  4. 181.]
New velocity : [0.16320694 3.26362161]
Objective function value : 0.2608695745468139

Particle 1
New position : [  2.88434999 138.89368958]
New position (int) : [  3. 139.]
New velocity : [0.10640824 8.11000126]
Objective function value : 0.271195650100708

Particle 2
New position : [  2.77705551 173.53529858]
New position (int) : [  3. 174.]
New velocity : [ 0.23198443 -2.16664376]
Objective function value : 0.256521737575531

Particle 3
New position : [  2.48678272 141.49545392]
New position (int) : [  2. 141.]
New velocity : [ 1.3818314  -1.93138423]
Objective function value : 0.23750001192092896

Particle 4
New position : [  1.89315745 182.29310462]
New position (int) : [  2. 182.]
New velocity : [ 0.56377448 13.11194401]
Objective function value : 0.24565217494964597

Particle 5
New position : [  2.23178206 173.0014785 ]
New position (int) : [  2. 173.]
New velocity : [-9.66566088e-03  9.95045510e+00]
Objective function value : 0.25

Particle 6
New position : [  1.81246634 195.55756675]
New position (int) : [  2. 196.]
New velocity : [ 0.19992262 -4.52249858]
Objective function value : 0.23858695030212407

Particle 7
New position : [  1.714193   147.82171154]
New position (int) : [  2. 148.]
New velocity : [-0.05085007  4.16398576]
Objective function value : 0.240217387676239

Particle 8
New position : [  2.68739143 149.84742864]
New position (int) : [  3. 150.]
New velocity : [-0.48455478  2.56711567]
Objective function value : 0.22989131212234493

Particle 9
New position : [  2.35910141 124.85030126]
New position (int) : [  2. 125.]
New velocity : [-1.0223297 -2.7809953]
Objective function value : 0.253260862827301
End of generation
Best position : [  2. 155.]
Best objective function value : 0.2184782743453979


***** Particle generation 8 ******

Particle 0
New position : [  3.98621775 184.13532911]
New position (int) : [  4. 184.]
New velocity : [0.18592254 3.3828454 ]
Objective function value : 0.233695638179779

Particle 1
New position : [  4.5457331  132.25240206]
New position (int) : [  5. 132.]
New velocity : [ 1.66138311 -6.64128752]
Objective function value : 0.24836956262588505

Particle 2
New position : [  2.501034   169.18379172]
New position (int) : [  3. 169.]
New velocity : [-0.27602151 -4.35150685]
Objective function value : 0.25760869979858403

Particle 3
New position : [  2.85907632 148.70856886]
New position (int) : [  3. 149.]
New velocity : [0.3722936  7.21311494]
Objective function value : 0.245652186870575

Particle 4
New position : [  2.20247969 186.41498209]
New position (int) : [  2. 186.]
New velocity : [0.30932224 4.12187747]
Objective function value : 0.240217387676239

Particle 5
New position : [  2.05682354 171.02414221]
New position (int) : [  2. 171.]
New velocity : [-0.17495853 -1.97733629]
Objective function value : 0.24456522464752195

Particle 6
New position : [  2.08588679 180.04228092]
New position (int) : [  2. 180.]
New velocity : [  0.27342045 -15.51528582]
Objective function value : 0.24510868787765505

Particle 7
New position : [  1.8414185  153.73768605]
New position (int) : [  2. 154.]
New velocity : [0.12722551 5.91597451]
Objective function value : 0.25815217494964604

Particle 8
New position : [  2.28601338 162.32727219]
New position (int) : [  2. 162.]
New velocity : [-0.40137805 12.47984354]
Objective function value : 0.242934787273407

Particle 9
New position : [  1.98085442 118.02468379]
New position (int) : [  2. 118.]
New velocity : [-0.37824699 -6.82561747]
Objective function value : 0.23369565010070803
End of generation
Best position : [  2. 155.]
Best objective function value : 0.2184782743453979


***** Particle generation 9 ******

Particle 0
New position : [  3.31851927 174.54694392]
New position (int) : [  3. 175.]
New velocity : [-0.66769847 -9.58838518]
Objective function value : 0.22445652484893797

Particle 1
New position : [  4.54213542 136.02647812]
New position (int) : [  5. 136.]
New velocity : [-3.59768035e-03  3.77407606e+00]
Objective function value : 0.253260862827301

Particle 2
New position : [  2.04774344 162.34963517]
New position (int) : [  2. 162.]
New velocity : [-0.45329056 -6.83415656]
Objective function value : 0.27336956262588497

Particle 3
New position : [  2.48510783 155.43990472]
New position (int) : [  2. 155.]
New velocity : [-0.37396849  6.73133587]
Objective function value : 0.24782608747482304

Particle 4
New position : [  2.42624368 184.53672952]
New position (int) : [  2. 185.]
New velocity : [ 0.22376398 -1.87825257]
Objective function value : 0.23532608747482298

Particle 5
New position : [  1.94020323 162.22104388]
New position (int) : [  2. 162.]
New velocity : [-0.11662031 -8.80309833]
Objective function value : 0.23750000000000004

Particle 6
New position : [  2.17706786 170.40891704]
New position (int) : [  2. 170.]
New velocity : [ 0.09118107 -9.63336389]
Objective function value : 0.24347826242446902

Particle 7
New position : [  1.92879156 156.88666601]
New position (int) : [  2. 157.]
New velocity : [0.08737305 3.14897996]
Objective function value : 0.259782612323761

Particle 8
New position : [  2.00350643 166.26857157]
New position (int) : [  2. 166.]
New velocity : [-0.28250694  3.94129939]
Objective function value : 0.22336956262588503

Particle 9
New position : [  2.11796623 120.23461229]
New position (int) : [  2. 120.]
New velocity : [0.13711181 2.2099285 ]
Objective function value : 0.255434799194336
End of generation
Best position : [  2. 155.]
Best objective function value : 0.2184782743453979


***** Optimal configuration found by PSO ******
N. hidden layers : 2.0
N. neurons per layer : 155.0
Accuracy on validation set : 0.7815217256546021
Execution time : 00:18:11.81
Accuracy on test set : 0.7164502143859863
