***** Grid Search configuration *****
Grid: [[1, 2, 3, 4, 5, 6, 7, 8, 9, 10], [4, 16, 32, 48, 64, 80, 96, 112, 128, 144, 160, 176, 192, 208, 224, 240, 256, 272, 288, 304, 320, 336, 352, 368, 384]]


Combination 1 out of 250
N. layers : 1
N. neurons : 4
Accuracy on validation set : 0.708695650100708


Combination 2 out of 250
N. layers : 1
N. neurons : 16
Accuracy on validation set : 0.726630437374115


Combination 3 out of 250
N. layers : 1
N. neurons : 32
Accuracy on validation set : 0.73423912525177


Combination 4 out of 250
N. layers : 1
N. neurons : 48
Accuracy on validation set : 0.745108711719513


Combination 5 out of 250
N. layers : 1
N. neurons : 64
Accuracy on validation set : 0.7489130377769471


Combination 6 out of 250
N. layers : 1
N. neurons : 80
Accuracy on validation set : 0.745108699798584


Combination 7 out of 250
N. layers : 1
N. neurons : 96
Accuracy on validation set : 0.730434775352478


Combination 8 out of 250
N. layers : 1
N. neurons : 112
Accuracy on validation set : 0.723913037776947


Combination 9 out of 250
N. layers : 1
N. neurons : 128
***** Grid Search configuration *****
Grid: [[1, 2, 3, 4, 5, 6, 7, 8, 9, 10], [4, 16, 32, 48, 64, 80, 96, 112, 128, 144, 160, 176, 192, 208, 224, 240, 256, 272, 288, 304, 320, 336, 352, 368, 384]]


Combination 1 out of 250
N. layers : 1
N. neurons : 4
***** Grid Search configuration *****
Grid: [[1, 2, 3, 4, 5, 6, 7, 8, 9, 10], [4, 16, 32, 48, 64, 80, 96, 112, 128, 144, 160, 176, 192, 208, 224, 240, 256, 272, 288, 304, 320, 336, 352, 368, 384]]


Combination 1 out of 250
N. layers : 1
N. neurons : 4
Accuracy on validation set : 0.6038043558597564


Combination 2 out of 250
N. layers : 1
N. neurons : 16
Accuracy on validation set : 0.7407608747482299


Combination 3 out of 250
N. layers : 1
N. neurons : 32
Accuracy on validation set : 0.70923912525177


Combination 4 out of 250
N. layers : 1
N. neurons : 48
Accuracy on validation set : 0.744021725654602


Combination 5 out of 250
N. layers : 1
N. neurons : 64
Accuracy on validation set : 0.710869550704956


Combination 6 out of 250
N. layers : 1
N. neurons : 80
Accuracy on validation set : 0.7190217256546021


Combination 7 out of 250
N. layers : 1
N. neurons : 96
Accuracy on validation set : 0.708152174949646


Combination 8 out of 250
N. layers : 1
N. neurons : 112
Accuracy on validation set : 0.7494565367698669


Combination 9 out of 250
N. layers : 1
N. neurons : 128
Accuracy on validation set : 0.735326087474823


Combination 10 out of 250
N. layers : 1
N. neurons : 144
Accuracy on validation set : 0.732608687877655


Combination 11 out of 250
N. layers : 1
N. neurons : 160
Accuracy on validation set : 0.715760862827301


Combination 12 out of 250
N. layers : 1
N. neurons : 176
Accuracy on validation set : 0.7391304254531861


Combination 13 out of 250
N. layers : 1
N. neurons : 192
Accuracy on validation set : 0.707065224647522


Combination 14 out of 250
N. layers : 1
N. neurons : 208
Accuracy on validation set : 0.689673912525177


Combination 15 out of 250
N. layers : 1
N. neurons : 224
Accuracy on validation set : 0.7038043379783631


Combination 16 out of 250
N. layers : 1
N. neurons : 240
Accuracy on validation set : 0.723369550704956


Combination 17 out of 250
N. layers : 1
N. neurons : 256
Accuracy on validation set : 0.7005434632301331


Combination 18 out of 250
N. layers : 1
N. neurons : 272
Accuracy on validation set : 0.714673912525177


Combination 19 out of 250
N. layers : 1
N. neurons : 288
Accuracy on validation set : 0.734782612323761


Combination 20 out of 250
N. layers : 1
N. neurons : 304
Accuracy on validation set : 0.696195662021637


Combination 21 out of 250
N. layers : 1
N. neurons : 320
Accuracy on validation set : 0.711413037776947


Combination 22 out of 250
N. layers : 1
N. neurons : 336
Accuracy on validation set : 0.722826087474823


Combination 23 out of 250
N. layers : 1
N. neurons : 352
Accuracy on validation set : 0.746195662021637


Combination 24 out of 250
N. layers : 1
N. neurons : 368
Accuracy on validation set : 0.737500011920929


Combination 25 out of 250
N. layers : 1
N. neurons : 384
Accuracy on validation set : 0.700000011920929


Combination 26 out of 250
N. layers : 2
N. neurons : 4
Accuracy on validation set : 0.689130437374115


Combination 27 out of 250
N. layers : 2
N. neurons : 16
Accuracy on validation set : 0.7434782743453979


Combination 28 out of 250
N. layers : 2
N. neurons : 32
Accuracy on validation set : 0.732608699798584


Combination 29 out of 250
N. layers : 2
N. neurons : 48
Accuracy on validation set : 0.732608687877655


Combination 30 out of 250
N. layers : 2
N. neurons : 64
Accuracy on validation set : 0.724456536769867


Combination 31 out of 250
N. layers : 2
N. neurons : 80
Accuracy on validation set : 0.745108699798584


Combination 32 out of 250
N. layers : 2
N. neurons : 96
Accuracy on validation set : 0.705434787273407


Combination 33 out of 250
N. layers : 2
N. neurons : 112
Accuracy on validation set : 0.7510869622230529


Combination 34 out of 250
N. layers : 2
N. neurons : 128
Accuracy on validation set : 0.7320652008056641


Combination 35 out of 250
N. layers : 2
N. neurons : 144
Accuracy on validation set : 0.753804337978363


Combination 36 out of 250
N. layers : 2
N. neurons : 160
Accuracy on validation set : 0.753260862827301


Combination 37 out of 250
N. layers : 2
N. neurons : 176
Accuracy on validation set : 0.751630425453186


Combination 38 out of 250
N. layers : 2
N. neurons : 192
Accuracy on validation set : 0.775


Combination 39 out of 250
N. layers : 2
N. neurons : 208
Accuracy on validation set : 0.751086950302124


Combination 40 out of 250
N. layers : 2
N. neurons : 224
Accuracy on validation set : 0.762499988079071


Combination 41 out of 250
N. layers : 2
N. neurons : 240
Accuracy on validation set : 0.736956524848938


Combination 42 out of 250
N. layers : 2
N. neurons : 256
Accuracy on validation set : 0.745652174949646


Combination 43 out of 250
N. layers : 2
N. neurons : 272
Accuracy on validation set : 0.753804349899292


Combination 44 out of 250
N. layers : 2
N. neurons : 288
Accuracy on validation set : 0.762499988079071


Combination 45 out of 250
N. layers : 2
N. neurons : 304
Accuracy on validation set : 0.746195650100708


Combination 46 out of 250
N. layers : 2
N. neurons : 320
Accuracy on validation set : 0.754891312122345


Combination 47 out of 250
N. layers : 2
N. neurons : 336
Accuracy on validation set : 0.745652174949646


Combination 48 out of 250
N. layers : 2
N. neurons : 352
Accuracy on validation set : 0.742934787273407


Combination 49 out of 250
N. layers : 2
N. neurons : 368
Accuracy on validation set : 0.748369562625885


Combination 50 out of 250
N. layers : 2
N. neurons : 384
Accuracy on validation set : 0.760869562625885


Combination 51 out of 250
N. layers : 3
N. neurons : 4
Accuracy on validation set : 0.530434787273407


Combination 52 out of 250
N. layers : 3
N. neurons : 16
Accuracy on validation set : 0.730434775352478


Combination 53 out of 250
N. layers : 3
N. neurons : 32
Accuracy on validation set : 0.7380434751510621


Combination 54 out of 250
N. layers : 3
N. neurons : 48
Accuracy on validation set : 0.746195662021637


Combination 55 out of 250
N. layers : 3
N. neurons : 64
Accuracy on validation set : 0.735326099395752


Combination 56 out of 250
N. layers : 3
N. neurons : 80
Accuracy on validation set : 0.748913025856018


Combination 57 out of 250
N. layers : 3
N. neurons : 96
Accuracy on validation set : 0.729891300201416


Combination 58 out of 250
N. layers : 3
N. neurons : 112
Accuracy on validation set : 0.743478262424469


Combination 59 out of 250
N. layers : 3
N. neurons : 128
Accuracy on validation set : 0.754347825050354


Combination 60 out of 250
N. layers : 3
N. neurons : 144
Accuracy on validation set : 0.751630425453186


Combination 61 out of 250
N. layers : 3
N. neurons : 160
Accuracy on validation set : 0.7597826242446899


Combination 62 out of 250
N. layers : 3
N. neurons : 176
Accuracy on validation set : 0.746739137172699


Combination 63 out of 250
N. layers : 3
N. neurons : 192
Accuracy on validation set : 0.724456524848938


Combination 64 out of 250
N. layers : 3
N. neurons : 208
Accuracy on validation set : 0.727173912525177


Combination 65 out of 250
N. layers : 3
N. neurons : 224
Accuracy on validation set : 0.745108687877655


Combination 66 out of 250
N. layers : 3
N. neurons : 240
Accuracy on validation set : 0.739130437374115


Combination 67 out of 250
N. layers : 3
N. neurons : 256
Accuracy on validation set : 0.7201086997985839


Combination 68 out of 250
N. layers : 3
N. neurons : 272
Accuracy on validation set : 0.739130437374115


Combination 69 out of 250
N. layers : 3
N. neurons : 288
Accuracy on validation set : 0.716304337978363


Combination 70 out of 250
N. layers : 3
N. neurons : 304
Accuracy on validation set : 0.752173912525177


Combination 71 out of 250
N. layers : 3
N. neurons : 320
Accuracy on validation set : 0.7385869503021241


Combination 72 out of 250
N. layers : 3
N. neurons : 336
Accuracy on validation set : 0.737499988079071


Combination 73 out of 250
N. layers : 3
N. neurons : 352
Accuracy on validation set : 0.758152174949646


Combination 74 out of 250
N. layers : 3
N. neurons : 368
Accuracy on validation set : 0.741847813129425


Combination 75 out of 250
N. layers : 3
N. neurons : 384
Accuracy on validation set : 0.744565212726593


Combination 76 out of 250
N. layers : 4
N. neurons : 4
Accuracy on validation set : 0.722826087474823


Combination 77 out of 250
N. layers : 4
N. neurons : 16
Accuracy on validation set : 0.7603260993957519


Combination 78 out of 250
N. layers : 4
N. neurons : 32
Accuracy on validation set : 0.7559782505035401


Combination 79 out of 250
N. layers : 4
N. neurons : 48
Accuracy on validation set : 0.720108687877655


Combination 80 out of 250
N. layers : 4
N. neurons : 64
Accuracy on validation set : 0.758152174949646


Combination 81 out of 250
N. layers : 4
N. neurons : 80
Accuracy on validation set : 0.763586962223053


Combination 82 out of 250
N. layers : 4
N. neurons : 96
Accuracy on validation set : 0.746195650100708


Combination 83 out of 250
N. layers : 4
N. neurons : 112
Accuracy on validation set : 0.740760862827301


Combination 84 out of 250
N. layers : 4
N. neurons : 128
Accuracy on validation set : 0.72826087474823


Combination 85 out of 250
N. layers : 4
N. neurons : 144
Accuracy on validation set : 0.738043463230133


Combination 86 out of 250
N. layers : 4
N. neurons : 160
Accuracy on validation set : 0.761413061618805


Combination 87 out of 250
N. layers : 4
N. neurons : 176
Accuracy on validation set : 0.736413049697876


Combination 88 out of 250
N. layers : 4
N. neurons : 192
Accuracy on validation set : 0.760326087474823


Combination 89 out of 250
N. layers : 4
N. neurons : 208
Accuracy on validation set : 0.732608687877655


Combination 90 out of 250
N. layers : 4
N. neurons : 224
Accuracy on validation set : 0.7304347872734069


Combination 91 out of 250
N. layers : 4
N. neurons : 240
Accuracy on validation set : 0.755434775352478


Combination 92 out of 250
N. layers : 4
N. neurons : 256
Accuracy on validation set : 0.75


Combination 93 out of 250
N. layers : 4
N. neurons : 272
Accuracy on validation set : 0.7304347872734069


Combination 94 out of 250
N. layers : 4
N. neurons : 288
Accuracy on validation set : 0.7467391133308411


Combination 95 out of 250
N. layers : 4
N. neurons : 304
Accuracy on validation set : 0.763043475151062


Combination 96 out of 250
N. layers : 4
N. neurons : 320
Accuracy on validation set : 0.7282608628273011


Combination 97 out of 250
N. layers : 4
N. neurons : 336
Accuracy on validation set : 0.732065212726593


Combination 98 out of 250
N. layers : 4
N. neurons : 352
Accuracy on validation set : 0.76576087474823


Combination 99 out of 250
N. layers : 4
N. neurons : 368
Accuracy on validation set : 0.7304347872734069


Combination 100 out of 250
N. layers : 4
N. neurons : 384
Accuracy on validation set : 0.701086950302124


Combination 101 out of 250
N. layers : 5
N. neurons : 4
Accuracy on validation set : 0.70923912525177


Combination 102 out of 250
N. layers : 5
N. neurons : 16
Accuracy on validation set : 0.7282608628273011


Combination 103 out of 250
N. layers : 5
N. neurons : 32
Accuracy on validation set : 0.751086950302124


Combination 104 out of 250
N. layers : 5
N. neurons : 48
Accuracy on validation set : 0.748369562625885


Combination 105 out of 250
N. layers : 5
N. neurons : 64
Accuracy on validation set : 0.7592391252517701


Combination 106 out of 250
N. layers : 5
N. neurons : 80
Accuracy on validation set : 0.745108687877655


Combination 107 out of 250
N. layers : 5
N. neurons : 96
Accuracy on validation set : 0.735869562625885


Combination 108 out of 250
N. layers : 5
N. neurons : 112
Accuracy on validation set : 0.726630425453186


Combination 109 out of 250
N. layers : 5
N. neurons : 128
Accuracy on validation set : 0.7304347872734069


Combination 110 out of 250
N. layers : 5
N. neurons : 144
Accuracy on validation set : 0.734782612323761


Combination 111 out of 250
N. layers : 5
N. neurons : 160
Accuracy on validation set : 0.739130437374115


Combination 112 out of 250
N. layers : 5
N. neurons : 176
Accuracy on validation set : 0.732608699798584


Combination 113 out of 250
N. layers : 5
N. neurons : 192
Accuracy on validation set : 0.7538043618202209


Combination 114 out of 250
N. layers : 5
N. neurons : 208
Accuracy on validation set : 0.727173912525177


Combination 115 out of 250
N. layers : 5
N. neurons : 224
Accuracy on validation set : 0.7402173757553101


Combination 116 out of 250
N. layers : 5
N. neurons : 240
Accuracy on validation set : 0.735326099395752


Combination 117 out of 250
N. layers : 5
N. neurons : 256
Accuracy on validation set : 0.7543478369712829


Combination 118 out of 250
N. layers : 5
N. neurons : 272
Accuracy on validation set : 0.740760862827301


Combination 119 out of 250
N. layers : 5
N. neurons : 288
Accuracy on validation set : 0.73423912525177


Combination 120 out of 250
N. layers : 5
N. neurons : 304
Accuracy on validation set : 0.712499988079071


Combination 121 out of 250
N. layers : 5
N. neurons : 320
Accuracy on validation set : 0.748913049697876


Combination 122 out of 250
N. layers : 5
N. neurons : 336
Accuracy on validation set : 0.741847813129425


Combination 123 out of 250
N. layers : 5
N. neurons : 352
Accuracy on validation set : 0.7184782743453979


Combination 124 out of 250
N. layers : 5
N. neurons : 368
Accuracy on validation set : 0.741304337978363


Combination 125 out of 250
N. layers : 5
N. neurons : 384
Accuracy on validation set : 0.715760862827301


Combination 126 out of 250
N. layers : 6
N. neurons : 4
Accuracy on validation set : 0.530434787273407


Combination 127 out of 250
N. layers : 6
N. neurons : 16
Accuracy on validation set : 0.72173912525177


Combination 128 out of 250
N. layers : 6
N. neurons : 32
Accuracy on validation set : 0.7494565129280091


Combination 129 out of 250
N. layers : 6
N. neurons : 48
Accuracy on validation set : 0.741847836971283


Combination 130 out of 250
N. layers : 6
N. neurons : 64
Accuracy on validation set : 0.731521737575531


Combination 131 out of 250
N. layers : 6
N. neurons : 80
Accuracy on validation set : 0.747282612323761


Combination 132 out of 250
N. layers : 6
N. neurons : 96
Accuracy on validation set : 0.739673912525177


Combination 133 out of 250
N. layers : 6
N. neurons : 112
Accuracy on validation set : 0.756521737575531


Combination 134 out of 250
N. layers : 6
N. neurons : 128
Accuracy on validation set : 0.750543475151062


Combination 135 out of 250
N. layers : 6
N. neurons : 144
Accuracy on validation set : 0.743478262424469


Combination 136 out of 250
N. layers : 6
N. neurons : 160
Accuracy on validation set : 0.747282612323761


Combination 137 out of 250
N. layers : 6
N. neurons : 176
Accuracy on validation set : 0.747826087474823


Combination 138 out of 250
N. layers : 6
N. neurons : 192
Accuracy on validation set : 0.7440217494964599


Combination 139 out of 250
N. layers : 6
N. neurons : 208
Accuracy on validation set : 0.7375


Combination 140 out of 250
N. layers : 6
N. neurons : 224
Accuracy on validation set : 0.70326087474823


Combination 141 out of 250
N. layers : 6
N. neurons : 240
Accuracy on validation set : 0.710326087474823


Combination 142 out of 250
N. layers : 6
N. neurons : 256
Accuracy on validation set : 0.737499988079071


Combination 143 out of 250
N. layers : 6
N. neurons : 272
Accuracy on validation set : 0.735326087474823


Combination 144 out of 250
N. layers : 6
N. neurons : 288
Accuracy on validation set : 0.7304347872734069


Combination 145 out of 250
N. layers : 6
N. neurons : 304
Accuracy on validation set : 0.746195650100708


Combination 146 out of 250
N. layers : 6
N. neurons : 320
Accuracy on validation set : 0.742391300201416


Combination 147 out of 250
N. layers : 6
N. neurons : 336
Accuracy on validation set : 0.744021737575531


Combination 148 out of 250
N. layers : 6
N. neurons : 352
Accuracy on validation set : 0.7505434870719909


Combination 149 out of 250
N. layers : 6
N. neurons : 368
Accuracy on validation set : 0.743478262424469


Combination 150 out of 250
N. layers : 6
N. neurons : 384
Accuracy on validation set : 0.75326087474823


Combination 151 out of 250
N. layers : 7
N. neurons : 4
Accuracy on validation set : 0.69076087474823


Combination 152 out of 250
N. layers : 7
N. neurons : 16
Accuracy on validation set : 0.734782612323761


Combination 153 out of 250
N. layers : 7
N. neurons : 32
Accuracy on validation set : 0.75


Combination 154 out of 250
N. layers : 7
N. neurons : 48
Accuracy on validation set : 0.7592391490936279


Combination 155 out of 250
N. layers : 7
N. neurons : 64
Accuracy on validation set : 0.74347825050354


Combination 156 out of 250
N. layers : 7
N. neurons : 80
Accuracy on validation set : 0.7608695745468139


Combination 157 out of 250
N. layers : 7
N. neurons : 96
Accuracy on validation set : 0.751630437374115


Combination 158 out of 250
N. layers : 7
N. neurons : 112
Accuracy on validation set : 0.7385869503021241


Combination 159 out of 250
N. layers : 7
N. neurons : 128
Accuracy on validation set : 0.739130437374115


Combination 160 out of 250
N. layers : 7
N. neurons : 144
Accuracy on validation set : 0.763586950302124


Combination 161 out of 250
N. layers : 7
N. neurons : 160
Accuracy on validation set : 0.7288043379783631


Combination 162 out of 250
N. layers : 7
N. neurons : 176
Accuracy on validation set : 0.75326087474823


Combination 163 out of 250
N. layers : 7
N. neurons : 192
Accuracy on validation set : 0.721739137172699


Combination 164 out of 250
N. layers : 7
N. neurons : 208
Accuracy on validation set : 0.760869562625885


Combination 165 out of 250
N. layers : 7
N. neurons : 224
Accuracy on validation set : 0.734782612323761


Combination 166 out of 250
N. layers : 7
N. neurons : 240
Accuracy on validation set : 0.728804349899292


Combination 167 out of 250
N. layers : 7
N. neurons : 256
Accuracy on validation set : 0.751086950302124


Combination 168 out of 250
N. layers : 7
N. neurons : 272
Accuracy on validation set : 0.7489130377769471


Combination 169 out of 250
N. layers : 7
N. neurons : 288
Accuracy on validation set : 0.757608687877655


Combination 170 out of 250
N. layers : 7
N. neurons : 304
Accuracy on validation set : 0.7353260755538941


Combination 171 out of 250
N. layers : 7
N. neurons : 320
Accuracy on validation set : 0.760326087474823


Combination 172 out of 250
N. layers : 7
N. neurons : 336
Accuracy on validation set : 0.756521737575531


Combination 173 out of 250
N. layers : 7
N. neurons : 352
Accuracy on validation set : 0.7298913121223449


Combination 174 out of 250
N. layers : 7
N. neurons : 368
Accuracy on validation set : 0.728804349899292


Combination 175 out of 250
N. layers : 7
N. neurons : 384
Accuracy on validation set : 0.719021737575531


Combination 176 out of 250
N. layers : 8
N. neurons : 4
Accuracy on validation set : 0.530434787273407


Combination 177 out of 250
N. layers : 8
N. neurons : 16
Accuracy on validation set : 0.74347825050354


Combination 178 out of 250
N. layers : 8
N. neurons : 32
Accuracy on validation set : 0.7391304254531861


Combination 179 out of 250
N. layers : 8
N. neurons : 48
Accuracy on validation set : 0.729891300201416


Combination 180 out of 250
N. layers : 8
N. neurons : 64
Accuracy on validation set : 0.747282600402832


Combination 181 out of 250
N. layers : 8
N. neurons : 80
Accuracy on validation set : 0.724456524848938


Combination 182 out of 250
N. layers : 8
N. neurons : 96
Accuracy on validation set : 0.740760862827301


Combination 183 out of 250
N. layers : 8
N. neurons : 112
Accuracy on validation set : 0.732608699798584


Combination 184 out of 250
N. layers : 8
N. neurons : 128
Accuracy on validation set : 0.756521737575531


Combination 185 out of 250
N. layers : 8
N. neurons : 144
Accuracy on validation set : 0.737499988079071


Combination 186 out of 250
N. layers : 8
N. neurons : 160
Accuracy on validation set : 0.735869562625885


Combination 187 out of 250
N. layers : 8
N. neurons : 176
Accuracy on validation set : 0.7081521630287171


Combination 188 out of 250
N. layers : 8
N. neurons : 192
Accuracy on validation set : 0.7646739244461059


Combination 189 out of 250
N. layers : 8
N. neurons : 208
Accuracy on validation set : 0.744021725654602


Combination 190 out of 250
N. layers : 8
N. neurons : 224
Accuracy on validation set : 0.772826087474823


Combination 191 out of 250
N. layers : 8
N. neurons : 240
Accuracy on validation set : 0.733152174949646


Combination 192 out of 250
N. layers : 8
N. neurons : 256
Accuracy on validation set : 0.754347813129425


Combination 193 out of 250
N. layers : 8
N. neurons : 272
Accuracy on validation set : 0.744565212726593


Combination 194 out of 250
N. layers : 8
N. neurons : 288
Accuracy on validation set : 0.714673912525177


Combination 195 out of 250
N. layers : 8
N. neurons : 304
Accuracy on validation set : 0.7304347872734069


Combination 196 out of 250
N. layers : 8
N. neurons : 320
Accuracy on validation set : 0.75326087474823


Combination 197 out of 250
N. layers : 8
N. neurons : 336
Accuracy on validation set : 0.744565212726593


Combination 198 out of 250
N. layers : 8
N. neurons : 352
Accuracy on validation set : 0.735326087474823


Combination 199 out of 250
N. layers : 8
N. neurons : 368
Accuracy on validation set : 0.741304349899292


Combination 200 out of 250
N. layers : 8
N. neurons : 384
Accuracy on validation set : 0.7298913121223449


Combination 201 out of 250
N. layers : 9
N. neurons : 4
Accuracy on validation set : 0.530434787273407


Combination 202 out of 250
N. layers : 9
N. neurons : 16
Accuracy on validation set : 0.733152174949646


Combination 203 out of 250
N. layers : 9
N. neurons : 32
Accuracy on validation set : 0.716847836971283


Combination 204 out of 250
N. layers : 9
N. neurons : 48
Accuracy on validation set : 0.74347825050354


Combination 205 out of 250
N. layers : 9
N. neurons : 64
Accuracy on validation set : 0.762499988079071


Combination 206 out of 250
N. layers : 9
N. neurons : 80
Accuracy on validation set : 0.744565224647522


Combination 207 out of 250
N. layers : 9
N. neurons : 96
Accuracy on validation set : 0.757065224647522


Combination 208 out of 250
N. layers : 9
N. neurons : 112
Accuracy on validation set : 0.748369562625885


Combination 209 out of 250
N. layers : 9
N. neurons : 128
Accuracy on validation set : 0.711956512928009


Combination 210 out of 250
N. layers : 9
N. neurons : 144
Accuracy on validation set : 0.738043487071991


Combination 211 out of 250
N. layers : 9
N. neurons : 160
Accuracy on validation set : 0.763586962223053


Combination 212 out of 250
N. layers : 9
N. neurons : 176
Accuracy on validation set : 0.739673912525177


Combination 213 out of 250
N. layers : 9
N. neurons : 192
Accuracy on validation set : 0.753260862827301


Combination 214 out of 250
N. layers : 9
N. neurons : 208
Accuracy on validation set : 0.7505434870719909


Combination 215 out of 250
N. layers : 9
N. neurons : 224
Accuracy on validation set : 0.7304347872734069


Combination 216 out of 250
N. layers : 9
N. neurons : 240
Accuracy on validation set : 0.7277173876762391


Combination 217 out of 250
N. layers : 9
N. neurons : 256
Accuracy on validation set : 0.744565212726593


Combination 218 out of 250
N. layers : 9
N. neurons : 272
Accuracy on validation set : 0.7614130496978759


Combination 219 out of 250
N. layers : 9
N. neurons : 288
Accuracy on validation set : 0.747826087474823


Combination 220 out of 250
N. layers : 9
N. neurons : 304
Accuracy on validation set : 0.748369574546814


Combination 221 out of 250
N. layers : 9
N. neurons : 320
Accuracy on validation set : 0.697282612323761


Combination 222 out of 250
N. layers : 9
N. neurons : 336
Accuracy on validation set : 0.746195662021637


Combination 223 out of 250
N. layers : 9
N. neurons : 352
Accuracy on validation set : 0.755434775352478


Combination 224 out of 250
N. layers : 9
N. neurons : 368
Accuracy on validation set : 0.702717387676239


Combination 225 out of 250
N. layers : 9
N. neurons : 384
Accuracy on validation set : 0.748913049697876


Combination 226 out of 250
N. layers : 10
N. neurons : 4
Accuracy on validation set : 0.6771739006042481


Combination 227 out of 250
N. layers : 10
N. neurons : 16
Accuracy on validation set : 0.729891300201416


Combination 228 out of 250
N. layers : 10
N. neurons : 32
Accuracy on validation set : 0.758695662021637


Combination 229 out of 250
N. layers : 10
N. neurons : 48
Accuracy on validation set : 0.758695650100708


Combination 230 out of 250
N. layers : 10
N. neurons : 64
Accuracy on validation set : 0.764673912525177


Combination 231 out of 250
N. layers : 10
N. neurons : 80
Accuracy on validation set : 0.753260862827301


Combination 232 out of 250
N. layers : 10
N. neurons : 96
Accuracy on validation set : 0.760869562625885


Combination 233 out of 250
N. layers : 10
N. neurons : 112
Accuracy on validation set : 0.754347825050354


Combination 234 out of 250
N. layers : 10
N. neurons : 128
Accuracy on validation set : 0.7625


Combination 235 out of 250
N. layers : 10
N. neurons : 144
Accuracy on validation set : 0.755434787273407


Combination 236 out of 250
N. layers : 10
N. neurons : 160
Accuracy on validation set : 0.7592391252517701


Combination 237 out of 250
N. layers : 10
N. neurons : 176
Accuracy on validation set : 0.747282600402832


Combination 238 out of 250
N. layers : 10
N. neurons : 192
Accuracy on validation set : 0.757065224647522


Combination 239 out of 250
N. layers : 10
N. neurons : 208
Accuracy on validation set : 0.732065212726593


Combination 240 out of 250
N. layers : 10
N. neurons : 224
Accuracy on validation set : 0.706521737575531


Combination 241 out of 250
N. layers : 10
N. neurons : 240
Accuracy on validation set : 0.731521725654602


Combination 242 out of 250
N. layers : 10
N. neurons : 256
Accuracy on validation set : 0.7500000119209289


Combination 243 out of 250
N. layers : 10
N. neurons : 272
Accuracy on validation set : 0.744565200805664


Combination 244 out of 250
N. layers : 10
N. neurons : 288
Accuracy on validation set : 0.716304337978363


Combination 245 out of 250
N. layers : 10
N. neurons : 304
Accuracy on validation set : 0.7380434751510621


Combination 246 out of 250
N. layers : 10
N. neurons : 320
Accuracy on validation set : 0.740217387676239


Combination 247 out of 250
N. layers : 10
N. neurons : 336
Accuracy on validation set : 0.7532608509063721


Combination 248 out of 250
N. layers : 10
N. neurons : 352
Accuracy on validation set : 0.722826087474823


Combination 249 out of 250
N. layers : 10
N. neurons : 368
Accuracy on validation set : 0.734239149093628


Combination 250 out of 250
N. layers : 10
N. neurons : 384
Accuracy on validation set : 0.747282612323761


***** Optimal configuration found by Grid Search ******
N. hidden layers : 2
N. neurons per layer : 192
Accuracy on validation set : 0.775
Execution time : 00:52:51.66
Accuracy on test set : 0.7272727489471436
