

***** PSO Configuration ******
w : 0.5
c1 : 0.5
c2 : 0.5
swarm_size : 10
num_generations : 10
min_init_velocity : [1, 4]
max_init_velocity : [3, 32]
max_velocity : [3, 32]
bounds : [(1, 10), (4, 384)]


***** Particles initialization *****

Particle 0
Position : [  5.5 194. ]
Velocity : [-3.1208296  22.26985305]

Particle 1
Position : [ 7.75 99.  ]
Velocity : [ 2.94876167 29.44267184]

Particle 2
Position : [  3.25 289.  ]
Velocity : [ -3.52027445 -15.75235611]

Particle 3
Position : [  4.375 146.5  ]
Velocity : [ -1.09303233 -25.48675831]

Particle 4
Position : [  8.875 336.5  ]
Velocity : [ -2.40399797 -32.98735319]

Particle 5
Position : [ 6.625 51.5  ]
Velocity : [-1.398491   28.59069891]

Particle 6
Position : [  2.125 241.5  ]
Velocity : [  2.49062112 -26.78636135]

Particle 7
Position : [  2.6875 122.75  ]
Velocity : [ 3.67793724 15.90965905]

Particle 8
Position : [  7.1875 312.75  ]
Velocity : [ 3.90927939 25.2528262 ]

Particle 9
Position : [ 9.4375 27.75  ]
Velocity : [-1.80493783 28.71781007]


***** Particle generation 0 ******

Particle 0
New position : [  3.08042929 216.91763622]
New position (int) : [  3. 217.]
New velocity : [-2.41957071 22.91763622]
Objective function value : 0.2423913240432739

Particle 1
New position : [  7.83618541 131.        ]
New position (int) : [  8. 131.]
New velocity : [ 0.08618541 32.        ]
Objective function value : 0.271195650100708

Particle 2
New position : [  1.48700063 281.01620521]
New position (int) : [  1. 281.]
New velocity : [-1.76299937 -7.98379479]
Objective function value : 0.26576086282730105

Particle 3
New position : [  3.52507541 145.95683344]
New position (int) : [  4. 146.]
New velocity : [-0.84992459 -0.54316656]
Objective function value : 0.24347825050354

Particle 4
New position : [  7.47620791 317.30131282]
New position (int) : [  7. 317.]
New velocity : [ -1.39879209 -19.19868718]
Objective function value : 0.264130437374115

Particle 5
New position : [ 4.25713628 83.5       ]
New position (int) : [ 4. 84.]
New velocity : [-2.36786372 32.        ]
Objective function value : 0.25217390060424805

Particle 6
New position : [  3.34287002 228.21658149]
New position (int) : [  3. 228.]
New velocity : [  1.21787002 -13.28341851]
Objective function value : 0.257065212726593

Particle 7
New position : [  4.34254231 154.75      ]
New position (int) : [  4. 155.]
New velocity : [ 1.65504231 32.        ]
Objective function value : 0.24673912525177

Particle 8
New position : [  7.07722287 297.21393303]
New position (int) : [  7. 297.]
New velocity : [ -0.11027713 -15.53606697]
Objective function value : 0.28043477535247807

Particle 9
New position : [ 6.4375 59.75  ]
New position (int) : [ 6. 60.]
New velocity : [-3. 32.]
Objective function value : 0.25815217494964604
End of generation
Best position : [  2. 242.]
Best objective function value : 0.233152163028717


***** Particle generation 1 ******

Particle 0
New position : [  1.7182388  247.98932106]
New position (int) : [  2. 248.]
New velocity : [ 2.79866809 31.07168484]
Objective function value : 0.24076086282730103

Particle 1
New position : [  7.75967734 163.        ]
New position (int) : [  8. 163.]
New velocity : [-0.07650807 32.        ]
Objective function value : 0.24456521272659304

Particle 2
New position : [  1.63354618 268.46816547]
New position (int) : [  2. 268.]
New velocity : [  1.12054681 -12.54803974]
Objective function value : 0.24076087474822994

Particle 3
New position : [  2.2750603 177.9194273]
New position (int) : [  2. 178.]
New velocity : [-1.25001511 31.96259386]
Objective function value : 0.23858695030212407

Particle 4
New position : [  4.91302052 285.30131282]
New position (int) : [  5. 285.]
New velocity : [ -2.5631874 -32.       ]
Objective function value : 0.24076087474822994

Particle 5
New position : [  1.25713628 115.5       ]
New position (int) : [  1. 116.]
New velocity : [-3. 32.]
Objective function value : 0.277173912525177

Particle 6
New position : [  3.6943074  224.14889015]
New position (int) : [  4. 224.]
New velocity : [ 0.35143738 -4.06769134]
Objective function value : 0.25760869979858403

Particle 7
New position : [  5.12440162 186.75      ]
New position (int) : [  5. 187.]
New velocity : [ 0.7818593 32.       ]
Objective function value : 0.26956521272659306

Particle 8
New position : [  6.31019682 281.36869262]
New position (int) : [  6. 281.]
New velocity : [ -0.76702605 -15.84524041]
Objective function value : 0.24673913717269902

Particle 9
New position : [ 3.4375 91.75  ]
New position (int) : [ 3. 92.]
New velocity : [-3. 32.]
Objective function value : 0.254347825050354
End of generation
Best position : [  2. 242.]
Best objective function value : 0.233152163028717


***** Particle generation 2 ******

Particle 0
New position : [  4.46843741 276.1497214 ]
New position (int) : [  4. 276.]
New velocity : [ 2.7501986  28.16040034]
Objective function value : 0.24565216302871706

Particle 1
New position : [  5.66948225 195.        ]
New position (int) : [  6. 195.]
New velocity : [-2.09019509 32.        ]
Objective function value : 0.24130434989929195

Particle 2
New position : [  2.4033317  256.42554947]
New position (int) : [  2. 256.]
New velocity : [  0.76978552 -12.042616  ]
Objective function value : 0.24347826242446902

Particle 3
New position : [  1.11557942 209.9194273 ]
New position (int) : [  1. 210.]
New velocity : [-1.15948087 32.        ]
Objective function value : 0.26467392444610593

Particle 4
New position : [  1.91302052 253.30131282]
New position (int) : [  2. 253.]
New velocity : [ -3. -32.]
Objective function value : 0.25760869979858403

Particle 5
New position : [  2.40747824 147.5       ]
New position (int) : [  2. 148.]
New velocity : [ 1.66461452 32.        ]
Objective function value : 0.263586950302124

Particle 6
New position : [  2.47452629 237.13150271]
New position (int) : [  2. 237.]
New velocity : [-1.21978111 12.98261256]
Objective function value : 0.235869574546814

Particle 7
New position : [  4.88097662 218.75      ]
New position (int) : [  5. 219.]
New velocity : [-0.243425 32.      ]
Objective function value : 0.270108699798584

Particle 8
New position : [  5.10117159 266.33854504]
New position (int) : [  5. 266.]
New velocity : [ -1.20902523 -15.03014758]
Objective function value : 0.25163043737411495

Particle 9
New position : [  1.5625 123.75  ]
New position (int) : [  2. 124.]
New velocity : [ 3. 32.]
Objective function value : 0.21304347515106203
End of generation
Best position : [  2. 124.]
Best objective function value : 0.21304347515106203


***** Particle generation 3 ******

Particle 0
New position : [  6.01259316 253.49720129]
New position (int) : [  6. 253.]
New velocity : [  1.54415575 -22.65252011]
Objective function value : 0.263043487071991

Particle 1
New position : [  2.66948225 198.33199228]
New position (int) : [  3. 198.]
New velocity : [-3.          3.33199228]
Objective function value : 0.264673900604248

Particle 2
New position : [  2.74866953 224.42554947]
New position (int) : [  3. 224.]
New velocity : [  0.34533782 -32.        ]
Objective function value : 0.24402173757553103

Particle 3
New position : [  1.5765884  208.68434116]
New position (int) : [  2. 209.]
New velocity : [ 0.69216782 -1.23508614]
Objective function value : 0.251086950302124

Particle 4
New position : [  1.79610977 221.30131282]
New position (int) : [  2. 221.]
New velocity : [  1.70913029 -32.        ]
Objective function value : 0.25489130020141604

Particle 5
New position : [  3.25847073 162.10089746]
New position (int) : [  3. 162.]
New velocity : [ 0.85099249 14.60089746]
Objective function value : 0.253804349899292

Particle 6
New position : [  1.62946639 205.13150271]
New position (int) : [  2. 205.]
New velocity : [ -0.8450599 -32.       ]
Objective function value : 0.2510869383811951

Particle 7
New position : [  4.38453925 218.14926675]
New position (int) : [  4. 218.]
New velocity : [-0.49643737 -0.60073325]
Objective function value : 0.251086950302124

Particle 8
New position : [  3.12490458 234.33854504]
New position (int) : [  3. 234.]
New velocity : [ -1.97626701 -32.        ]
Objective function value : 0.26576086282730105

Particle 9
New position : [  4.34953604 149.63438743]
New position (int) : [  4. 150.]
New velocity : [ 2.78703604 25.88438743]
Objective function value : 0.24619565010070799
End of generation
Best position : [  2. 124.]
Best objective function value : 0.21304347515106203


***** Particle generation 4 ******

Particle 0
New position : [  5.46723759 229.23361566]
New position (int) : [  5. 229.]
New velocity : [ -0.54535556 -24.26358563]
Objective function value : 0.271195650100708

Particle 1
New position : [  1.2548528  178.96706278]
New position (int) : [  1. 179.]
New velocity : [  1.92433505 -19.3649295 ]
Objective function value : 0.291847825050354

Particle 2
New position : [  2.41461411 208.14018294]
New position (int) : [  2. 208.]
New velocity : [ -0.33405541 -16.28536654]
Objective function value : 0.2499999880790711

Particle 3
New position : [  2.12311513 192.56514591]
New position (int) : [  2. 193.]
New velocity : [  0.54652673 -16.11919525]
Objective function value : 0.26576087474822996

Particle 4
New position : [  2.98106863 189.30131282]
New position (int) : [  3. 189.]
New velocity : [  1.18495886 -32.        ]
Objective function value : 0.23478261232376096

Particle 5
New position : [  3.72392354 130.10089746]
New position (int) : [  4. 130.]
New velocity : [  0.46545281 -32.        ]
Objective function value : 0.24891303777694707

Particle 6
New position : [  1.36333993 195.50446195]
New position (int) : [  1. 196.]
New velocity : [-0.26612645 -9.62704077]
Objective function value : 0.23641304969787602

Particle 7
New position : [  2.89115648 186.14926675]
New position (int) : [  3. 186.]
New velocity : [ -1.49338277 -32.        ]
Objective function value : 0.24619563817977907

Particle 8
New position : [  2.06233887 202.33854504]
New position (int) : [  2. 202.]
New velocity : [ -1.06256571 -32.        ]
Objective function value : 0.23641304969787602

Particle 9
New position : [  4.74795271 150.35319013]
New position (int) : [  5. 150.]
New velocity : [0.39841667 0.7188027 ]
Objective function value : 0.25815218687057495
End of generation
Best position : [  2. 124.]
Best objective function value : 0.21304347515106203


***** Particle generation 5 ******

Particle 0
New position : [  3.22989367 197.23361566]
New position (int) : [  3. 197.]
New velocity : [ -2.23734393 -32.        ]
Objective function value : 0.24510869979858396

Particle 1
New position : [  3.7871275  160.57928149]
New position (int) : [  4. 161.]
New velocity : [  2.5322747 -18.3877813]
Objective function value : 0.24076087474822994

Particle 2
New position : [  2.07394524 176.14018294]
New position (int) : [  2. 176.]
New velocity : [ -0.34066887 -32.        ]
Objective function value : 0.235326099395752

Particle 3
New position : [  2.39130131 182.54375039]
New position (int) : [  2. 183.]
New velocity : [  0.26818619 -10.02139553]
Objective function value : 0.23858696222305298

Particle 4
New position : [  3.25175915 157.30131282]
New position (int) : [  3. 157.]
New velocity : [  0.27069052 -32.        ]
Objective function value : 0.226630425453186

Particle 5
New position : [  3.66491791 112.76329351]
New position (int) : [  4. 113.]
New velocity : [ -0.05900563 -17.33760395]
Objective function value : 0.21358696222305296

Particle 6
New position : [  1.57433731 169.99358028]
New position (int) : [  2. 170.]
New velocity : [  0.21099738 -25.51088166]
Objective function value : 0.23804347515106206

Particle 7
New position : [  1.72312466 154.14926675]
New position (int) : [  2. 154.]
New velocity : [ -1.16803182 -32.        ]
Objective function value : 0.239130437374115

Particle 8
New position : [  1.49241026 170.33854504]
New position (int) : [  1. 170.]
New velocity : [ -0.56992861 -32.        ]
Objective function value : 0.274999988079071

Particle 9
New position : [  2.60716223 128.27172721]
New position (int) : [  3. 128.]
New velocity : [ -2.14079048 -22.08146292]
Objective function value : 0.228804349899292
End of generation
Best position : [  2. 124.]
Best objective function value : 0.21304347515106203


***** Particle generation 6 ******

Particle 0
New position : [  1.3071999  188.06288688]
New position (int) : [  1. 188.]
New velocity : [-1.92269376 -9.17072877]
Objective function value : 0.263586962223053

Particle 1
New position : [  4.85984254 146.89622517]
New position (int) : [  5. 147.]
New velocity : [  1.07271504 -13.68305632]
Objective function value : 0.253804349899292

Particle 2
New position : [  1.85671298 144.14018294]
New position (int) : [  2. 144.]
New velocity : [ -0.21723226 -32.        ]
Objective function value : 0.24130434989929195

Particle 3
New position : [  2.33252014 150.87282888]
New position (int) : [  2. 151.]
New velocity : [ -0.05878117 -31.6709215 ]
Objective function value : 0.22119565010070796

Particle 4
New position : [  3.41423714 128.19458696]
New position (int) : [  3. 128.]
New velocity : [  0.16247799 -29.10672586]
Objective function value : 0.25217390060424805

Particle 5
New position : [  2.83698579 103.16758292]
New position (int) : [  3. 103.]
New velocity : [-0.82793213 -9.59571059]
Objective function value : 0.23369565010070803

Particle 6
New position : [  1.76930376 162.72154882]
New position (int) : [  2. 163.]
New velocity : [ 0.19496644 -7.27203147]
Objective function value : 0.24565216302871706

Particle 7
New position : [  1.13447479 122.14926675]
New position (int) : [  1. 122.]
New velocity : [  0.85759946 -32.        ]
Objective function value : 0.264673912525177

Particle 8
New position : [  1.18249013 148.59853303]
New position (int) : [  1. 149.]
New velocity : [ -0.30992013 -21.74001201]
Objective function value : 0.25163043737411495

Particle 9
New position : [  1.3118005  115.64823018]
New position (int) : [  1. 116.]
New velocity : [ -1.29536173 -12.62349702]
Objective function value : 0.288586950302124
End of generation
Best position : [  2. 124.]
Best objective function value : 0.21304347515106203


***** Particle generation 7 ******

Particle 0
New position : [  1.20809965 169.49043305]
New position (int) : [  1. 169.]
New velocity : [  0.51529955 -18.57245383]
Objective function value : 0.28315217494964595

Particle 1
New position : [  4.71456599 127.83372528]
New position (int) : [  5. 128.]
New velocity : [ -0.14527655 -19.06249989]
Objective function value : 0.24510869979858396

Particle 2
New position : [  1.70894287 112.14018294]
New position (int) : [  2. 112.]
New velocity : [ -0.14777011 -32.        ]
Objective function value : 0.239673912525177

Particle 3
New position : [  2.0659059  121.86971583]
New position (int) : [  2. 122.]
New velocity : [ -0.26661425 -29.00311305]
Objective function value : 0.25489130020141604

Particle 4
New position : [  3.06431259 110.01240042]
New position (int) : [  3. 110.]
New velocity : [ -0.34992455 -18.18218654]
Objective function value : 0.23641304969787602

Particle 5
New position : [ 2.26443401 98.52451869]
New position (int) : [ 2. 99.]
New velocity : [-0.57255178 -4.64306423]
Objective function value : 0.21684782505035405

Particle 6
New position : [  1.99662653 154.5751461 ]
New position (int) : [  2. 155.]
New velocity : [ 0.22732278 -8.14640272]
Objective function value : 0.239130437374115

Particle 7
New position : [  2.2013449  101.32759926]
New position (int) : [  2. 101.]
New velocity : [  1.0668701 -20.8216675]
Objective function value : 0.24076086282730103

Particle 8
New position : [  1.51180129 149.60210579]
New position (int) : [  2. 150.]
New velocity : [0.32931116 1.00357276]
Objective function value : 0.27336955070495605

Particle 9
New position : [  1.22548989 116.16979463]
New position (int) : [  1. 116.]
New velocity : [-0.08631061  0.52156445]
Objective function value : 0.27663043737411497
End of generation
Best position : [  2. 124.]
Best objective function value : 0.21304347515106203


***** Particle generation 8 ******

Particle 0
New position : [  2.20533079 176.86955643]
New position (int) : [  2. 177.]
New velocity : [0.99723114 7.37912337]
Objective function value : 0.24076087474822994

Particle 1
New position : [  3.81680535 119.73526395]
New position (int) : [  4. 120.]
New velocity : [-0.89776064 -8.09846134]
Objective function value : 0.24673912525177

Particle 2
New position : [  1.78859886 111.44915251]
New position (int) : [  2. 111.]
New velocity : [ 0.07965599 -0.69103043]
Objective function value : 0.23858696222305298

Particle 3
New position : [ 1.82874313 99.56300634]
New position (int) : [  2. 100.]
New velocity : [ -0.23716277 -22.3067095 ]
Objective function value : 0.23804348707199097

Particle 4
New position : [  2.51161608 118.59116946]
New position (int) : [  3. 119.]
New velocity : [-0.55269651  8.57876904]
Objective function value : 0.2505434870719909

Particle 5
New position : [  2.55741314 109.46783439]
New position (int) : [  3. 109.]
New velocity : [ 0.29297914 10.9433157 ]
Objective function value : 0.26576086282730105

Particle 6
New position : [  2.11565012 149.42104134]
New position (int) : [  2. 149.]
New velocity : [ 0.11902359 -5.15410476]
Objective function value : 0.254347813129425

Particle 7
New position : [  2.59155224 115.25445531]
New position (int) : [  3. 115.]
New velocity : [ 0.39020734 13.92685606]
Objective function value : 0.24728261232376103

Particle 8
New position : [  1.99916993 149.10479924]
New position (int) : [  2. 149.]
New velocity : [ 0.48736864 -0.49730655]
Objective function value : 0.242934787273407

Particle 9
New position : [  1.73453756 122.0134433 ]
New position (int) : [  2. 122.]
New velocity : [0.50904767 5.84364867]
Objective function value : 0.23804348707199097
End of generation
Best position : [  2. 124.]
Best objective function value : 0.21304347515106203


***** Particle generation 9 ******

Particle 0
New position : [  2.57642874 166.96870903]
New position (int) : [  3. 167.]
New velocity : [ 0.37109795 -9.9008474 ]
Objective function value : 0.23804348707199097

Particle 1
New position : [  2.52373681 129.20468556]
New position (int) : [  3. 129.]
New velocity : [-1.29306854  9.46942161]
Objective function value : 0.267391300201416

Particle 2
New position : [  2.00635621 141.32329192]
New position (int) : [  2. 141.]
New velocity : [ 0.21775735 29.87413941]
Objective function value : 0.23750001192092896

Particle 3
New position : [  1.84418425 119.92436599]
New position (int) : [  2. 120.]
New velocity : [1.54411151e-02 2.03613597e+01]
Objective function value : 0.23260868787765498

Particle 4
New position : [  2.42713009 138.70770957]
New position (int) : [  2. 139.]
New velocity : [-0.08448599 20.11654011]
Objective function value : 0.226630425453186

Particle 5
New position : [  3.0805822  119.32959571]
New position (int) : [  3. 119.]
New velocity : [0.52316905 9.86176132]
Objective function value : 0.23369565010070803

Particle 6
New position : [  2.16279214 168.77258818]
New position (int) : [  2. 169.]
New velocity : [ 0.04714202 19.35154684]
Objective function value : 0.23097826242446895

Particle 7
New position : [  2.43302405 132.09818739]
New position (int) : [  2. 132.]
New velocity : [-0.15852819 16.84373208]
Objective function value : 0.25652174949646

Particle 8
New position : [  2.2433588  154.50640578]
New position (int) : [  2. 155.]
New velocity : [0.24418887 5.40160654]
Objective function value : 0.27663043737411497

Particle 9
New position : [  2.16872353 126.28013715]
New position (int) : [  2. 126.]
New velocity : [0.43418598 4.26669385]
Objective function value : 0.25217391252517696
End of generation
Best position : [  2. 124.]
Best objective function value : 0.21304347515106203


***** Optimal configuration found by PSO ******
N. hidden layers : 2.0
N. neurons per layer : 124.0
Accuracy on validation set : 0.786956524848938
Execution time : 00:17:47.95
Accuracy on test set : 0.7467532753944397
