

***** PSO Configuration ******
w : 0.5
c1 : 0.5
c2 : 0.5
swarm_size : 10
num_generations : 10
min_init_velocity : [1, 4]
max_init_velocity : [3, 32]
max_velocity : [3, 32]
bounds : [(1, 10), (4, 384)]


***** Particles initialization *****

Particle 0
Position : [  5.5 194. ]
Velocity : [ -1.16582069 -28.14061699]

Particle 1
Position : [ 7.75 99.  ]
Velocity : [  1.11271758 -10.40616964]

Particle 2
Position : [  3.25 289.  ]
Velocity : [ 1.42205393 18.34162995]

Particle 3
Position : [  4.375 146.5  ]
Velocity : [ -1.17153447 -26.65629141]

Particle 4
Position : [  8.875 336.5  ]
Velocity : [ -2.60216284 -31.3821008 ]

Particle 5
Position : [ 6.625 51.5  ]
Velocity : [-3.28439796 -6.95715004]

Particle 6
Position : [  2.125 241.5  ]
Velocity : [  3.52018353 -12.08640051]

Particle 7
Position : [  2.6875 122.75  ]
Velocity : [-2.46580992 26.77307677]

Particle 8
Position : [  7.1875 312.75  ]
Velocity : [ -2.63226043 -17.93972487]

Particle 9
Position : [ 9.4375 27.75  ]
Velocity : [  3.83513398 -28.96905071]


***** Particle generation 0 ******

Particle 0
New position : [  4.61849298 184.0247316 ]
New position (int) : [  5. 184.]
New velocity : [-0.88150702 -9.9752684 ]
Objective function value : 0.26847826242446904

Particle 1
New position : [  5.92655411 131.        ]
New position (int) : [  6. 131.]
New velocity : [-1.82344589 32.        ]
Objective function value : 0.27173912525177

Particle 2
New position : [  3.63378585 285.86654903]
New position (int) : [  4. 286.]
New velocity : [ 0.38378585 -3.13345097]
Objective function value : 0.275

Particle 3
New position : [  2.60180973 178.5       ]
New position (int) : [  3. 178.]
New velocity : [-1.77319027 32.        ]
Objective function value : 0.25923912525177006

Particle 4
New position : [  5.875 304.5  ]
New position (int) : [  6. 304.]
New velocity : [ -3. -32.]
Objective function value : 0.26195652484893794

Particle 5
New position : [ 4.92083743 50.57365494]
New position (int) : [ 5. 51.]
New velocity : [-1.70416257 -0.92634506]
Objective function value : 0.26956521272659306

Particle 6
New position : [  3.8564665  235.57130078]
New position (int) : [  4. 236.]
New velocity : [ 1.7314665  -5.92869922]
Objective function value : 0.26195652484893794

Particle 7
New position : [  1.28866098 154.75      ]
New position (int) : [  1. 155.]
New velocity : [-1.39883902 32.        ]
Objective function value : 0.30380436182022097

Particle 8
New position : [  4.90391603 290.58546705]
New position (int) : [  5. 291.]
New velocity : [ -2.28358397 -22.16453295]
Objective function value : 0.2505434632301331

Particle 9
New position : [ 9.71423553 59.75      ]
New position (int) : [10. 60.]
New velocity : [ 0.27673553 32.        ]
Objective function value : 0.263043487071991
End of generation
Best position : [  2. 242.]
Best objective function value : 0.239673912525177


***** Particle generation 1 ******

Particle 0
New position : [  2.66642764 200.4670923 ]
New position (int) : [  3. 200.]
New velocity : [-1.95206535 16.4423607 ]
Objective function value : 0.269565224647522

Particle 1
New position : [  3.38973391 163.        ]
New position (int) : [  3. 163.]
New velocity : [-2.5368202 32.       ]
Objective function value : 0.23097826242446895

Particle 2
New position : [  3.10054394 264.37316317]
New position (int) : [  3. 264.]
New velocity : [ -0.53324191 -21.49338586]
Objective function value : 0.26847825050354

Particle 3
New position : [  1.25193195 210.5       ]
New position (int) : [  1. 210.]
New velocity : [ 1.85374167 32.        ]
Objective function value : 0.2815217256546021

Particle 4
New position : [  2.875 272.5  ]
New position (int) : [  3. 272.]
New velocity : [ -3. -32.]
Objective function value : 0.24619565010070799

Particle 5
New position : [ 2.59950227 82.57365494]
New position (int) : [ 3. 83.]
New velocity : [-2.32133516 32.        ]
Objective function value : 0.25815217494964604

Particle 6
New position : [  4.91831244 231.93773467]
New position (int) : [  5. 232.]
New velocity : [ 1.06184593 -3.63356612]
Objective function value : 0.27608696222305296

Particle 7
New position : [  1.80550467 186.75      ]
New position (int) : [  2. 187.]
New velocity : [ 1.09416565 32.        ]
Objective function value : 0.24836955070495603

Particle 8
New position : [  1.97202397 258.58546705]
New position (int) : [  2. 259.]
New velocity : [ -2.93189206 -32.        ]
Objective function value : 0.253804349899292

Particle 9
New position : [ 8.13055449 91.75      ]
New position (int) : [ 8. 92.]
New velocity : [-1.58368104 32.        ]
Objective function value : 0.24076087474822994
End of generation
Best position : [  3. 163.]
Best objective function value : 0.23097826242446895


***** Particle generation 2 ******

Particle 0
New position : [  1.86766927 192.47151239]
New position (int) : [  2. 192.]
New velocity : [-0.79875837 -7.99557991]
Objective function value : 0.26195651292800903

Particle 1
New position : [  1.96086797 179.        ]
New position (int) : [  2. 179.]
New velocity : [-1.42886595 16.        ]
Objective function value : 0.249456524848938

Particle 2
New position : [  2.86176294 232.83997176]
New position (int) : [  3. 233.]
New velocity : [ -0.238781   -31.53319141]
Objective function value : 0.247282600402832

Particle 3
New position : [  3.53929118 212.81712298]
New position (int) : [  4. 213.]
New velocity : [2.28735924 2.31712298]
Objective function value : 0.277717399597168

Particle 4
New position : [  1.4467255 240.5      ]
New position (int) : [  1. 240.]
New velocity : [  2.3217255 -32.       ]
Objective function value : 0.288043475151062

Particle 5
New position : [ 1.85864853 98.09746006]
New position (int) : [ 2. 98.]
New velocity : [-0.74085374 15.52380512]
Objective function value : 0.26521737575531

Particle 6
New position : [  3.89964111 209.67004318]
New position (int) : [  4. 210.]
New velocity : [ -1.01867132 -22.26769148]
Objective function value : 0.2597826004028321

Particle 7
New position : [  2.48020163 201.42899547]
New position (int) : [  2. 201.]
New velocity : [ 0.67469695 14.67899547]
Objective function value : 0.25108696222305293

Particle 8
New position : [  1.45919775 226.58546705]
New position (int) : [  1. 227.]
New velocity : [  1.43122172 -32.        ]
Objective function value : 0.29021738767623906

Particle 9
New position : [  5.26460901 123.75      ]
New position (int) : [  5. 124.]
New velocity : [-2.86594547 32.        ]
Objective function value : 0.267934787273407
End of generation
Best position : [  3. 163.]
Best objective function value : 0.23097826242446895


***** Particle generation 3 ******

Particle 0
New position : [  2.34532695 174.81596552]
New position (int) : [  2. 175.]
New velocity : [  0.47765768 -17.65554687]
Objective function value : 0.24782608747482304

Particle 1
New position : [  1.40964807 182.45491131]
New position (int) : [  1. 182.]
New velocity : [-0.55121989  3.45491131]
Objective function value : 0.26304347515106197

Particle 2
New position : [  2.80931519 200.83997176]
New position (int) : [  3. 201.]
New velocity : [ -0.05244775 -32.        ]
Objective function value : 0.276630449295044

Particle 3
New position : [  4.42289704 193.49311428]
New position (int) : [  4. 193.]
New velocity : [  0.88360586 -19.3240087 ]
Objective function value : 0.264673912525177

Particle 4
New position : [  3.90605019 208.5       ]
New position (int) : [  4. 208.]
New velocity : [  2.45932469 -32.        ]
Objective function value : 0.26141304969787593

Particle 5
New position : [  2.97034678 104.29631661]
New position (int) : [  3. 104.]
New velocity : [1.11169825 6.19885654]
Objective function value : 0.2706521630287171

Particle 6
New position : [  2.53407503 190.74459525]
New position (int) : [  3. 191.]
New velocity : [ -1.36556608 -18.92544793]
Objective function value : 0.270652174949646

Particle 7
New position : [  3.18229948 194.39370773]
New position (int) : [  3. 194.]
New velocity : [ 0.70209785 -7.03528774]
Objective function value : 0.26141304969787593

Particle 8
New position : [  3.24344264 227.44342322]
New position (int) : [  3. 227.]
New velocity : [1.78424489 0.85795617]
Objective function value : 0.26576087474822996

Particle 9
New position : [  3.50176051 145.03751014]
New position (int) : [  4. 145.]
New velocity : [-1.7628485  21.28751014]
Objective function value : 0.28641303777694704
End of generation
Best position : [  3. 163.]
Best objective function value : 0.23097826242446895


***** Particle generation 4 ******

Particle 0
New position : [  2.7421116  162.22300708]
New position (int) : [  3. 162.]
New velocity : [  0.39678466 -12.59295845]
Objective function value : 0.267391312122345

Particle 1
New position : [  2.25910337 170.41934732]
New position (int) : [  2. 170.]
New velocity : [  0.8494553  -12.03556399]
Objective function value : 0.27336956262588497

Particle 2
New position : [  2.83124802 168.83997176]
New position (int) : [  3. 169.]
New velocity : [ 2.19328301e-02 -3.20000000e+01]
Objective function value : 0.27173912525177

Particle 3
New position : [  3.89700541 170.20511977]
New position (int) : [  4. 170.]
New velocity : [ -0.52589163 -23.2879945 ]
Objective function value : 0.27282608747482295

Particle 4
New position : [  4.8508281  193.43040442]
New position (int) : [  5. 193.]
New velocity : [  0.94477791 -15.06959558]
Objective function value : 0.25815217494964604

Particle 5
New position : [  4.58189994 104.39470542]
New position (int) : [  5. 104.]
New velocity : [1.61155316 0.09838881]
Objective function value : 0.27173914909362795

Particle 6
New position : [  1.86913036 180.93848139]
New position (int) : [  2. 181.]
New velocity : [-0.66494467 -9.80611386]
Objective function value : 0.2467391133308411

Particle 7
New position : [  2.99957113 186.40420237]
New position (int) : [  3. 186.]
New velocity : [-0.18272835 -7.98950536]
Objective function value : 0.267934787273407

Particle 8
New position : [  4.56775922 220.58826642]
New position (int) : [  5. 221.]
New velocity : [ 1.32431658 -6.8551568 ]
Objective function value : 0.2711956620216369

Particle 9
New position : [  2.52936221 162.19349994]
New position (int) : [  3. 162.]
New velocity : [-0.9723983 17.1559898]
Objective function value : 0.270652174949646
End of generation
Best position : [  3. 163.]
Best objective function value : 0.23097826242446895


***** Particle generation 5 ******

Particle 0
New position : [  3.00696474 154.8839821 ]
New position (int) : [  3. 155.]
New velocity : [ 0.26485314 -7.33902497]
Objective function value : 0.278804337978363

Particle 1
New position : [  2.93420398 161.89432766]
New position (int) : [  3. 162.]
New velocity : [ 0.67510061 -8.52501966]
Objective function value : 0.245652186870575

Particle 2
New position : [  2.93963101 181.10066484]
New position (int) : [  3. 181.]
New velocity : [ 0.108383   12.26069309]
Objective function value : 0.277173912525177

Particle 3
New position : [  3.06468525 158.40865797]
New position (int) : [  3. 158.]
New velocity : [ -0.83232017 -11.7964618 ]
Objective function value : 0.22826087474822998

Particle 4
New position : [  4.16172178 207.01834124]
New position (int) : [  4. 207.]
New velocity : [-0.68910633 13.58793683]
Objective function value : 0.25489131212234495

Particle 5
New position : [  5.20623508 115.51211289]
New position (int) : [  5. 116.]
New velocity : [ 0.62433515 11.11740747]
Objective function value : 0.275

Particle 6
New position : [  1.77412114 202.99820772]
New position (int) : [  2. 203.]
New velocity : [-0.09500922 22.05972633]
Objective function value : 0.277717399597168

Particle 7
New position : [  2.83555071 171.06696567]
New position (int) : [  3. 171.]
New velocity : [ -0.16402042 -15.33723671]
Objective function value : 0.27228261232376094

Particle 8
New position : [  5.05698967 216.26083531]
New position (int) : [  5. 216.]
New velocity : [ 0.48923045 -4.32743112]
Objective function value : 0.2608695745468139

Particle 9
New position : [  4.81707014 137.09718893]
New position (int) : [  5. 137.]
New velocity : [  2.28770793 -25.09631102]
Objective function value : 0.25217391252517696
End of generation
Best position : [  3. 158.]
Best objective function value : 0.22826087474822998


***** Particle generation 6 ******

Particle 0
New position : [  3.06712858 153.84321909]
New position (int) : [  3. 154.]
New velocity : [ 0.06016384 -1.04076302]
Objective function value : 0.2614130258560181

Particle 1
New position : [  3.31695893 157.17991742]
New position (int) : [  3. 157.]
New velocity : [ 0.38275495 -4.71441023]
Objective function value : 0.280978262424469

Particle 2
New position : [  3.02664623 206.87301789]
New position (int) : [  3. 207.]
New velocity : [ 0.08701522 25.77235305]
Objective function value : 0.26847826242446904

Particle 3
New position : [  2.60658257 152.24417014]
New position (int) : [  3. 152.]
New velocity : [-0.45810267 -6.16448783]
Objective function value : 0.29619566202163694

Particle 4
New position : [  3.22797461 216.36864059]
New position (int) : [  3. 216.]
New velocity : [-0.93374716  9.35029935]
Objective function value : 0.23423913717269895

Particle 5
New position : [  5.18746392 117.4648169 ]
New position (int) : [  5. 117.]
New velocity : [-0.01877117  1.95270401]
Objective function value : 0.267391300201416

Particle 6
New position : [  2.2026176  203.95998907]
New position (int) : [  2. 204.]
New velocity : [0.42849646 0.96178136]
Objective function value : 0.2505434870719909

Particle 7
New position : [  2.38283399 167.07138147]
New position (int) : [  2. 167.]
New velocity : [-0.45271672 -3.99558419]
Objective function value : 0.22391304969787595

Particle 8
New position : [  4.4347005  190.51597253]
New position (int) : [  4. 191.]
New velocity : [ -0.62228917 -25.74486278]
Objective function value : 0.28641304969787595

Particle 9
New position : [  5.45325567 129.51135786]
New position (int) : [  5. 130.]
New velocity : [ 0.63618553 -7.58583107]
Objective function value : 0.27228261232376094
End of generation
Best position : [  2. 167.]
Best objective function value : 0.22391304969787595


***** Particle generation 7 ******

Particle 0
New position : [  2.70063936 158.61210186]
New position (int) : [  3. 159.]
New velocity : [-0.36648922  4.76888277]
Objective function value : 0.24945651292800908

Particle 1
New position : [  3.41907434 156.70139496]
New position (int) : [  3. 157.]
New velocity : [ 0.10211541 -0.47852246]
Objective function value : 0.24891303777694707

Particle 2
New position : [  2.65602314 207.52904048]
New position (int) : [  3. 208.]
New velocity : [-0.37062309  0.65602259]
Objective function value : 0.24673912525177

Particle 3
New position : [  2.25501914 152.82657743]
New position (int) : [  2. 153.]
New velocity : [-0.35156343  0.58240729]
Objective function value : 0.264673912525177

Particle 4
New position : [  2.40921303 206.94056816]
New position (int) : [  2. 207.]
New velocity : [-0.81876158 -9.42807244]
Objective function value : 0.24184782505035396

Particle 5
New position : [  4.91625756 116.68157169]
New position (int) : [  5. 117.]
New velocity : [-0.27120636 -0.78324521]
Objective function value : 0.277173912525177

Particle 6
New position : [  2.37416858 206.85970632]
New position (int) : [  2. 207.]
New velocity : [0.17155097 2.89971725]
Objective function value : 0.2641304492950439

Particle 7
New position : [  2.03337045 165.05063552]
New position (int) : [  2. 165.]
New velocity : [-0.34946355 -2.02074596]
Objective function value : 0.277717399597168

Particle 8
New position : [  3.04895207 175.03368032]
New position (int) : [  3. 175.]
New velocity : [ -1.38574843 -15.48229221]
Objective function value : 0.28641304969787595

Particle 9
New position : [  5.92602255 121.90358703]
New position (int) : [  6. 122.]
New velocity : [ 0.47276688 -7.60777082]
Objective function value : 0.30489130020141597
End of generation
Best position : [  2. 167.]
Best objective function value : 0.22391304969787595


***** Particle generation 8 ******

Particle 0
New position : [  1.95981411 171.3383676 ]
New position (int) : [  2. 171.]
New velocity : [-0.74082526 12.72626574]
Objective function value : 0.24456521272659304

Particle 1
New position : [  3.17271694 159.90546195]
New position (int) : [  3. 160.]
New velocity : [-0.2463574   3.20406699]
Objective function value : 0.26847825050354

Particle 2
New position : [  2.44302228 205.82067258]
New position (int) : [  2. 206.]
New velocity : [-0.21300086 -1.7083679 ]
Objective function value : 0.25434783697128294

Particle 3
New position : [  2.16839985 156.77421464]
New position (int) : [  2. 157.]
New velocity : [-0.08661929  3.94763721]
Objective function value : 0.2603260993957519

Particle 4
New position : [  1.81076762 194.66409405]
New position (int) : [  2. 195.]
New velocity : [ -0.59844541 -12.27647411]
Objective function value : 0.261413037776947

Particle 5
New position : [ 4.85314845 99.41502628]
New position (int) : [ 5. 99.]
New velocity : [ -0.06310911 -17.26654541]
Objective function value : 0.246195662021637

Particle 6
New position : [  2.24902088 205.98700363]
New position (int) : [  2. 206.]
New velocity : [-0.1251477  -0.87270269]
Objective function value : 0.261413037776947

Particle 7
New position : [  1.72891967 164.01872225]
New position (int) : [  2. 164.]
New velocity : [-0.30445078 -1.03191326]
Objective function value : 0.303260862827301

Particle 8
New position : [  3.01143524 207.03368032]
New position (int) : [  3. 207.]
New velocity : [-0.03751683 32.        ]
Objective function value : 0.24347825050354

Particle 9
New position : [  7.00999104 105.8327274 ]
New position (int) : [  7. 106.]
New velocity : [  1.08396849 -16.07085963]
Objective function value : 0.2570652365684509
End of generation
Best position : [  2. 167.]
Best objective function value : 0.22391304969787595


***** Particle generation 9 ******

Particle 0
New position : [  1.60832343 176.44744261]
New position (int) : [  2. 176.]
New velocity : [-0.35149068  5.10907501]
Objective function value : 0.242934787273407

Particle 1
New position : [  2.42843234 165.67746007]
New position (int) : [  2. 166.]
New velocity : [-0.74428459  5.77199812]
Objective function value : 0.24945651292800908

Particle 2
New position : [  2.29174193 197.83699507]
New position (int) : [  2. 198.]
New velocity : [-0.15128035 -7.98367751]
Objective function value : 0.282065212726593

Particle 3
New position : [  2.35649698 161.39577146]
New position (int) : [  2. 161.]
New velocity : [0.18809713 4.62155681]
Objective function value : 0.251086950302124

Particle 4
New position : [  1.61732721 179.19354258]
New position (int) : [  2. 179.]
New velocity : [ -0.19344042 -15.47055147]
Objective function value : 0.25489130020141604

Particle 5
New position : [  3.99199629 111.3406178 ]
New position (int) : [  4. 111.]
New velocity : [-0.86115216 11.92559152]
Objective function value : 0.253260862827301

Particle 6
New position : [  2.11547689 216.71586893]
New position (int) : [  2. 217.]
New velocity : [-0.13354398 10.7288653 ]
Objective function value : 0.26304347515106197

Particle 7
New position : [  1.68008609 164.80468138]
New position (int) : [  2. 165.]
New velocity : [-0.04883358  0.78595913]
Objective function value : 0.26847827434539795

Particle 8
New position : [  2.50913837 203.95413198]
New position (int) : [  3. 204.]
New velocity : [-0.50229687 -3.07954833]
Objective function value : 0.27826087474823

Particle 9
New position : [  7.31236653 100.59920188]
New position (int) : [  7. 101.]
New velocity : [ 0.30237549 -5.23352551]
Objective function value : 0.24402174949645994
End of generation
Best position : [  2. 167.]
Best objective function value : 0.22391304969787595


***** Optimal configuration found by PSO ******
N. hidden layers : 2.0
N. neurons per layer : 167.0
Accuracy on validation set : 0.776086950302124
Execution time : 00:16:24.19
Accuracy on test set : 0.7034631967544556
