

***** PSO Configuration ******
w : 0.5
c1 : 0.5
c2 : 0.5
swarm_size : 10
num_generations : 10
min_init_velocity : [1, 4]
max_init_velocity : [3, 32]
max_velocity : [3, 32]
bounds : [(1, 10), (4, 384)]


***** Particles initialization *****

Particle 0
Position : [  5.5 194. ]
Velocity : [ -2.41752646 -13.074311  ]

Particle 1
Position : [ 7.75 99.  ]
Velocity : [  1.80013594 -27.26163423]

Particle 2
Position : [  3.25 289.  ]
Velocity : [-3.52697673 28.09127702]

Particle 3
Position : [  4.375 146.5  ]
Velocity : [-2.88853152 30.01371277]

Particle 4
Position : [  8.875 336.5  ]
Velocity : [ -3.02057739 -31.14926208]

Particle 5
Position : [ 6.625 51.5  ]
Velocity : [ 2.86657889 20.52768424]

Particle 6
Position : [  2.125 241.5  ]
Velocity : [-3.84318272  7.24674326]

Particle 7
Position : [  2.6875 122.75  ]
Velocity : [ -2.57278702 -17.3857586 ]

Particle 8
Position : [  7.1875 312.75  ]
Velocity : [ -2.50486323 -24.5565965 ]

Particle 9
Position : [ 9.4375 27.75  ]
Velocity : [ -1.42901499 -18.21323604]


***** Particle generation 0 ******

Particle 0
New position : [  4.5515706 177.5701588]
New position (int) : [  5. 178.]
New velocity : [ -0.9484294 -16.4298412]
Objective function value : 0.25597826242446897

Particle 1
New position : [ 8.72142442 85.36918288]
New position (int) : [ 9. 85.]
New velocity : [  0.97142442 -13.63081712]
Objective function value : 0.24402173757553103

Particle 2
New position : [  2.89158706 257.        ]
New position (int) : [  3. 257.]
New velocity : [ -0.35841294 -32.        ]
Objective function value : 0.24510868787765505

Particle 3
New position : [  4.1919731  144.98027826]
New position (int) : [  4. 145.]
New velocity : [-0.1830269  -1.51972174]
Objective function value : 0.242934787273407

Particle 4
New position : [  7.05936346 304.5       ]
New position (int) : [  7. 304.]
New velocity : [ -1.81563654 -32.        ]
Objective function value : 0.27336956262588497

Particle 5
New position : [ 8.60285668 80.57616487]
New position (int) : [ 9. 81.]
New velocity : [ 1.97785668 29.07616487]
Objective function value : 0.23478261232376096

Particle 6
New position : [  1.59529508 211.36272175]
New position (int) : [  2. 211.]
New velocity : [ -0.52970492 -30.13727825]
Objective function value : 0.24891303777694707

Particle 7
New position : [  3.03061845 106.7722437 ]
New position (int) : [  3. 107.]
New velocity : [  0.34311845 -15.9777563 ]
Objective function value : 0.23532608747482298

Particle 8
New position : [  6.05697271 280.75      ]
New position (int) : [  6. 281.]
New velocity : [ -1.13052729 -32.        ]
Objective function value : 0.279347813129425

Particle 9
New position : [ 8.17309859 45.89899372]
New position (int) : [ 8. 46.]
New velocity : [-1.26440141 18.14899372]
Objective function value : 0.266847825050354
End of generation
Best position : [ 9. 81.]
Best objective function value : 0.23478261232376096


***** Particle generation 1 ******

Particle 0
New position : [  4.72713477 145.5701588 ]
New position (int) : [  5. 146.]
New velocity : [  0.17556416 -32.        ]
Objective function value : 0.26249998807907104

Particle 1
New position : [ 9.46692511 74.74190311]
New position (int) : [ 9. 75.]
New velocity : [  0.74550069 -10.62727977]
Objective function value : 0.235869574546814

Particle 2
New position : [  3.89107174 225.        ]
New position (int) : [  4. 225.]
New velocity : [  0.99948468 -32.        ]
Objective function value : 0.27228260040283203

Particle 3
New position : [  4.39643344 137.06672087]
New position (int) : [  4. 137.]
New velocity : [ 0.20446035 -7.91355739]
Objective function value : 0.257608687877655

Particle 4
New position : [  6.04437113 284.51868993]
New position (int) : [  6. 285.]
New velocity : [ -1.01499233 -19.98131007]
Objective function value : 0.25760869979858403

Particle 5
New position : [  9.07436257 110.02043599]
New position (int) : [  9. 110.]
New velocity : [-2.32278075 29.44427112]
Objective function value : 0.2565217256546021

Particle 6
New position : [  4.47938842 179.36272175]
New position (int) : [  4. 179.]
New velocity : [  2.88409334 -32.        ]
Objective function value : 0.25434783697128294

Particle 7
New position : [ 4.95992119 83.94683153]
New position (int) : [ 5. 84.]
New velocity : [  1.92930274 -22.82541217]
Objective function value : 0.23043477535247803

Particle 8
New position : [  6.61886907 248.75      ]
New position (int) : [  7. 249.]
New velocity : [  0.56189636 -32.        ]
Objective function value : 0.27608695030212405

Particle 9
New position : [ 7.27727571 65.36365369]
New position (int) : [ 7. 65.]
New velocity : [-0.89582288 19.46465997]
Objective function value : 0.24184781312942505
End of generation
Best position : [ 5. 84.]
Best objective function value : 0.23043477535247803


***** Particle generation 2 ******

Particle 0
New position : [  5.10719446 113.5701588 ]
New position (int) : [  5. 114.]
New velocity : [  0.38005969 -32.        ]
Objective function value : 0.25

Particle 1
New position : [ 9.53154691 69.87119366]
New position (int) : [10. 70.]
New velocity : [ 0.0646218  -4.87070946]
Objective function value : 0.28043477535247807

Particle 2
New position : [  4.90703682 193.        ]
New position (int) : [  5. 193.]
New velocity : [  1.01596507 -32.        ]
Objective function value : 0.25217391252517696

Particle 3
New position : [  4.5173865  128.68305237]
New position (int) : [  5. 129.]
New velocity : [ 0.12095305 -8.38366851]
Objective function value : 0.23804348707199097

Particle 4
New position : [  6.40954447 252.51868993]
New position (int) : [  6. 253.]
New velocity : [  0.36517335 -32.        ]
Objective function value : 0.270108699798584

Particle 5
New position : [  6.96393499 119.97249558]
New position (int) : [  7. 120.]
New velocity : [-2.11042757  9.95205959]
Objective function value : 0.264130437374115

Particle 6
New position : [  5.93012928 147.36272175]
New position (int) : [  6. 147.]
New velocity : [  1.45074086 -32.        ]
Objective function value : 0.25

Particle 7
New position : [ 6.70683979 63.48536802]
New position (int) : [ 7. 63.]
New velocity : [  1.74691861 -20.46146351]
Objective function value : 0.24293477535247798

Particle 8
New position : [  6.87807024 232.97201219]
New position (int) : [  7. 233.]
New velocity : [  0.25920117 -15.77798781]
Objective function value : 0.28043477535247807

Particle 9
New position : [ 5.67711582 84.16787096]
New position (int) : [ 6. 84.]
New velocity : [-1.60015988 18.80421727]
Objective function value : 0.24456522464752195
End of generation
Best position : [ 5. 84.]
Best objective function value : 0.23043477535247803


***** Particle generation 3 ******

Particle 0
New position : [ 5.21811699 89.41624084]
New position (int) : [ 5. 89.]
New velocity : [  0.11092254 -24.15391796]
Objective function value : 0.24891303777694707

Particle 1
New position : [ 8.04534672 71.84886211]
New position (int) : [ 8. 72.]
New velocity : [-1.48620019  1.97766845]
Objective function value : 0.25760869979858403

Particle 2
New position : [  5.43474417 161.        ]
New position (int) : [  5. 161.]
New velocity : [  0.52770735 -32.        ]
Objective function value : 0.24673912525177

Particle 3
New position : [  4.88024417 118.48690167]
New position (int) : [  5. 118.]
New velocity : [  0.36285768 -10.1961507 ]
Objective function value : 0.26902174949645996

Particle 4
New position : [  7.41186481 254.91976012]
New position (int) : [  7. 255.]
New velocity : [1.00232034 2.40107019]
Objective function value : 0.26630434989929197

Particle 5
New position : [  6.46351344 112.9818481 ]
New position (int) : [  6. 113.]
New velocity : [-0.50042156 -6.99064749]
Objective function value : 0.24184782505035396

Particle 6
New position : [  5.11561433 147.14263712]
New position (int) : [  5. 147.]
New velocity : [-0.81451495 -0.22008463]
Objective function value : 0.278260862827301

Particle 7
New position : [ 7.34555818 56.32621694]
New position (int) : [ 7. 56.]
New velocity : [ 0.63871839 -7.15915108]
Objective function value : 0.24891303777694707

Particle 8
New position : [  6.63485671 218.98321154]
New position (int) : [  7. 219.]
New velocity : [ -0.24321353 -13.98880065]
Objective function value : 0.25489130020141604

Particle 9
New position : [ 4.31532736 95.55473177]
New position (int) : [ 4. 96.]
New velocity : [-1.36178846 11.38686081]
Objective function value : 0.24891304969787598
End of generation
Best position : [ 5. 84.]
Best objective function value : 0.23043477535247803


***** Particle generation 4 ******

Particle 0
New position : [ 5.19514234 67.40909753]
New position (int) : [ 5. 67.]
New velocity : [ -0.02297465 -22.00714332]
Objective function value : 0.240217387676239

Particle 1
New position : [ 6.26874623 79.09601844]
New position (int) : [ 6. 79.]
New velocity : [-1.7766005   7.24715634]
Objective function value : 0.288586962223053

Particle 2
New position : [  4.99677119 159.04853647]
New position (int) : [  5. 159.]
New velocity : [-0.43797297 -1.95146353]
Objective function value : 0.24402173757553103

Particle 3
New position : [  5.19319249 111.90077621]
New position (int) : [  5. 112.]
New velocity : [ 0.31294832 -6.58612546]
Objective function value : 0.26304347515106197

Particle 4
New position : [  6.73644408 222.91976012]
New position (int) : [  7. 223.]
New velocity : [ -0.67542073 -32.        ]
Objective function value : 0.24945651292800908

Particle 5
New position : [ 7.05710367 91.0635314 ]
New position (int) : [ 7. 91.]
New velocity : [  0.59359023 -21.9183167 ]
Objective function value : 0.24782609939575195

Particle 6
New position : [  4.44080415 126.24729144]
New position (int) : [  4. 126.]
New velocity : [ -0.67481019 -20.89534568]
Objective function value : 0.25597826242446897

Particle 7
New position : [ 6.09036497 71.32380657]
New position (int) : [ 6. 71.]
New velocity : [-1.25519321 14.99758963]
Objective function value : 0.236956512928009

Particle 8
New position : [  6.29777148 205.91709127]
New position (int) : [  6. 206.]
New velocity : [ -0.33708523 -13.06612027]
Objective function value : 0.27663043737411497

Particle 9
New position : [ 3.7862266 99.2391334]
New position (int) : [ 4. 99.]
New velocity : [-0.52910076  3.68440163]
Objective function value : 0.24945651292800908
End of generation
Best position : [ 5. 84.]
Best objective function value : 0.23043477535247803


***** Particle generation 5 ******

Particle 0
New position : [ 5.13335835 51.68670742]
New position (int) : [ 5. 52.]
New velocity : [ -0.06178399 -15.72239011]
Objective function value : 0.239673912525177

Particle 1
New position : [ 5.63347843 82.52042542]
New position (int) : [ 6. 83.]
New velocity : [-0.63526779  3.42440697]
Objective function value : 0.25869565010070805

Particle 2
New position : [  4.77802494 157.27249898]
New position (int) : [  5. 157.]
New velocity : [-0.21874625 -1.77603749]
Objective function value : 0.24782608747482304

Particle 3
New position : [ 5.2837414  99.18099889]
New position (int) : [ 5. 99.]
New velocity : [  0.0905489  -12.71977732]
Objective function value : 0.25

Particle 4
New position : [  5.86036437 190.91976012]
New position (int) : [  6. 191.]
New velocity : [ -0.8760797 -32.       ]
Objective function value : 0.25869565010070805

Particle 5
New position : [ 7.91442557 76.43196049]
New position (int) : [ 8. 76.]
New velocity : [  0.8573219  -14.63157092]
Objective function value : 0.25271738767623897

Particle 6
New position : [  3.14906479 158.24729144]
New position (int) : [  3. 158.]
New velocity : [-1.29173935 32.        ]
Objective function value : 0.24782609939575195

Particle 7
New position : [ 4.58118103 89.07162061]
New position (int) : [ 5. 89.]
New velocity : [-1.50918394 17.74781404]
Objective function value : 0.24836956262588505

Particle 8
New position : [  6.17672169 211.18120041]
New position (int) : [  6. 211.]
New velocity : [-0.12104979  5.26410915]
Objective function value : 0.2597826242446899

Particle 9
New position : [ 4.94089873 85.05459293]
New position (int) : [ 5. 85.]
New velocity : [  1.15467213 -14.18454047]
Objective function value : 0.24836956262588505
End of generation
Best position : [ 5. 84.]
Best objective function value : 0.23043477535247803


***** Particle generation 6 ******

Particle 0
New position : [ 5.004079   45.28633871]
New position (int) : [ 5. 45.]
New velocity : [-0.12927935 -6.40036871]
Objective function value : 0.25326087474823

Particle 1
New position : [ 6.18749034 82.31570827]
New position (int) : [ 6. 82.]
New velocity : [ 0.5540119  -0.20471715]
Objective function value : 0.26630433797836306

Particle 2
New position : [  4.60581216 143.31367391]
New position (int) : [  5. 143.]
New velocity : [ -0.17221278 -13.95882508]
Objective function value : 0.25108696222305293

Particle 3
New position : [ 5.19948416 93.14411377]
New position (int) : [ 5. 93.]
New velocity : [-0.08425724 -6.03688512]
Objective function value : 0.25489130020141604

Particle 4
New position : [  5.03110591 158.91976012]
New position (int) : [  5. 159.]
New velocity : [ -0.82925846 -32.        ]
Objective function value : 0.24510868787765505

Particle 5
New position : [ 8.56948909 71.16835411]
New position (int) : [ 9. 71.]
New velocity : [ 0.65506352 -5.26360637]
Objective function value : 0.242391312122345

Particle 6
New position : [  2.85445754 177.43710163]
New position (int) : [  3. 177.]
New velocity : [-0.29460725 19.18981019]
Objective function value : 0.275

Particle 7
New position : [ 4.136895   94.18792722]
New position (int) : [ 4. 94.]
New velocity : [-0.44428603  5.1163066 ]
Objective function value : 0.23423913717269895

Particle 8
New position : [  6.15321973 216.79076643]
New position (int) : [  6. 217.]
New velocity : [-0.02350195  5.60956602]
Objective function value : 0.23206521272659297

Particle 9
New position : [ 6.28825159 70.46008514]
New position (int) : [ 6. 70.]
New velocity : [  1.34735286 -14.59450779]
Objective function value : 0.24456522464752195
End of generation
Best position : [ 5. 84.]
Best objective function value : 0.23043477535247803


***** Particle generation 7 ******

Particle 0
New position : [ 4.89017201 56.70599383]
New position (int) : [ 5. 57.]
New velocity : [-0.11390699 11.41965512]
Objective function value : 0.262500011920929

Particle 1
New position : [ 6.57054625 81.78795186]
New position (int) : [ 7. 82.]
New velocity : [ 0.38305591 -0.52775641]
Objective function value : 0.25543477535247805

Particle 2
New position : [  4.69263572 111.47266136]
New position (int) : [  5. 111.]
New velocity : [  0.08682356 -31.84101254]
Objective function value : 0.24130433797836304

Particle 3
New position : [ 5.10005692 91.05478039]
New position (int) : [ 5. 91.]
New velocity : [-0.09942723 -2.08933338]
Objective function value : 0.25217391252517696

Particle 4
New position : [  4.60268176 130.91984266]
New position (int) : [  5. 131.]
New velocity : [ -0.42842415 -27.99991746]
Objective function value : 0.23260871171951292

Particle 5
New position : [ 8.0935668  73.58582364]
New position (int) : [ 8. 74.]
New velocity : [-0.47592229  2.41746952]
Objective function value : 0.228804349899292

Particle 6
New position : [  3.46272129 161.8948387 ]
New position (int) : [  3. 162.]
New velocity : [  0.60826374 -15.54226293]
Objective function value : 0.23478260040283205

Particle 7
New position : [ 4.42409874 90.73345391]
New position (int) : [ 4. 91.]
New velocity : [ 0.28720374 -3.4544733 ]
Objective function value : 0.2641304135322571

Particle 8
New position : [  5.64262755 184.79076643]
New position (int) : [  6. 185.]
New velocity : [ -0.51059219 -32.        ]
Objective function value : 0.26847826242446904

Particle 9
New position : [ 6.91526976 64.00955941]
New position (int) : [ 7. 64.]
New velocity : [ 0.62701817 -6.45052572]
Objective function value : 0.24891304969787598
End of generation
Best position : [ 8. 74.]
Best objective function value : 0.228804349899292


***** Particle generation 8 ******

Particle 0
New position : [ 6.25595956 68.50885492]
New position (int) : [ 6. 69.]
New velocity : [ 1.36578755 11.80286109]
Objective function value : 0.22989132404327395

Particle 1
New position : [ 7.70430714 77.97126916]
New position (int) : [ 8. 78.]
New velocity : [ 1.1337609 -3.8166827]
Objective function value : 0.25543477535247805

Particle 2
New position : [ 6.17770855 80.17310978]
New position (int) : [ 6. 80.]
New velocity : [  1.48507283 -31.29955158]
Objective function value : 0.24891304969787598

Particle 3
New position : [ 6.09746766 91.24071593]
New position (int) : [ 6. 91.]
New velocity : [0.99741074 0.18593554]
Objective function value : 0.24619565010070799

Particle 4
New position : [ 5.53982576 98.91984266]
New position (int) : [ 6. 99.]
New velocity : [  0.937144 -32.      ]
Objective function value : 0.2717391133308411

Particle 5
New position : [ 7.83184804 74.8997305 ]
New position (int) : [ 8. 75.]
New velocity : [-0.26171876  1.31390686]
Objective function value : 0.26249999999999996

Particle 6
New position : [  5.65248124 129.8948387 ]
New position (int) : [  6. 130.]
New velocity : [  2.18975995 -32.        ]
Objective function value : 0.26630434989929197

Particle 7
New position : [ 5.06707216 85.0816448 ]
New position (int) : [ 5. 85.]
New velocity : [ 0.64297342 -5.65180911]
Objective function value : 0.27228261232376094

Particle 8
New position : [  6.11388334 152.79076643]
New position (int) : [  6. 153.]
New velocity : [  0.47125579 -32.        ]
Objective function value : 0.251086950302124

Particle 9
New position : [ 7.79440278 66.03957052]
New position (int) : [ 8. 66.]
New velocity : [0.87913302 2.03001111]
Objective function value : 0.24184783697128298
End of generation
Best position : [ 8. 74.]
Best objective function value : 0.228804349899292


***** Particle generation 9 ******

Particle 0
New position : [ 7.11947781 75.5497662 ]
New position (int) : [ 7. 76.]
New velocity : [0.86351825 7.04091128]
Objective function value : 0.24510869979858396

Particle 1
New position : [ 8.53000182 74.70245952]
New position (int) : [ 9. 75.]
New velocity : [ 0.82569467 -3.26880964]
Objective function value : 0.25489131212234495

Particle 2
New position : [ 7.3888795  56.87271856]
New position (int) : [ 7. 57.]
New velocity : [  1.21117095 -23.30039122]
Objective function value : 0.258152163028717

Particle 3
New position : [ 6.76029625 90.39231927]
New position (int) : [ 7. 90.]
New velocity : [ 0.66282859 -0.84839665]
Objective function value : 0.25815217494964604

Particle 4
New position : [ 6.57102602 73.6013282 ]
New position (int) : [ 7. 74.]
New velocity : [  1.03120026 -25.31851447]
Objective function value : 0.239130437374115

Particle 5
New position : [ 7.72715229 75.3884131 ]
New position (int) : [ 8. 75.]
New velocity : [-0.10469575  0.4886826 ]
Objective function value : 0.25163043737411495

Particle 6
New position : [  7.40263276 100.60501672]
New position (int) : [  7. 101.]
New velocity : [  1.75015152 -29.28982199]
Objective function value : 0.24347827434539793

Particle 7
New position : [ 6.45211144 77.85098654]
New position (int) : [ 6. 78.]
New velocity : [ 1.38503927 -7.23065826]
Objective function value : 0.256521737575531

Particle 8
New position : [  7.0361427  120.79076643]
New position (int) : [  7. 121.]
New velocity : [  0.92225936 -32.        ]
Objective function value : 0.275

Particle 9
New position : [ 8.41428382 69.48368782]
New position (int) : [ 8. 69.]
New velocity : [0.61988103 3.4441173 ]
Objective function value : 0.24565217494964597
End of generation
Best position : [ 8. 74.]
Best objective function value : 0.228804349899292


***** Optimal configuration found by PSO ******
N. hidden layers : 8.0
N. neurons per layer : 74.0
Accuracy on validation set : 0.771195650100708
Execution time : 00:24:06.85
Accuracy on test set : 0.7337662577629089
