

***** PSO Configuration ******
w : 0.5
c1 : 0.5
c2 : 0.5
swarm_size : 10
num_generations : 10
min_init_velocity : [1, 4]
max_init_velocity : [3, 32]
max_velocity : [3, 32]
bounds : [(1, 10), (4, 384)]


***** Particles initialization *****

Particle 0
Position : [  5.5 194. ]
Velocity : [-1.01036394  8.44635741]

Particle 1
Position : [ 7.75 99.  ]
Velocity : [ -1.25697506 -15.36393478]

Particle 2
Position : [  3.25 289.  ]
Velocity : [ 1.64122479 20.35236516]

Particle 3
Position : [  4.375 146.5  ]
Velocity : [-3.32960969 13.80636577]

Particle 4
Position : [  8.875 336.5  ]
Velocity : [-3.98184408 -8.82158901]

Particle 5
Position : [ 6.625 51.5  ]
Velocity : [  2.68045789 -15.89192682]

Particle 6
Position : [  2.125 241.5  ]
Velocity : [ -2.35242921 -19.21406553]

Particle 7
Position : [  2.6875 122.75  ]
Velocity : [-2.24074265 19.80847822]

Particle 8
Position : [  7.1875 312.75  ]
Velocity : [  3.55873704 -10.18664089]

Particle 9
Position : [ 9.4375 27.75  ]
Velocity : [ 1.10779415 -8.32381393]


***** Particle generation 0 ******

Particle 0
New position : [  4.03366673 211.40468221]
New position (int) : [  4. 211.]
New velocity : [-1.46633327 17.40468221]
Objective function value : 0.259782612323761

Particle 1
New position : [  6.05476278 117.84763368]
New position (int) : [  6. 118.]
New velocity : [-1.69523722 18.84763368]
Objective function value : 0.2875

Particle 2
New position : [  3.91720288 293.40798499]
New position (int) : [  4. 293.]
New velocity : [0.66720288 4.40798499]
Objective function value : 0.25543478727340696

Particle 3
New position : [  2.38018717 166.67297768]
New position (int) : [  2. 167.]
New velocity : [-1.99481283 20.17297768]
Objective function value : 0.24673912525177

Particle 4
New position : [  5.875      309.55395708]
New position (int) : [  6. 310.]
New velocity : [ -3.         -26.94604292]
Objective function value : 0.26630434989929197

Particle 5
New position : [ 7.58862864 59.06589768]
New position (int) : [ 8. 59.]
New velocity : [0.96362864 7.56589768]
Objective function value : 0.228804349899292

Particle 6
New position : [  1.06855233 231.96231815]
New position (int) : [  1. 232.]
New velocity : [ 1.19355233 -9.53768185]
Objective function value : 0.25597825050354006

Particle 7
New position : [  1.22576564 154.75      ]
New position (int) : [  1. 155.]
New velocity : [-1.46173436 32.        ]
Objective function value : 0.281521737575531

Particle 8
New position : [  6.63444084 280.75      ]
New position (int) : [  7. 281.]
New velocity : [ -0.55305916 -32.        ]
Objective function value : 0.2842391490936279

Particle 9
New position : [ 8.84030735 56.74721564]
New position (int) : [ 9. 57.]
New velocity : [-0.59719265 28.99721564]
Objective function value : 0.25489131212234495
End of generation
Best position : [  2. 242.]
Best objective function value : 0.22663043737411503


***** Particle generation 1 ******

Particle 0
New position : [  2.42876336 230.88378428]
New position (int) : [  2. 231.]
New velocity : [-1.60490337 19.47910207]
Objective function value : 0.256521737575531

Particle 1
New position : [  3.5522974  149.84763368]
New position (int) : [  4. 150.]
New velocity : [-2.50246537 32.        ]
Objective function value : 0.24836956262588505

Particle 2
New position : [  3.71838673 273.90018645]
New position (int) : [  4. 274.]
New velocity : [ -0.19881616 -19.50779854]
Objective function value : 0.271195650100708

Particle 3
New position : [  1.86247728 198.67297768]
New position (int) : [  2. 199.]
New velocity : [ 2.24266445 32.        ]
Objective function value : 0.23206521272659297

Particle 4
New position : [  2.875      277.55395708]
New position (int) : [  3. 278.]
New velocity : [ -3. -32.]
Objective function value : 0.255434799194336

Particle 5
New position : [ 8.49574103 69.80844168]
New position (int) : [ 8. 70.]
New velocity : [ 0.90711239 10.74254399]
Objective function value : 0.274456524848938

Particle 6
New position : [  2.53034918 224.94861101]
New position (int) : [  3. 225.]
New velocity : [ 1.46179685 -7.01370714]
Objective function value : 0.24673912525177

Particle 7
New position : [  2.06873202 186.75      ]
New position (int) : [  2. 187.]
New velocity : [ 1.29449765 32.        ]
Objective function value : 0.23804347515106206

Particle 8
New position : [  4.65674543 248.75      ]
New position (int) : [  5. 249.]
New velocity : [ -1.97769541 -32.        ]
Objective function value : 0.25923912525177006

Particle 9
New position : [ 5.84030735 88.74721564]
New position (int) : [ 6. 89.]
New velocity : [-3. 32.]
Objective function value : 0.25869565010070805
End of generation
Best position : [  2. 242.]
Best objective function value : 0.22663043737411503


***** Particle generation 2 ******

Particle 0
New position : [  1.13661857 247.78686441]
New position (int) : [  1. 248.]
New velocity : [ 1.56538192 16.90308013]
Objective function value : 0.27282608747482295

Particle 1
New position : [  2.28715233 169.17191066]
New position (int) : [  2. 169.]
New velocity : [-1.26514507 19.32427699]
Objective function value : 0.271195650100708

Particle 2
New position : [  3.23054667 256.8800997 ]
New position (int) : [  3. 257.]
New velocity : [ -0.48784006 -17.02008675]
Objective function value : 0.24130433797836304

Particle 3
New position : [  3.71543778 230.67297768]
New position (int) : [  4. 231.]
New velocity : [ 1.8529605 32.       ]
Objective function value : 0.266847825050354

Particle 4
New position : [  1.26290147 256.05466352]
New position (int) : [  1. 256.]
New velocity : [ -1.61209853 -21.49929356]
Objective function value : 0.2500000119209289

Particle 5
New position : [  6.07268411 101.80844168]
New position (int) : [  6. 102.]
New velocity : [-2.42305692 32.        ]
Objective function value : 0.252717399597168

Particle 6
New position : [  3.14798992 225.94361248]
New position (int) : [  3. 226.]
New velocity : [0.61764074 0.99500147]
Objective function value : 0.27336955070495605

Particle 7
New position : [  2.69522057 215.50733467]
New position (int) : [  3. 216.]
New velocity : [ 0.62648855 28.75733467]
Objective function value : 0.25217391252517696

Particle 8
New position : [  3.46734994 231.96252094]
New position (int) : [  3. 232.]
New velocity : [ -1.1893955  -16.78747906]
Objective function value : 0.24782608747482304

Particle 9
New position : [  3.04792901 120.74721564]
New position (int) : [  3. 121.]
New velocity : [-2.79237834 32.        ]
Objective function value : 0.26630434989929197
End of generation
Best position : [  2. 242.]
Best objective function value : 0.22663043737411503


***** Particle generation 3 ******

Particle 0
New position : [  2.67127688 257.62317558]
New position (int) : [  3. 258.]
New velocity : [1.53465831 9.83631117]
Objective function value : 0.24402173757553103

Particle 1
New position : [  1.30520532 201.17191066]
New position (int) : [  1. 201.]
New velocity : [-0.98194701 32.        ]
Objective function value : 0.25923911333084104

Particle 2
New position : [  2.39819595 241.52169358]
New position (int) : [  2. 242.]
New velocity : [ -0.83235073 -15.35840612]
Objective function value : 0.23532608747482298

Particle 3
New position : [  4.46698677 254.09782596]
New position (int) : [  4. 254.]
New velocity : [ 0.75154899 23.42484828]
Objective function value : 0.25326087474823

Particle 4
New position : [  1.85439001 232.38535547]
New position (int) : [  2. 232.]
New velocity : [  1.11729148 -23.66930805]
Objective function value : 0.22336957454681394

Particle 5
New position : [  5.41749787 105.89573182]
New position (int) : [  5. 106.]
New velocity : [-0.65518624  4.08729014]
Objective function value : 0.247282600402832

Particle 6
New position : [  3.01839107 232.91579071]
New position (int) : [  3. 233.]
New velocity : [-0.12959885  6.97217823]
Objective function value : 0.2711956381797791

Particle 7
New position : [  2.89919819 247.50733467]
New position (int) : [  3. 248.]
New velocity : [ 0.20397762 32.        ]
Objective function value : 0.27989130020141606

Particle 8
New position : [  1.77123873 222.67835339]
New position (int) : [  2. 223.]
New velocity : [-1.69611121 -9.28416754]
Objective function value : 0.23695652484893803

Particle 9
New position : [  3.31297614 141.19212145]
New position (int) : [  3. 141.]
New velocity : [ 0.26504714 20.44490581]
Objective function value : 0.25760869979858403
End of generation
Best position : [  2. 232.]
Best objective function value : 0.22336957454681394


***** Particle generation 4 ******

Particle 0
New position : [  3.37756847 255.96404237]
New position (int) : [  3. 256.]
New velocity : [ 0.70629159 -1.65913321]
Objective function value : 0.25163042545318604

Particle 1
New position : [  1.67206358 206.79235484]
New position (int) : [  2. 207.]
New velocity : [0.36685826 5.62044418]
Objective function value : 0.25543477535247805

Particle 2
New position : [  1.5307952  227.72486351]
New position (int) : [  2. 228.]
New velocity : [ -0.86740075 -13.79683007]
Objective function value : 0.226086950302124

Particle 3
New position : [  4.05756647 253.1236131 ]
New position (int) : [  4. 253.]
New velocity : [-0.4094203  -0.97421286]
Objective function value : 0.267934787273407

Particle 4
New position : [  2.88307582 211.38935622]
New position (int) : [  3. 211.]
New velocity : [  1.02868581 -20.99599926]
Objective function value : 0.23749998807907102

Particle 5
New position : [  5.29474856 113.21223658]
New position (int) : [  5. 113.]
New velocity : [-0.12274931  7.31650476]
Objective function value : 0.257065224647522

Particle 6
New position : [  2.39480755 237.65553641]
New position (int) : [  2. 238.]
New velocity : [-0.62358353  4.7397457 ]
Objective function value : 0.23260868787765498

Particle 7
New position : [  2.53753079 235.39094181]
New position (int) : [  3. 235.]
New velocity : [ -0.36166739 -12.11639285]
Objective function value : 0.263586950302124

Particle 8
New position : [  1.4122323  219.31868572]
New position (int) : [  1. 219.]
New velocity : [ 1.18347103 -3.35966767]
Objective function value : 0.27880434989929204

Particle 9
New position : [  4.56556554 163.20269358]
New position (int) : [  5. 163.]
New velocity : [ 1.2525894  22.01057213]
Objective function value : 0.30923912525177
End of generation
Best position : [  2. 232.]
Best objective function value : 0.22336957454681394


***** Particle generation 5 ******

Particle 0
New position : [  3.53261447 247.54892745]
New position (int) : [  4. 248.]
New velocity : [ 0.15504599 -8.41511492]
Objective function value : 0.24456521272659304

Particle 1
New position : [  2.02118078 206.4548061 ]
New position (int) : [  2. 206.]
New velocity : [ 0.3491172  -0.33754874]
Objective function value : 0.27173913717269893

Particle 2
New position : [  1.09308482 218.1660181 ]
New position (int) : [  1. 218.]
New velocity : [-0.43771038 -9.5588454 ]
Objective function value : 0.3027173757553101

Particle 3
New position : [  2.93366102 230.24326448]
New position (int) : [  3. 230.]
New velocity : [ -1.12390545 -22.88034861]
Objective function value : 0.24836956262588505

Particle 4
New position : [  3.31486395 203.81603738]
New position (int) : [  3. 204.]
New velocity : [ 0.43178813 -7.57331884]
Objective function value : 0.250543475151062

Particle 5
New position : [  3.95135617 145.21223658]
New position (int) : [  4. 145.]
New velocity : [-1.34339239 32.        ]
Objective function value : 0.24836956262588505

Particle 6
New position : [  1.95692638 239.16186627]
New position (int) : [  2. 239.]
New velocity : [-0.43788116  1.50632987]
Objective function value : 0.247282600402832

Particle 7
New position : [  1.95882135 206.52171794]
New position (int) : [  2. 207.]
New velocity : [ -0.57870944 -28.86922387]
Objective function value : 0.24782608747482304

Particle 8
New position : [  2.6829682  219.63574619]
New position (int) : [  3. 220.]
New velocity : [1.2707359  0.31706047]
Objective function value : 0.27934782505035405

Particle 9
New position : [  5.2061114  173.02536914]
New position (int) : [  5. 173.]
New velocity : [0.64054586 9.82267556]
Objective function value : 0.271195650100708
End of generation
Best position : [  2. 232.]
Best objective function value : 0.22336957454681394


***** Particle generation 6 ******

Particle 0
New position : [  2.81331775 240.68823634]
New position (int) : [  3. 241.]
New velocity : [-0.71929671 -6.86069111]
Objective function value : 0.253804349899292

Particle 1
New position : [  2.82728778 198.47729453]
New position (int) : [  3. 198.]
New velocity : [ 0.806107   -7.97751157]
Objective function value : 0.2923913121223449

Particle 2
New position : [  1.36574599 218.97365423]
New position (int) : [  1. 219.]
New velocity : [0.27266117 0.80763613]
Objective function value : 0.28586956262588503

Particle 3
New position : [  1.85854693 205.50823842]
New position (int) : [  2. 206.]
New velocity : [ -1.07511409 -24.73502607]
Objective function value : 0.24619565010070799

Particle 4
New position : [  3.36265736 203.63259688]
New position (int) : [  3. 204.]
New velocity : [ 0.04779341 -0.1834405 ]
Objective function value : 0.23804347515106206

Particle 5
New position : [  4.17206615 154.22015063]
New position (int) : [  4. 154.]
New velocity : [0.22070998 9.00791405]
Objective function value : 0.25489130020141604

Particle 6
New position : [  1.812959   239.73670232]
New position (int) : [  2. 240.]
New velocity : [-0.14396738  0.57483604]
Objective function value : 0.23858696222305298

Particle 7
New position : [  1.70308554 195.74810687]
New position (int) : [  2. 196.]
New velocity : [ -0.25573581 -10.77361107]
Objective function value : 0.239673912525177

Particle 8
New position : [  3.16011576 220.7016745 ]
New position (int) : [  3. 221.]
New velocity : [0.47714756 1.06592831]
Objective function value : 0.25923911333084104

Particle 9
New position : [  6.18391844 143.58521227]
New position (int) : [  6. 144.]
New velocity : [  0.97780704 -29.44015688]
Objective function value : 0.24184782505035396
End of generation
Best position : [  2. 232.]
Best objective function value : 0.22336957454681394


***** Particle generation 7 ******

Particle 0
New position : [  2.35773074 239.077671  ]
New position (int) : [  2. 239.]
New velocity : [-0.45558701 -1.61056534]
Objective function value : 0.25163043737411495

Particle 1
New position : [  2.93344894 206.49501582]
New position (int) : [  3. 206.]
New velocity : [0.10616115 8.0177213 ]
Objective function value : 0.2815217256546021

Particle 2
New position : [  1.7096794  222.80811845]
New position (int) : [  2. 223.]
New velocity : [0.34393341 3.83446422]
Objective function value : 0.2402173757553101

Particle 3
New position : [  1.40202271 199.88948237]
New position (int) : [  1. 200.]
New velocity : [-0.45652422 -5.61875605]
Objective function value : 0.29402173757553096

Particle 4
New position : [  3.08089211 209.90405799]
New position (int) : [  3. 210.]
New velocity : [-0.28176525  6.27146111]
Objective function value : 0.263586962223053

Particle 5
New position : [  4.87009041 147.86397472]
New position (int) : [  5. 148.]
New velocity : [ 0.69802426 -6.35617591]
Objective function value : 0.242934787273407

Particle 6
New position : [  1.78856358 239.13910728]
New position (int) : [  2. 239.]
New velocity : [-0.02439542 -0.59759504]
Objective function value : 0.255978274345398

Particle 7
New position : [  1.65771789 191.20216693]
New position (int) : [  2. 191.]
New velocity : [-0.04536766 -4.54593994]
Objective function value : 0.25923912525177006

Particle 8
New position : [  2.33380255 227.78857141]
New position (int) : [  2. 228.]
New velocity : [-0.8263132   7.08689691]
Objective function value : 0.239130437374115

Particle 9
New position : [  5.61399485 150.23212389]
New position (int) : [  6. 150.]
New velocity : [-0.56992359  6.64691163]
Objective function value : 0.24891304969787598
End of generation
Best position : [  2. 232.]
Best objective function value : 0.22336957454681394


***** Particle generation 8 ******

Particle 0
New position : [  2.18502292 240.1162164 ]
New position (int) : [  2. 240.]
New velocity : [-0.17270783  1.0385454 ]
Objective function value : 0.23804347515106206

Particle 1
New position : [  3.07225308 195.93475648]
New position (int) : [  3. 196.]
New velocity : [  0.13880414 -10.56025934]
Objective function value : 0.25760869979858403

Particle 2
New position : [  2.0634547  229.01154344]
New position (int) : [  2. 229.]
New velocity : [0.3537753  6.20342499]
Objective function value : 0.23858695030212407

Particle 3
New position : [  1.49176233 200.92012831]
New position (int) : [  1. 201.]
New velocity : [0.08973962 1.03064594]
Objective function value : 0.267934775352478

Particle 4
New position : [  2.65546207 218.85659773]
New position (int) : [  3. 219.]
New velocity : [-0.42543004  8.95253974]
Objective function value : 0.247282600402832

Particle 5
New position : [  5.6987896 131.538734 ]
New position (int) : [  6. 132.]
New velocity : [  0.82869919 -16.32524072]
Objective function value : 0.263586950302124

Particle 6
New position : [  1.87382246 236.45618891]
New position (int) : [  2. 236.]
New velocity : [ 0.08525888 -2.68291837]
Objective function value : 0.275

Particle 7
New position : [  1.83365486 201.91502465]
New position (int) : [  2. 202.]
New velocity : [ 0.17593697 10.71285772]
Objective function value : 0.25163043737411495

Particle 8
New position : [  1.712305   229.48604092]
New position (int) : [  2. 229.]
New velocity : [-0.62149756  1.6974695 ]
Objective function value : 0.27934782505035405

Particle 9
New position : [  3.89102771 182.23212389]
New position (int) : [  4. 182.]
New velocity : [-1.72296715 32.        ]
Objective function value : 0.256521737575531
End of generation
Best position : [  2. 232.]
Best objective function value : 0.22336957454681394


***** Particle generation 9 ******

Particle 0
New position : [  2.02325856 238.40883932]
New position (int) : [  2. 238.]
New velocity : [-0.16176435 -1.70737707]
Objective function value : 0.24836957454681396

Particle 1
New position : [  3.33047193 177.92993635]
New position (int) : [  3. 178.]
New velocity : [  0.25821885 -18.00482014]
Objective function value : 0.257065212726593

Particle 2
New position : [  2.20097162 232.83214004]
New position (int) : [  2. 233.]
New velocity : [0.13751692 3.82059661]
Objective function value : 0.25

Particle 3
New position : [  1.6308633  205.19691291]
New position (int) : [  2. 205.]
New velocity : [0.13910097 4.2767846 ]
Objective function value : 0.23858696222305298

Particle 4
New position : [  1.93554452 233.50335212]
New position (int) : [  2. 234.]
New velocity : [-0.71991754 14.64675439]
Objective function value : 0.25217391252517696

Particle 5
New position : [  5.55115922 135.62130879]
New position (int) : [  6. 136.]
New velocity : [-0.14763038  4.08257479]
Objective function value : 0.2635869741439819

Particle 6
New position : [  1.99527803 235.55148404]
New position (int) : [  2. 236.]
New velocity : [ 0.12145556 -0.90470487]
Objective function value : 0.23097826242446895

Particle 7
New position : [  1.95352753 206.65879061]
New position (int) : [  2. 207.]
New velocity : [0.11987268 4.74376597]
Objective function value : 0.267391300201416

Particle 8
New position : [  1.63706181 228.63224737]
New position (int) : [  2. 229.]
New velocity : [-0.07524318 -0.85379354]
Objective function value : 0.24076086282730103

Particle 9
New position : [  2.95085627 206.85908006]
New position (int) : [  3. 207.]
New velocity : [-0.94017143 24.62695617]
Objective function value : 0.25489130020141604
End of generation
Best position : [  2. 232.]
Best objective function value : 0.22336957454681394


***** Optimal configuration found by PSO ******
N. hidden layers : 2.0
N. neurons per layer : 232.0
Accuracy on validation set : 0.7766304254531861
Execution time : 00:15:59.89
Accuracy on test set : 0.7251082062721252
