

***** PSO Configuration ******
w : 0.5
c1 : 0.5
c2 : 0.5
swarm_size : 10
num_generations : 10
min_init_velocity : [1, 4]
max_init_velocity : [3, 32]
max_velocity : [3, 32]
bounds : [(1, 10), (4, 384)]


***** Particles initialization *****

Particle 0
Position : [  5.5 194. ]
Velocity : [  2.8844557  -26.19416072]

Particle 1
Position : [ 7.75 99.  ]
Velocity : [  1.00782339 -11.20898514]

Particle 2
Position : [  3.25 289.  ]
Velocity : [ 1.65940446 -6.43369551]

Particle 3
Position : [  4.375 146.5  ]
Velocity : [-3.20734617 23.21597501]

Particle 4
Position : [  8.875 336.5  ]
Velocity : [-2.72769325 10.1054874 ]

Particle 5
Position : [ 6.625 51.5  ]
Velocity : [ -3.42724437 -13.39150199]

Particle 6
Position : [  2.125 241.5  ]
Velocity : [-3.63663346  4.22572185]

Particle 7
Position : [  2.6875 122.75  ]
Velocity : [-1.29974975 -4.15260505]

Particle 8
Position : [  7.1875 312.75  ]
Velocity : [1.32761743 9.99435445]

Particle 9
Position : [ 9.4375 27.75  ]
Velocity : [-3.45231732 10.5866998 ]


***** Particle generation 0 ******

Particle 0
New position : [  6.10482077 162.        ]
New position (int) : [  6. 162.]
New velocity : [  0.60482077 -32.        ]
Objective function value : 0.280978262424469

Particle 1
New position : [  6.7184654  101.15355185]
New position (int) : [  7. 101.]
New velocity : [-1.0315346   2.15355185]
Objective function value : 0.26630434989929197

Particle 2
New position : [  3.96671473 257.        ]
New position (int) : [  4. 257.]
New velocity : [  0.71671473 -32.        ]
Objective function value : 0.22336957454681394

Particle 3
New position : [  2.58253845 154.88142108]
New position (int) : [  3. 155.]
New velocity : [-1.79246155  8.38142108]
Objective function value : 0.22826087474822998

Particle 4
New position : [  5.875 304.5  ]
New position (int) : [  6. 304.]
New velocity : [ -3. -32.]
Objective function value : 0.259782612323761

Particle 5
New position : [ 4.72130451 48.55328107]
New position (int) : [ 5. 49.]
New velocity : [-1.90369549 -2.94671893]
Objective function value : 0.23695652484893803

Particle 6
New position : [  1.34601683 209.5       ]
New position (int) : [  1. 210.]
New velocity : [  1.47101683 -32.        ]
Objective function value : 0.291847825050354

Particle 7
New position : [  2.17152504 120.7808174 ]
New position (int) : [  2. 121.]
New velocity : [-0.51597496 -1.9691826 ]
Objective function value : 0.23858693838119505

Particle 8
New position : [  7.57669764 305.3036067 ]
New position (int) : [  8. 305.]
New velocity : [ 0.38919764 -7.4463933 ]
Objective function value : 0.22989130020141602

Particle 9
New position : [ 7.40138267 37.62953451]
New position (int) : [ 7. 38.]
New velocity : [-2.03611733  9.87953451]
Objective function value : 0.215217399597168
End of generation
Best position : [ 7. 38.]
Best objective function value : 0.215217399597168


***** Particle generation 1 ******

Particle 0
New position : [  6.82281676 130.        ]
New position (int) : [  7. 130.]
New velocity : [  0.71799599 -32.        ]
Objective function value : 0.28043477535247807

Particle 1
New position : [ 5.94061663 78.5236395 ]
New position (int) : [ 6. 79.]
New velocity : [ -0.77784878 -22.62991235]
Objective function value : 0.273369574546814

Particle 2
New position : [  5.26821632 225.        ]
New position (int) : [  5. 225.]
New velocity : [  1.3015016 -32.       ]
Objective function value : 0.26195651292800903

Particle 3
New position : [  2.88827847 122.88142108]
New position (int) : [  3. 123.]
New velocity : [  0.30574002 -32.        ]
Objective function value : 0.24184782505035396

Particle 4
New position : [  3.56151183 272.5       ]
New position (int) : [  4. 272.]
New velocity : [ -2.31348817 -32.        ]
Objective function value : 0.2744565367698669

Particle 5
New position : [ 3.94681519 40.72494725]
New position (int) : [ 4. 41.]
New velocity : [-0.77448933 -7.82833382]
Objective function value : 0.24456521272659304

Particle 6
New position : [  4.34601683 177.5       ]
New position (int) : [  4. 178.]
New velocity : [  3. -32.]
Objective function value : 0.24945651292800908

Particle 7
New position : [ 3.06293419 95.18896084]
New position (int) : [ 3. 95.]
New velocity : [  0.89140915 -25.59185656]
Objective function value : 0.25815217494964604

Particle 8
New position : [  7.92857053 273.3036067 ]
New position (int) : [  8. 273.]
New velocity : [  0.35187289 -32.        ]
Objective function value : 0.25760869979858403

Particle 9
New position : [ 5.00368125 47.84280149]
New position (int) : [ 5. 48.]
New velocity : [-2.39770142 10.21326697]
Objective function value : 0.24456521272659304
End of generation
Best position : [ 7. 38.]
Best objective function value : 0.215217399597168


***** Particle generation 2 ******

Particle 0
New position : [ 7.0631845 98.       ]
New position (int) : [ 7. 98.]
New velocity : [  0.24036775 -32.        ]
Objective function value : 0.24456521272659304

Particle 1
New position : [ 6.61964127 65.92432676]
New position (int) : [ 7. 66.]
New velocity : [  0.67902464 -12.59931274]
Objective function value : 0.24728261232376103

Particle 2
New position : [  6.76932978 193.        ]
New position (int) : [  7. 193.]
New velocity : [  1.50111345 -32.        ]
Objective function value : 0.2565217256546021

Particle 3
New position : [ 5.15167268 90.88142108]
New position (int) : [ 5. 91.]
New velocity : [  2.26339421 -32.        ]
Objective function value : 0.236956512928009

Particle 4
New position : [  5.99349178 240.5       ]
New position (int) : [  6. 240.]
New velocity : [  2.43197995 -32.        ]
Objective function value : 0.25489130020141604

Particle 5
New position : [ 3.69661736 35.58628561]
New position (int) : [ 4. 36.]
New velocity : [-0.25019783 -5.13866164]
Objective function value : 0.25760869979858403

Particle 6
New position : [  5.48080786 168.00989504]
New position (int) : [  5. 168.]
New velocity : [ 1.13479104 -9.49010496]
Objective function value : 0.253260862827301

Particle 7
New position : [ 3.57499172 81.3960116 ]
New position (int) : [ 4. 81.]
New velocity : [  0.51205753 -13.79294924]
Objective function value : 0.26847826242446904

Particle 8
New position : [  8.18206076 241.68529478]
New position (int) : [  8. 242.]
New velocity : [  0.25349024 -31.61831191]
Objective function value : 0.25271737575531006

Particle 9
New position : [ 3.60342481 53.47667819]
New position (int) : [ 4. 53.]
New velocity : [-1.40025644  5.6338767 ]
Objective function value : 0.232065224647522
End of generation
Best position : [ 7. 38.]
Best objective function value : 0.215217399597168


***** Particle generation 3 ******

Particle 0
New position : [ 7.15083466 67.58743798]
New position (int) : [ 7. 68.]
New velocity : [  0.08765016 -30.41256202]
Objective function value : 0.24347827434539793

Particle 1
New position : [ 7.11946217 59.12775404]
New position (int) : [ 7. 59.]
New velocity : [ 0.49982091 -6.79657272]
Objective function value : 0.253260862827301

Particle 2
New position : [  6.85804158 161.        ]
New position (int) : [  7. 161.]
New velocity : [  0.0887118 -32.       ]
Objective function value : 0.27228260040283203

Particle 3
New position : [ 5.92465812 86.13595684]
New position (int) : [ 6. 86.]
New velocity : [ 0.77298544 -4.74546424]
Objective function value : 0.239673912525177

Particle 4
New position : [  8.38533037 208.5       ]
New position (int) : [  8. 208.]
New velocity : [  2.39183859 -32.        ]
Objective function value : 0.2532608866691589

Particle 5
New position : [ 5.02645856 34.99655026]
New position (int) : [ 5. 35.]
New velocity : [ 1.3298412  -0.58973536]
Objective function value : 0.24891304969787598

Particle 6
New position : [  5.66231194 138.1810004 ]
New position (int) : [  6. 138.]
New velocity : [  0.18150408 -29.82889465]
Objective function value : 0.25326087474823

Particle 7
New position : [ 5.10619923 68.54185741]
New position (int) : [ 5. 69.]
New velocity : [  1.53120751 -12.85415419]
Objective function value : 0.24836956262588505

Particle 8
New position : [  7.77924163 209.68529478]
New position (int) : [  8. 210.]
New velocity : [ -0.40281913 -32.        ]
Objective function value : 0.253804349899292

Particle 9
New position : [ 5.12887426 46.15263551]
New position (int) : [ 5. 46.]
New velocity : [ 1.52544946 -7.32404268]
Objective function value : 0.253804349899292
End of generation
Best position : [ 7. 38.]
Best objective function value : 0.215217399597168


***** Particle generation 4 ******

Particle 0
New position : [ 7.15240097 35.58743798]
New position (int) : [ 7. 36.]
New velocity : [ 1.56631261e-03 -3.20000000e+01]
Objective function value : 0.259782612323761

Particle 1
New position : [ 7.53758837 61.32535461]
New position (int) : [ 8. 61.]
New velocity : [0.4181262  2.19760057]
Objective function value : 0.222826075553894

Particle 2
New position : [  5.64006396 176.43478276]
New position (int) : [  6. 176.]
New velocity : [-1.21797762 15.43478276]
Objective function value : 0.22880433797836308

Particle 3
New position : [ 6.22815669 75.55636838]
New position (int) : [ 6. 76.]
New velocity : [  0.30349857 -10.57958846]
Objective function value : 0.240217387676239

Particle 4
New position : [  9.20745163 176.5       ]
New position (int) : [  9. 176.]
New velocity : [  0.82212126 -32.        ]
Objective function value : 0.228804349899292

Particle 5
New position : [ 6.63096592 39.73151783]
New position (int) : [ 7. 40.]
New velocity : [1.60450736 4.73496757]
Objective function value : 0.24782609939575195

Particle 6
New position : [  4.59285223 130.34741977]
New position (int) : [  5. 130.]
New velocity : [-1.06945971 -7.83358063]
Objective function value : 0.24130434989929195

Particle 7
New position : [ 5.97797033 65.02048246]
New position (int) : [ 6. 65.]
New velocity : [ 0.8717711  -3.52137494]
Objective function value : 0.28043477535247807

Particle 8
New position : [  7.39619441 177.68529478]
New position (int) : [  7. 178.]
New velocity : [ -0.38304722 -32.        ]
Objective function value : 0.24456521272659304

Particle 9
New position : [ 7.3588746  36.09758397]
New position (int) : [ 7. 36.]
New velocity : [  2.23000034 -10.05505154]
Objective function value : 0.24565217494964597
End of generation
Best position : [ 7. 38.]
Best objective function value : 0.215217399597168


***** Particle generation 5 ******

Particle 0
New position : [ 7.06666705 22.38591073]
New position (int) : [ 7. 22.]
New velocity : [ -0.08573392 -13.20152725]
Objective function value : 0.24619563817977907

Particle 1
New position : [ 7.68065372 52.12587747]
New position (int) : [ 8. 52.]
New velocity : [ 0.14306535 -9.19947713]
Objective function value : 0.24293477535247798

Particle 2
New position : [  5.08303009 170.76763873]
New position (int) : [  5. 171.]
New velocity : [-0.55703387 -5.66714403]
Objective function value : 0.27228260040283203

Particle 3
New position : [ 5.60350312 86.37031246]
New position (int) : [ 6. 86.]
New velocity : [-0.62465356 10.81394408]
Objective function value : 0.23750000000000004

Particle 4
New position : [  9.05855041 144.5       ]
New position (int) : [  9. 144.]
New velocity : [ -0.14890122 -32.        ]
Objective function value : 0.273369574546814

Particle 5
New position : [ 7.00071303 44.65638972]
New position (int) : [ 7. 45.]
New velocity : [0.36974711 4.9248719 ]
Objective function value : 0.266847836971283

Particle 6
New position : [  4.52272474 108.62290662]
New position (int) : [  5. 109.]
New velocity : [ -0.0701275  -21.72451314]
Objective function value : 0.25

Particle 7
New position : [ 5.24587263 82.03404765]
New position (int) : [ 5. 82.]
New velocity : [-0.7320977  17.01356519]
Objective function value : 0.23478262424468999

Particle 8
New position : [  7.25498564 164.05335277]
New position (int) : [  7. 164.]
New velocity : [ -0.14120877 -13.63194201]
Objective function value : 0.25543477535247805

Particle 9
New position : [ 8.21004717 32.46883008]
New position (int) : [ 8. 32.]
New velocity : [ 0.85117256 -3.62875388]
Objective function value : 0.253804337978363
End of generation
Best position : [ 7. 38.]
Best objective function value : 0.215217399597168


***** Particle generation 6 ******

Particle 0
New position : [ 7.0077631 21.3281325]
New position (int) : [ 7. 21.]
New velocity : [-0.05890395 -1.05777823]
Objective function value : 0.27282608747482295

Particle 1
New position : [ 7.59427226 40.80383211]
New position (int) : [ 8. 41.]
New velocity : [ -0.08638146 -11.32204537]
Objective function value : 0.24565217494964597

Particle 2
New position : [  4.94766396 163.2394981 ]
New position (int) : [  5. 163.]
New velocity : [-0.13536612 -7.52814063]
Objective function value : 0.252717399597168

Particle 3
New position : [ 5.39723662 87.06375823]
New position (int) : [ 5. 87.]
New velocity : [-0.2062665   0.69344577]
Objective function value : 0.24076087474822994

Particle 4
New position : [  8.54352016 112.91734407]
New position (int) : [  9. 113.]
New velocity : [ -0.51503025 -31.58265593]
Objective function value : 0.2701086878776551

Particle 5
New position : [ 6.19380088 47.9805481 ]
New position (int) : [ 6. 48.]
New velocity : [-0.80691215  3.32415838]
Objective function value : 0.24836956262588505

Particle 6
New position : [ 5.04823026 91.22398459]
New position (int) : [ 5. 91.]
New velocity : [  0.52550553 -17.39892203]
Objective function value : 0.2364130258560181

Particle 7
New position : [ 4.88757387 89.585795  ]
New position (int) : [ 5. 90.]
New velocity : [-0.35829877  7.55174735]
Objective function value : 0.229347825050354

Particle 8
New position : [  7.31482192 169.43085973]
New position (int) : [  7. 169.]
New velocity : [0.05983628 5.37750696]
Objective function value : 0.2597826004028321

Particle 9
New position : [ 8.06865434 33.26503574]
New position (int) : [ 8. 33.]
New velocity : [-0.14139283  0.79620566]
Objective function value : 0.25163042545318604
End of generation
Best position : [ 7. 38.]
Best objective function value : 0.215217399597168


***** Particle generation 7 ******

Particle 0
New position : [ 6.97330123 46.48657868]
New position (int) : [ 7. 46.]
New velocity : [-0.03446187 25.15844618]
Objective function value : 0.233695638179779

Particle 1
New position : [ 7.47257109 39.38975937]
New position (int) : [ 7. 39.]
New velocity : [-0.12170117 -1.41407274]
Objective function value : 0.24239130020141597

Particle 2
New position : [  4.84592442 179.05419906]
New position (int) : [  5. 179.]
New velocity : [-0.10173954 15.81470095]
Objective function value : 0.26576086282730105

Particle 3
New position : [  4.44832426 111.13596888]
New position (int) : [  4. 111.]
New velocity : [-0.94891237 24.07221065]
Objective function value : 0.2396739006042481

Particle 4
New position : [ 7.79164003 80.91734407]
New position (int) : [ 8. 81.]
New velocity : [ -0.75188013 -32.        ]
Objective function value : 0.251086950302124

Particle 5
New position : [ 5.52390126 47.91338845]
New position (int) : [ 6. 48.]
New velocity : [-0.66989962 -0.06715965]
Objective function value : 0.233152163028717

Particle 6
New position : [ 5.95670205 64.2963842 ]
New position (int) : [ 6. 64.]
New velocity : [  0.90847179 -26.92760039]
Objective function value : 0.21739130020141606

Particle 7
New position : [ 5.29886881 79.26494295]
New position (int) : [ 5. 79.]
New velocity : [  0.41129495 -10.32085205]
Objective function value : 0.24510869979858396

Particle 8
New position : [  7.51790177 184.4901136 ]
New position (int) : [  8. 184.]
New velocity : [ 0.20307985 15.05925387]
Objective function value : 0.23804348707199097

Particle 9
New position : [ 7.48637551 35.93013881]
New position (int) : [ 7. 36.]
New velocity : [-0.58227883  2.66510307]
Objective function value : 0.24673912525177
End of generation
Best position : [ 7. 38.]
Best objective function value : 0.215217399597168


***** Particle generation 8 ******

Particle 0
New position : [ 6.96424506 58.45029138]
New position (int) : [ 7. 58.]
New velocity : [-9.05616548e-03  1.19637127e+01]
Objective function value : 0.236956512928009

Particle 1
New position : [ 7.49403303 44.75135677]
New position (int) : [ 7. 45.]
New velocity : [0.02146194 5.3615974 ]
Objective function value : 0.25163043737411495

Particle 2
New position : [  4.94366588 177.42898784]
New position (int) : [  5. 177.]
New velocity : [ 0.09774146 -1.62521121]
Objective function value : 0.277173912525177

Particle 3
New position : [ 5.00314936 93.72655983]
New position (int) : [ 5. 94.]
New velocity : [  0.5548251  -17.40940905]
Objective function value : 0.249456524848938

Particle 4
New position : [ 7.225575   55.53109099]
New position (int) : [ 7. 56.]
New velocity : [ -0.56606503 -25.38625308]
Objective function value : 0.253804337978363

Particle 5
New position : [ 5.94119893 43.52191306]
New position (int) : [ 6. 44.]
New velocity : [ 0.41729767 -4.39147539]
Objective function value : 0.25815218687057495

Particle 6
New position : [ 7.04528253 33.48964487]
New position (int) : [ 7. 33.]
New velocity : [  1.08858049 -30.80673933]
Objective function value : 0.267934775352478

Particle 7
New position : [ 5.58066805 73.75261889]
New position (int) : [ 6. 74.]
New velocity : [ 0.28179923 -5.51232406]
Objective function value : 0.2706521630287171

Particle 8
New position : [  7.57471745 178.78901746]
New position (int) : [  8. 179.]
New velocity : [ 0.05681568 -5.70109614]
Objective function value : 0.277173912525177

Particle 9
New position : [ 7.01797467 38.01778864]
New position (int) : [ 7. 38.]
New velocity : [-0.46840084  2.08764983]
Objective function value : 0.25923912525177006
End of generation
Best position : [ 7. 38.]
Best objective function value : 0.215217399597168


***** Particle generation 9 ******

Particle 0
New position : [ 6.9664243  62.96776775]
New position (int) : [ 7. 63.]
New velocity : [2.17923590e-03 4.51747637e+00]
Objective function value : 0.24293477535247798

Particle 1
New position : [ 7.48479173 48.53070503]
New position (int) : [ 7. 49.]
New velocity : [-0.00924131  3.77934825]
Objective function value : 0.252173924446106

Particle 2
New position : [  5.55471944 145.42898784]
New position (int) : [  6. 145.]
New velocity : [  0.61105355 -32.        ]
Objective function value : 0.2706521868705749

Particle 3
New position : [ 5.42639692 83.16708245]
New position (int) : [ 5. 83.]
New velocity : [  0.42324757 -10.55947738]
Objective function value : 0.26141304969787593

Particle 4
New position : [ 6.98809174 45.26932302]
New position (int) : [ 7. 45.]
New velocity : [ -0.23748326 -10.26176797]
Objective function value : 0.24510869979858396

Particle 5
New position : [ 6.70450498 39.86156632]
New position (int) : [ 7. 40.]
New velocity : [ 0.76330605 -3.66034674]
Objective function value : 0.259239137172699

Particle 6
New position : [ 7.47434    23.18393461]
New position (int) : [ 7. 23.]
New velocity : [  0.42905747 -10.30571027]
Objective function value : 0.25869565010070805

Particle 7
New position : [ 6.03844726 63.07260192]
New position (int) : [ 6. 63.]
New velocity : [  0.45777921 -10.68001697]
Objective function value : 0.25217391252517696

Particle 8
New position : [  7.48367744 152.92567654]
New position (int) : [  7. 153.]
New velocity : [ -0.09104001 -25.86334091]
Objective function value : 0.23478260040283205

Particle 9
New position : [ 6.7515396  39.18187296]
New position (int) : [ 7. 39.]
New velocity : [-0.26643507  1.16408432]
Objective function value : 0.25652174949646
End of generation
Best position : [ 7. 38.]
Best objective function value : 0.215217399597168


***** Optimal configuration found by PSO ******
N. hidden layers : 7.0
N. neurons per layer : 38.0
Accuracy on validation set : 0.784782600402832
Execution time : 00:28:41.09
Accuracy on test set : 0.7316017150878906
