***** Grid Search configuration *****
Grid: [[1, 2, 3, 4, 5, 6, 7, 8, 9, 10], [4, 32, 64, 96, 128, 160, 192, 224, 256, 288, 320, 352, 384]]


Combination 1 out of 130
N. layers : 1
N. neurons : 4
Accuracy on validation set : 0.6702126383781433


Combination 2 out of 130
N. layers : 1
N. neurons : 32
Accuracy on validation set : 0.7202898621559143


Combination 3 out of 130
N. layers : 1
N. neurons : 64
Accuracy on validation set : 0.7311594128608704


Combination 4 out of 130
N. layers : 1
N. neurons : 96
Accuracy on validation set : 0.7393739581108093


Combination 5 out of 130
N. layers : 1
N. neurons : 128
Accuracy on validation set : 0.7268442511558533


Combination 6 out of 130
N. layers : 1
N. neurons : 160
Accuracy on validation set : 0.7443187236785889


Combination 7 out of 130
N. layers : 1
N. neurons : 192
Accuracy on validation set : 0.7366417407989502


Combination 8 out of 130
N. layers : 1
N. neurons : 224
Accuracy on validation set : 0.7475795984268189


Combination 9 out of 130
N. layers : 1
N. neurons : 256
Accuracy on validation set : 0.744271194934845


Combination 10 out of 130
N. layers : 1
N. neurons : 288
Accuracy on validation set : 0.7377554059028626


Combination 11 out of 130
N. layers : 1
N. neurons : 320
Accuracy on validation set : 0.7355428814888001


Combination 12 out of 130
N. layers : 1
N. neurons : 352
Accuracy on validation set : 0.7470390915870666


Combination 13 out of 130
N. layers : 1
N. neurons : 384
Accuracy on validation set : 0.736644697189331


Combination 14 out of 130
N. layers : 2
N. neurons : 4
Accuracy on validation set : 0.7028510212898255


Combination 15 out of 130
N. layers : 2
N. neurons : 32
Accuracy on validation set : 0.7562603950500488


Combination 16 out of 130
N. layers : 2
N. neurons : 64
Accuracy on validation set : 0.7421091794967651


Combination 17 out of 130
N. layers : 2
N. neurons : 96
Accuracy on validation set : 0.7508256077766419


Combination 18 out of 130
N. layers : 2
N. neurons : 128
Accuracy on validation set : 0.7649887204170227


Combination 19 out of 130
N. layers : 2
N. neurons : 160
Accuracy on validation set : 0.7552061080932617


Combination 20 out of 130
N. layers : 2
N. neurons : 192
Accuracy on validation set : 0.7453492403030395


Combination 21 out of 130
N. layers : 2
N. neurons : 224
Accuracy on validation set : 0.7409390568733215


Combination 22 out of 130
N. layers : 2
N. neurons : 256
Accuracy on validation set : 0.75849369764328


Combination 23 out of 130
N. layers : 2
N. neurons : 288
Accuracy on validation set : 0.755791163444519


Combination 24 out of 130
N. layers : 2
N. neurons : 320
Accuracy on validation set : 0.7530114054679871


Combination 25 out of 130
N. layers : 2
N. neurons : 352
Accuracy on validation set : 0.7508463978767395


Combination 26 out of 130
N. layers : 2
N. neurons : 384
Accuracy on validation set : 0.7552179813385009


Combination 27 out of 130
N. layers : 3
N. neurons : 4
Accuracy on validation set : 0.7018442630767823


Combination 28 out of 130
N. layers : 3
N. neurons : 32
Accuracy on validation set : 0.7469915747642517


Combination 29 out of 130
N. layers : 3
N. neurons : 64
Accuracy on validation set : 0.761739718914032


Combination 30 out of 130
N. layers : 3
N. neurons : 96
Accuracy on validation set : 0.767732846736908


Combination 31 out of 130
N. layers : 3
N. neurons : 128
Accuracy on validation set : 0.7377702593803406


Combination 32 out of 130
N. layers : 3
N. neurons : 160
Accuracy on validation set : 0.7491714239120484


Combination 33 out of 130
N. layers : 3
N. neurons : 192
Accuracy on validation set : 0.748633885383606


Combination 34 out of 130
N. layers : 3
N. neurons : 224
Accuracy on validation set : 0.7666785478591919


Combination 35 out of 130
N. layers : 3
N. neurons : 256
Accuracy on validation set : 0.7497564554214478


Combination 36 out of 130
N. layers : 3
N. neurons : 288
Accuracy on validation set : 0.7327809453010559


Combination 37 out of 130
N. layers : 3
N. neurons : 320
Accuracy on validation set : 0.7481230735778809


Combination 38 out of 130
N. layers : 3
N. neurons : 352
Accuracy on validation set : 0.7427387595176697


Combination 39 out of 130
N. layers : 3
N. neurons : 384
Accuracy on validation set : 0.7535341024398804


Combination 40 out of 130
N. layers : 4
N. neurons : 4
Accuracy on validation set : 0.5332620501518249


Combination 41 out of 130
N. layers : 4
N. neurons : 32
Accuracy on validation set : 0.7552090883255005


Combination 42 out of 130
N. layers : 4
N. neurons : 64
Accuracy on validation set : 0.7492248773574829


Combination 43 out of 130
N. layers : 4
N. neurons : 96
Accuracy on validation set : 0.7617248654365539


Combination 44 out of 130
N. layers : 4
N. neurons : 128
Accuracy on validation set : 0.74972083568573


Combination 45 out of 130
N. layers : 4
N. neurons : 160
Accuracy on validation set : 0.7660816073417663


Combination 46 out of 130
N. layers : 4
N. neurons : 192
Accuracy on validation set : 0.7283974766731263


Combination 47 out of 130
N. layers : 4
N. neurons : 224
Accuracy on validation set : 0.7360299348831176


Combination 48 out of 130
N. layers : 4
N. neurons : 256
Accuracy on validation set : 0.7535934925079346


Combination 49 out of 130
N. layers : 4
N. neurons : 288
Accuracy on validation set : 0.7481111764907837


Combination 50 out of 130
N. layers : 4
N. neurons : 320
Accuracy on validation set : 0.732391893863678


Combination 51 out of 130
N. layers : 4
N. neurons : 352
Accuracy on validation set : 0.74318425655365


Combination 52 out of 130
N. layers : 4
N. neurons : 384
Accuracy on validation set : 0.756848418712616


Combination 53 out of 130
N. layers : 5
N. neurons : 4
Accuracy on validation set : 0.7131860375404357


Combination 54 out of 130
N. layers : 5
N. neurons : 32
Accuracy on validation set : 0.7442979335784912


Combination 55 out of 130
N. layers : 5
N. neurons : 64
Accuracy on validation set : 0.7601271152496338


Combination 56 out of 130
N. layers : 5
N. neurons : 96
Accuracy on validation set : 0.7579205274581909


Combination 57 out of 130
N. layers : 5
N. neurons : 128
Accuracy on validation set : 0.7519452452659607


Combination 58 out of 130
N. layers : 5
N. neurons : 160
Accuracy on validation set : 0.7470479846000672


Combination 59 out of 130
N. layers : 5
N. neurons : 192
Accuracy on validation set : 0.7317593216896057


Combination 60 out of 130
N. layers : 5
N. neurons : 224
Accuracy on validation set : 0.7556812763214111


Combination 61 out of 130
N. layers : 5
N. neurons : 256
Accuracy on validation set : 0.7541191577911377


Combination 62 out of 130
N. layers : 5
N. neurons : 288
Accuracy on validation set : 0.7410133004188537


Combination 63 out of 130
N. layers : 5
N. neurons : 320
Accuracy on validation set : 0.7633820295333862


Combination 64 out of 130
N. layers : 5
N. neurons : 352
Accuracy on validation set : 0.7545883774757385


Combination 65 out of 130
N. layers : 5
N. neurons : 384
Accuracy on validation set : 0.76501544713974


Combination 66 out of 130
N. layers : 6
N. neurons : 4
Accuracy on validation set : 0.738851261138916


Combination 67 out of 130
N. layers : 6
N. neurons : 32
Accuracy on validation set : 0.7671923279762268


Combination 68 out of 130
N. layers : 6
N. neurons : 64
Accuracy on validation set : 0.7475528717041016


Combination 69 out of 130
N. layers : 6
N. neurons : 96
Accuracy on validation set : 0.7579175710678101


Combination 70 out of 130
N. layers : 6
N. neurons : 128
Accuracy on validation set : 0.7448770523071289


Combination 71 out of 130
N. layers : 6
N. neurons : 160
Accuracy on validation set : 0.7584818243980408


Combination 72 out of 130
N. layers : 6
N. neurons : 192
Accuracy on validation set : 0.7399798154830932


Combination 73 out of 130
N. layers : 6
N. neurons : 224
Accuracy on validation set : 0.7307080149650573


Combination 74 out of 130
N. layers : 6
N. neurons : 256
Accuracy on validation set : 0.7552001714706421


Combination 75 out of 130
N. layers : 6
N. neurons : 288
Accuracy on validation set : 0.7530321955680848


Combination 76 out of 130
N. layers : 6
N. neurons : 320
Accuracy on validation set : 0.7622475743293762


Combination 77 out of 130
N. layers : 6
N. neurons : 352
Accuracy on validation set : 0.7317058682441712


Combination 78 out of 130
N. layers : 6
N. neurons : 384
Accuracy on validation set : 0.7524441599845886


Combination 79 out of 130
N. layers : 7
N. neurons : 4
Accuracy on validation set : 0.5332620501518249


Combination 80 out of 130
N. layers : 7
N. neurons : 32
Accuracy on validation set : 0.740496551990509


Combination 81 out of 130
N. layers : 7
N. neurons : 64
Accuracy on validation set : 0.7305921673774719


Combination 82 out of 130
N. layers : 7
N. neurons : 96
Accuracy on validation set : 0.7562663316726684


Combination 83 out of 130
N. layers : 7
N. neurons : 128
Accuracy on validation set : 0.756848418712616


Combination 84 out of 130
N. layers : 7
N. neurons : 160
Accuracy on validation set : 0.7644808769226075


Combination 85 out of 130
N. layers : 7
N. neurons : 192
Accuracy on validation set : 0.7208778858184814


Combination 86 out of 130
N. layers : 7
N. neurons : 224
Accuracy on validation set : 0.7284063935279846


Combination 87 out of 130
N. layers : 7
N. neurons : 256
Accuracy on validation set : 0.7274025917053223


Combination 88 out of 130
N. layers : 7
N. neurons : 288
Accuracy on validation set : 0.7404846787452698


Combination 89 out of 130
N. layers : 7
N. neurons : 320
Accuracy on validation set : 0.7371792554855346


Combination 90 out of 130
N. layers : 7
N. neurons : 352
Accuracy on validation set : 0.7600914835929871


Combination 91 out of 130
N. layers : 7
N. neurons : 384
Accuracy on validation set : 0.7524827718734741


Combination 92 out of 130
N. layers : 8
N. neurons : 4
Accuracy on validation set : 0.5332620501518249


Combination 93 out of 130
N. layers : 8
N. neurons : 32
Accuracy on validation set : 0.7475409746170044


Combination 94 out of 130
N. layers : 8
N. neurons : 64
Accuracy on validation set : 0.7628415346145629


Combination 95 out of 130
N. layers : 8
N. neurons : 96
Accuracy on validation set : 0.7524471402168273


Combination 96 out of 130
N. layers : 8
N. neurons : 128
Accuracy on validation set : 0.7497327208518982


Combination 97 out of 130
N. layers : 8
N. neurons : 160
Accuracy on validation set : 0.7546151161193848


Combination 98 out of 130
N. layers : 8
N. neurons : 192
Accuracy on validation set : 0.7573473572731018


Combination 99 out of 130
N. layers : 8
N. neurons : 224
Accuracy on validation set : 0.7552061200141906


Combination 100 out of 130
N. layers : 8
N. neurons : 256
Accuracy on validation set : 0.7388393998146057


Combination 101 out of 130
N. layers : 8
N. neurons : 288
Accuracy on validation set : 0.7475201845169067


Combination 102 out of 130
N. layers : 8
N. neurons : 320
Accuracy on validation set : 0.7345479965209961


Combination 103 out of 130
N. layers : 8
N. neurons : 352
Accuracy on validation set : 0.7426764130592346


Combination 104 out of 130
N. layers : 8
N. neurons : 384
Accuracy on validation set : 0.7415419340133667


Combination 105 out of 130
N. layers : 9
N. neurons : 4
Accuracy on validation set : 0.6935792326927185


Combination 106 out of 130
N. layers : 9
N. neurons : 32
Accuracy on validation set : 0.7617516040802002


Combination 107 out of 130
N. layers : 9
N. neurons : 64
Accuracy on validation set : 0.763943326473236


Combination 108 out of 130
N. layers : 9
N. neurons : 96
Accuracy on validation set : 0.7541369676589966


Combination 109 out of 130
N. layers : 9
N. neurons : 128
Accuracy on validation set : 0.7480696201324463


Combination 110 out of 130
N. layers : 9
N. neurons : 160
Accuracy on validation set : 0.7459550976753235


Combination 111 out of 130
N. layers : 9
N. neurons : 192
Accuracy on validation set : 0.7367011189460755


Combination 112 out of 130
N. layers : 9
N. neurons : 224
Accuracy on validation set : 0.7606022953987122


Combination 113 out of 130
N. layers : 9
N. neurons : 256
Accuracy on validation set : 0.7453848838806152


Combination 114 out of 130
N. layers : 9
N. neurons : 288
Accuracy on validation set : 0.7170468091964721


Combination 115 out of 130
N. layers : 9
N. neurons : 320
Accuracy on validation set : 0.7415508508682251


Combination 116 out of 130
N. layers : 9
N. neurons : 352
Accuracy on validation set : 0.7350023865699769


Combination 117 out of 130
N. layers : 9
N. neurons : 384
Accuracy on validation set : 0.5960857748985291


Combination 118 out of 130
N. layers : 10
N. neurons : 4
Accuracy on validation set : 0.5332620501518249


Combination 119 out of 130
N. layers : 10
N. neurons : 32
Accuracy on validation set : 0.7775362372398377


Combination 120 out of 130
N. layers : 10
N. neurons : 64
Accuracy on validation set : 0.7400035738945008


Combination 121 out of 130
N. layers : 10
N. neurons : 96
Accuracy on validation set : 0.7677417516708374


Combination 122 out of 130
N. layers : 10
N. neurons : 128
Accuracy on validation set : 0.7318662285804749


Combination 123 out of 130
N. layers : 10
N. neurons : 160
Accuracy on validation set : 0.7540775775909424


Combination 124 out of 130
N. layers : 10
N. neurons : 192
Accuracy on validation set : 0.7590163946151733


Combination 125 out of 130
N. layers : 10
N. neurons : 224
Accuracy on validation set : 0.7661113142967224


Combination 126 out of 130
N. layers : 10
N. neurons : 256
Accuracy on validation set : 0.7519749402999878


Combination 127 out of 130
N. layers : 10
N. neurons : 288
Accuracy on validation set : 0.7274471402168274


Combination 128 out of 130
N. layers : 10
N. neurons : 320
Accuracy on validation set : 0.7503385543823242


Combination 129 out of 130
N. layers : 10
N. neurons : 352
Accuracy on validation set : 0.7317147731781006


Combination 130 out of 130
N. layers : 10
N. neurons : 384
Accuracy on validation set : 0.7476003766059875


***** Optimal configuration found by Grid Search ******
N. hidden layers : 10
N. neurons per layer : 32
Accuracy on validation set : 0.7775362372398377
Execution time : 00:35:01.16
Accuracy on test set : 0.7369565367698669
