***** Grid Search configuration *****
Grid: [[1, 2, 3, 4, 5, 6, 7, 8, 9, 10], [4, 32, 64, 96, 128, 160, 192, 224, 256, 288, 320, 352, 384]]


Combination 1 out of 130
N. layers : 1
N. neurons : 4
Accuracy on validation set : 0.6200730681419373


Combination 2 out of 130
N. layers : 1
N. neurons : 32
Accuracy on validation set : 0.7224726796150207


Combination 3 out of 130
N. layers : 1
N. neurons : 64
Accuracy on validation set : 0.7361041903495789


Combination 4 out of 130
N. layers : 1
N. neurons : 96
Accuracy on validation set : 0.7257662177085876


Combination 5 out of 130
N. layers : 1
N. neurons : 128
Accuracy on validation set : 0.741025185585022


Combination 6 out of 130
N. layers : 1
N. neurons : 160
Accuracy on validation set : 0.7366506218910217


Combination 7 out of 130
N. layers : 1
N. neurons : 192
Accuracy on validation set : 0.7291013360023498


Combination 8 out of 130
N. layers : 1
N. neurons : 224
Accuracy on validation set : 0.7491981625556946


Combination 9 out of 130
N. layers : 1
N. neurons : 256
Accuracy on validation set : 0.7388601899147034


Combination 10 out of 130
N. layers : 1
N. neurons : 288
Accuracy on validation set : 0.7382751345634461


Combination 11 out of 130
N. layers : 1
N. neurons : 320
Accuracy on validation set : 0.7497713208198548


Combination 12 out of 130
N. layers : 1
N. neurons : 352
Accuracy on validation set : 0.7448473453521729


Combination 13 out of 130
N. layers : 1
N. neurons : 384
Accuracy on validation set : 0.7415508508682251


Combination 14 out of 130
N. layers : 2
N. neurons : 4
Accuracy on validation set : 0.7235507249832154


Combination 15 out of 130
N. layers : 2
N. neurons : 32
Accuracy on validation set : 0.7453759908676147


Combination 16 out of 130
N. layers : 2
N. neurons : 64
Accuracy on validation set : 0.7584461808204651


Combination 17 out of 130
N. layers : 2
N. neurons : 96
Accuracy on validation set : 0.7459254026412964


Combination 18 out of 130
N. layers : 2
N. neurons : 128
Accuracy on validation set : 0.7677209615707398


Combination 19 out of 130
N. layers : 2
N. neurons : 160
Accuracy on validation set : 0.765544080734253


Combination 20 out of 130
N. layers : 2
N. neurons : 192
Accuracy on validation set : 0.7655618906021118


Combination 21 out of 130
N. layers : 2
N. neurons : 224
Accuracy on validation set : 0.754612147808075


Combination 22 out of 130
N. layers : 2
N. neurons : 256
Accuracy on validation set : 0.7557376980781555


Combination 23 out of 130
N. layers : 2
N. neurons : 288
Accuracy on validation set : 0.7562871217727661


Combination 24 out of 130
N. layers : 2
N. neurons : 320
Accuracy on validation set : 0.7753593444824218


Combination 25 out of 130
N. layers : 2
N. neurons : 352
Accuracy on validation set : 0.7589866995811463


Combination 26 out of 130
N. layers : 2
N. neurons : 384
Accuracy on validation set : 0.7568306088447571


Combination 27 out of 130
N. layers : 3
N. neurons : 4
Accuracy on validation set : 0.5332620501518249


Combination 28 out of 130
N. layers : 3
N. neurons : 32
Accuracy on validation set : 0.7524441719055176


Combination 29 out of 130
N. layers : 3
N. neurons : 64
Accuracy on validation set : 0.7633790731430053


Combination 30 out of 130
N. layers : 3
N. neurons : 96
Accuracy on validation set : 0.7650392055511475


Combination 31 out of 130
N. layers : 3
N. neurons : 128
Accuracy on validation set : 0.7568751573562622


Combination 32 out of 130
N. layers : 3
N. neurons : 160
Accuracy on validation set : 0.7682733535766602


Combination 33 out of 130
N. layers : 3
N. neurons : 192
Accuracy on validation set : 0.7540894508361816


Combination 34 out of 130
N. layers : 3
N. neurons : 224
Accuracy on validation set : 0.7590163826942444


Combination 35 out of 130
N. layers : 3
N. neurons : 256
Accuracy on validation set : 0.7628059148788452


Combination 36 out of 130
N. layers : 3
N. neurons : 288
Accuracy on validation set : 0.7584610342979431


Combination 37 out of 130
N. layers : 3
N. neurons : 320
Accuracy on validation set : 0.7584669828414917


Combination 38 out of 130
N. layers : 3
N. neurons : 352
Accuracy on validation set : 0.7769897699356079


Combination 39 out of 130
N. layers : 3
N. neurons : 384
Accuracy on validation set : 0.759565806388855


Combination 40 out of 130
N. layers : 4
N. neurons : 4
Accuracy on validation set : 0.730666434764862


Combination 41 out of 130
N. layers : 4
N. neurons : 32
Accuracy on validation set : 0.7481171369552613


Combination 42 out of 130
N. layers : 4
N. neurons : 64
Accuracy on validation set : 0.7791785478591919


Combination 43 out of 130
N. layers : 4
N. neurons : 96
Accuracy on validation set : 0.7573859572410584


Combination 44 out of 130
N. layers : 4
N. neurons : 128
Accuracy on validation set : 0.7775599837303162


Combination 45 out of 130
N. layers : 4
N. neurons : 160
Accuracy on validation set : 0.7617159724235535


Combination 46 out of 130
N. layers : 4
N. neurons : 192
Accuracy on validation set : 0.7567890167236329


Combination 47 out of 130
N. layers : 4
N. neurons : 224
Accuracy on validation set : 0.7312010049819946


Combination 48 out of 130
N. layers : 4
N. neurons : 256
Accuracy on validation set : 0.7486398220062256


Combination 49 out of 130
N. layers : 4
N. neurons : 288
Accuracy on validation set : 0.7786410093307495


Combination 50 out of 130
N. layers : 4
N. neurons : 320
Accuracy on validation set : 0.7502732276916504


Combination 51 out of 130
N. layers : 4
N. neurons : 352
Accuracy on validation set : 0.7644749402999877


Combination 52 out of 130
N. layers : 4
N. neurons : 384
Accuracy on validation set : 0.7633582830429078


Combination 53 out of 130
N. layers : 5
N. neurons : 4
Accuracy on validation set : 0.7230250716209412


Combination 54 out of 130
N. layers : 5
N. neurons : 32
Accuracy on validation set : 0.7491981387138367


Combination 55 out of 130
N. layers : 5
N. neurons : 64
Accuracy on validation set : 0.7617337822914123


Combination 56 out of 130
N. layers : 5
N. neurons : 96
Accuracy on validation set : 0.7677506566047668


Combination 57 out of 130
N. layers : 5
N. neurons : 128
Accuracy on validation set : 0.7225409746170044


Combination 58 out of 130
N. layers : 5
N. neurons : 160
Accuracy on validation set : 0.7447731137275696


Combination 59 out of 130
N. layers : 5
N. neurons : 192
Accuracy on validation set : 0.7050754189491272


Combination 60 out of 130
N. layers : 5
N. neurons : 224
Accuracy on validation set : 0.7530173420906067


Combination 61 out of 130
N. layers : 5
N. neurons : 256
Accuracy on validation set : 0.7262562394142151


Combination 62 out of 130
N. layers : 5
N. neurons : 288
Accuracy on validation set : 0.7568306088447571


Combination 63 out of 130
N. layers : 5
N. neurons : 320
Accuracy on validation set : 0.725837504863739


Combination 64 out of 130
N. layers : 5
N. neurons : 352
Accuracy on validation set : 0.7382929444313049


Combination 65 out of 130
N. layers : 5
N. neurons : 384
Accuracy on validation set : 0.7470479846000672


Combination 66 out of 130
N. layers : 6
N. neurons : 4
Accuracy on validation set : 0.7361249685287475


Combination 67 out of 130
N. layers : 6
N. neurons : 32
Accuracy on validation set : 0.7578967809677124


Combination 68 out of 130
N. layers : 6
N. neurons : 64
Accuracy on validation set : 0.7464658975601196


Combination 69 out of 130
N. layers : 6
N. neurons : 96
Accuracy on validation set : 0.7377286791801453


Combination 70 out of 130
N. layers : 6
N. neurons : 128
Accuracy on validation set : 0.7710144996643067


Combination 71 out of 130
N. layers : 6
N. neurons : 160
Accuracy on validation set : 0.7622891545295716


Combination 72 out of 130
N. layers : 6
N. neurons : 192
Accuracy on validation set : 0.7606052398681641


Combination 73 out of 130
N. layers : 6
N. neurons : 224
Accuracy on validation set : 0.7557555198669433


Combination 74 out of 130
N. layers : 6
N. neurons : 256
Accuracy on validation set : 0.7382216572761535


Combination 75 out of 130
N. layers : 6
N. neurons : 288
Accuracy on validation set : 0.7437039732933044


Combination 76 out of 130
N. layers : 6
N. neurons : 320
Accuracy on validation set : 0.7470361232757569


Combination 77 out of 130
N. layers : 6
N. neurons : 352
Accuracy on validation set : 0.7546626210212708


Combination 78 out of 130
N. layers : 6
N. neurons : 384
Accuracy on validation set : 0.7470123410224915


Combination 79 out of 130
N. layers : 7
N. neurons : 4
Accuracy on validation set : 0.7251841068267822


Combination 80 out of 130
N. layers : 7
N. neurons : 32
Accuracy on validation set : 0.7633909463882447


Combination 81 out of 130
N. layers : 7
N. neurons : 64
Accuracy on validation set : 0.737794017791748


Combination 82 out of 130
N. layers : 7
N. neurons : 96
Accuracy on validation set : 0.7399649381637573


Combination 83 out of 130
N. layers : 7
N. neurons : 128
Accuracy on validation set : 0.756319797039032


Combination 84 out of 130
N. layers : 7
N. neurons : 160
Accuracy on validation set : 0.7606379270553589


Combination 85 out of 130
N. layers : 7
N. neurons : 192
Accuracy on validation set : 0.7546626329421997


Combination 86 out of 130
N. layers : 7
N. neurons : 224
Accuracy on validation set : 0.7317949533462524


Combination 87 out of 130
N. layers : 7
N. neurons : 256
Accuracy on validation set : 0.7339391827583313


Combination 88 out of 130
N. layers : 7
N. neurons : 288
Accuracy on validation set : 0.7279282569885254


Combination 89 out of 130
N. layers : 7
N. neurons : 320
Accuracy on validation set : 0.7475825667381286


Combination 90 out of 130
N. layers : 7
N. neurons : 352
Accuracy on validation set : 0.7371406435966492


Combination 91 out of 130
N. layers : 7
N. neurons : 384
Accuracy on validation set : 0.7442593216896057


Combination 92 out of 130
N. layers : 8
N. neurons : 4
Accuracy on validation set : 0.5332620501518249


Combination 93 out of 130
N. layers : 8
N. neurons : 32
Accuracy on validation set : 0.7458927392959595


Combination 94 out of 130
N. layers : 8
N. neurons : 64
Accuracy on validation set : 0.7393858432769775


Combination 95 out of 130
N. layers : 8
N. neurons : 96
Accuracy on validation set : 0.7633285880088806


Combination 96 out of 130
N. layers : 8
N. neurons : 128
Accuracy on validation set : 0.7437990069389343


Combination 97 out of 130
N. layers : 8
N. neurons : 160
Accuracy on validation set : 0.7344975113868714


Combination 98 out of 130
N. layers : 8
N. neurons : 192
Accuracy on validation set : 0.7344648480415344


Combination 99 out of 130
N. layers : 8
N. neurons : 224
Accuracy on validation set : 0.7584432125091553


Combination 100 out of 130
N. layers : 8
N. neurons : 256
Accuracy on validation set : 0.7421507596969604


Combination 101 out of 130
N. layers : 8
N. neurons : 288
Accuracy on validation set : 0.7464748024940491


Combination 102 out of 130
N. layers : 8
N. neurons : 320
Accuracy on validation set : 0.7633939266204834


Combination 103 out of 130
N. layers : 8
N. neurons : 352
Accuracy on validation set : 0.7579116225242615


Combination 104 out of 130
N. layers : 8
N. neurons : 384
Accuracy on validation set : 0.7339332342147827


Combination 105 out of 130
N. layers : 9
N. neurons : 4
Accuracy on validation set : 0.7524649620056152


Combination 106 out of 130
N. layers : 9
N. neurons : 32
Accuracy on validation set : 0.738275122642517


Combination 107 out of 130
N. layers : 9
N. neurons : 64
Accuracy on validation set : 0.769348418712616


Combination 108 out of 130
N. layers : 9
N. neurons : 96
Accuracy on validation set : 0.7350083112716674


Combination 109 out of 130
N. layers : 9
N. neurons : 128
Accuracy on validation set : 0.759580671787262


Combination 110 out of 130
N. layers : 9
N. neurons : 160
Accuracy on validation set : 0.7612081408500672


Combination 111 out of 130
N. layers : 9
N. neurons : 192
Accuracy on validation set : 0.7612081170082092


Combination 112 out of 130
N. layers : 9
N. neurons : 224
Accuracy on validation set : 0.7284212589263916


Combination 113 out of 130
N. layers : 9
N. neurons : 256
Accuracy on validation set : 0.7573681473731995


Combination 114 out of 130
N. layers : 9
N. neurons : 288
Accuracy on validation set : 0.7258315563201905


Combination 115 out of 130
N. layers : 9
N. neurons : 320
Accuracy on validation set : 0.7029074549674987


Combination 116 out of 130
N. layers : 9
N. neurons : 352
Accuracy on validation set : 0.731242561340332


Combination 117 out of 130
N. layers : 9
N. neurons : 384
Accuracy on validation set : 0.7600855231285095


Combination 118 out of 130
N. layers : 10
N. neurons : 4
Accuracy on validation set : 0.5332620501518249


Combination 119 out of 130
N. layers : 10
N. neurons : 32
Accuracy on validation set : 0.7513839364051819


Combination 120 out of 130
N. layers : 10
N. neurons : 64
Accuracy on validation set : 0.7345568895339966


Combination 121 out of 130
N. layers : 10
N. neurons : 96
Accuracy on validation set : 0.7230577349662781


Combination 122 out of 130
N. layers : 10
N. neurons : 128
Accuracy on validation set : 0.7263245463371277


Combination 123 out of 130
N. layers : 10
N. neurons : 160
Accuracy on validation set : 0.7458838105201722


Combination 124 out of 130
N. layers : 10
N. neurons : 192
Accuracy on validation set : 0.7371762871742249


Combination 125 out of 130
N. layers : 10
N. neurons : 224
Accuracy on validation set : 0.744286060333252


Combination 126 out of 130
N. layers : 10
N. neurons : 256
Accuracy on validation set : 0.7454175591468811


Combination 127 out of 130
N. layers : 10
N. neurons : 288
Accuracy on validation set : 0.708882749080658


Combination 128 out of 130
N. layers : 10
N. neurons : 320
Accuracy on validation set : 0.7175873041152954


Combination 129 out of 130
N. layers : 10
N. neurons : 352
Accuracy on validation set : 0.7600795984268188


Combination 130 out of 130
N. layers : 10
N. neurons : 384
Accuracy on validation set : 0.742159640789032


***** Optimal configuration found by Grid Search ******
N. hidden layers : 4
N. neurons per layer : 64
Accuracy on validation set : 0.7791785478591919
Execution time : 00:31:38.65
Accuracy on test set : 0.697826087474823
