

***** PSO Configuration ******
w_start : 0.9
w_end : 0.4
c1 : 0.5
c2 : 0.5
swarm_size : 10
num_generations : 10
min_init_velocity : [1, 4]
max_init_velocity : [3, 32]
max_velocity : [3, 32]
bounds : [(1, 10), (4, 384)]
initialization type : InitializationType.QUASI_RANDOM_USING_BORDER


***** Particles initialization *****

Border Particle 0
Position : [1 4]
Velocity : [0. 0.]
Objective function value : 0.3058921337127686

Border Particle 1
Position : [  1 384]
Velocity : [0. 0.]
Objective function value : 0.25518234968185427

Border Particle 2
Position : [10  4]
Velocity : [0. 0.]
Objective function value : 0.273725938796997

Border Particle 3
Position : [ 10 384]
Velocity : [0. 0.]
Objective function value : 0.4007840275764465

Particle 0
Position : [  5.5 194. ]
Velocity : [0. 0.]

Particle 1
Position : [ 7.75 99.  ]
Velocity : [0. 0.]

Particle 2
Position : [  3.25 289.  ]
Velocity : [0. 0.]

Particle 3
Position : [  4.375 146.5  ]
Velocity : [0. 0.]

Particle 4
Position : [  8.875 336.5  ]
Velocity : [0. 0.]

Particle 5
Position : [ 6.625 51.5  ]
Velocity : [0. 0.]


***** Particle generation 0 ******

Particle 0
New position : [ 1.83079571 36.        ]
New position (int) : 3
New velocity : [ 0.83079571 32.        ]
Objective function value : 0.24805476665496828

Particle 1
New position : [  1.59076873 355.93848556]
New position (int) : 3
New velocity : [  0.59076873 -28.06151444]
Objective function value : 0.22627999782562258

Particle 2
New position : [ 8.90916648 36.        ]
New position (int) : 0
New velocity : [-1.09083352 32.        ]
Objective function value : 0.2355488181114197

Particle 3
New position : [  9.08642245 371.60144753]
New position (int) : 0
New velocity : [ -0.91357755 -12.39855247]
Objective function value : 0.24369506835937504

Particle 4
New position : [  4.41353572 226.        ]
New position (int) : 3
New velocity : [-1.08646428 32.        ]
Objective function value : 0.22575432062149048

Particle 5
New position : [  6.12528091 131.        ]
New position (int) : 2
New velocity : [-1.62471909 32.        ]
Objective function value : 0.22517820596694949

Particle 6
New position : [  3.22218361 289.        ]
New position (int) : 3
New velocity : [-0.02781639  0.        ]
Objective function value : 0.22956463098526003

Particle 7
New position : [  4.30990816 153.24588113]
New position (int) : 1
New velocity : [-0.06509184  6.74588113]
Objective function value : 0.2557050347328186

Particle 8
New position : [  7.24141224 323.29226919]
New position (int) : 1
New velocity : [ -1.63358776 -13.20773081]
Objective function value : 0.2437514901161194

Particle 9
New position : [ 5.26560258 83.5       ]
New position (int) : 1
New velocity : [-1.35939742 32.        ]
Objective function value : 0.23063970804214473
End of generation
Best position : [  7 131]
Best objective function value : 0.22517820596694949


***** Particle generation 1 ******

Particle 0
New position : [ 3.74429491 68.        ]
New position (int) : 2
New velocity : [ 1.9134992 32.       ]
Objective function value : 0.2202482938766479

Particle 1
New position : [  4.12098738 323.93848556]
New position (int) : 3
New velocity : [  2.53021865 -32.        ]
Objective function value : 0.2328462719917297

Particle 2
New position : [ 7.00345585 68.        ]
New position (int) : 3
New velocity : [-1.90571062 32.        ]
Objective function value : 0.24374257326126103

Particle 3
New position : [  8.02874691 339.60144753]
New position (int) : 0
New velocity : [ -1.05767554 -32.        ]
Objective function value : 0.24812307357788088

Particle 4
New position : [  4.42924386 218.9522359 ]
New position (int) : 3
New velocity : [ 0.01570815 -7.0477641 ]
Objective function value : 0.2469766974449158

Particle 5
New position : [  5.03429088 158.2       ]
New position (int) : 2
New velocity : [-1.09099003 27.2       ]
Objective function value : 0.23504097461700435

Particle 6
New position : [  4.80851068 257.        ]
New position (int) : 0
New velocity : [  1.58632707 -32.        ]
Objective function value : 0.24208244085311892

Particle 7
New position : [  4.80881983 151.98910565]
New position (int) : 2
New velocity : [ 0.49891167 -1.25677548]
Objective function value : 0.23114160299301145

Particle 8
New position : [  6.08883775 291.29226919]
New position (int) : 0
New velocity : [ -1.15257449 -32.        ]
Objective function value : 0.24532846212387083

Particle 9
New position : [  4.58976112 115.5       ]
New position (int) : 1
New velocity : [-0.67584146 32.        ]
Objective function value : 0.23281658887863155
End of generation
Best position : [ 4 68]
Best objective function value : 0.2202482938766479


***** Particle generation 2 ******

Particle 0
New position : [ 5.46625843 93.6       ]
New position (int) : 3
New velocity : [ 1.72196352 25.6       ]
Objective function value : 0.23443514108657837

Particle 1
New position : [  5.54553087 291.93848556]
New position (int) : 1
New velocity : [  1.42454349 -32.        ]
Objective function value : 0.24867843389511113

Particle 2
New position : [ 5.17890183 82.03397833]
New position (int) : 1
New velocity : [-1.82455403 14.03397833]
Objective function value : 0.22681752443313596

Particle 3
New position : [  6.49070822 307.60144753]
New position (int) : 1
New velocity : [ -1.53803869 -32.        ]
Objective function value : 0.23665359020233157

Particle 4
New position : [  4.47910179 186.9522359 ]
New position (int) : 1
New velocity : [  0.04985793 -32.        ]
Objective function value : 0.2289795517921448

Particle 5
New position : [  4.1709768  148.81221009]
New position (int) : 3
New velocity : [-0.86331408 -9.38778991]
Objective function value : 0.22788667678833008

Particle 6
New position : [  5.52712362 233.75973293]
New position (int) : 2
New velocity : [  0.71861294 -23.24026707]
Objective function value : 0.2338886857032776

Particle 7
New position : [  4.90579793 119.98910565]
New position (int) : 0
New velocity : [  0.09697809 -32.        ]
Objective function value : 0.23229093551635738

Particle 8
New position : [  5.4969852  259.29226919]
New position (int) : 3
New velocity : [ -0.59185255 -32.        ]
Objective function value : 0.24263186454772945

Particle 9
New position : [  4.21924438 124.58717489]
New position (int) : 0
New velocity : [-0.37051673  9.08717489]
Objective function value : 0.2295527458190918
End of generation
Best position : [ 4 68]
Best objective function value : 0.2202482938766479


***** Particle generation 3 ******

Particle 0
New position : [ 5.76664881 95.49629335]
New position (int) : 1
New velocity : [0.30039038 1.89629335]
Objective function value : 0.2262770175933838

Particle 1
New position : [  4.69166395 259.93848556]
New position (int) : 3
New velocity : [ -0.85386691 -32.        ]
Objective function value : 0.2426140427589416

Particle 2
New position : [ 3.4251436  88.69753869]
New position (int) : 0
New velocity : [-1.75375823  6.66356037]
Objective function value : 0.2251811504364014

Particle 3
New position : [  4.42079841 275.60144753]
New position (int) : 1
New velocity : [ -2.06990981 -32.        ]
Objective function value : 0.23936505317687984

Particle 4
New position : [  4.49467883 154.9522359 ]
New position (int) : 1
New velocity : [ 1.55770392e-02 -3.20000000e+01]
Objective function value : 0.24156569242477421

Particle 5
New position : [  3.65089084 128.74585819]
New position (int) : 0
New velocity : [ -0.52008596 -20.0663519 ]
Objective function value : 0.2294844388961792

Particle 6
New position : [  4.98214919 213.17832082]
New position (int) : 1
New velocity : [ -0.54497443 -20.5814121 ]
Objective function value : 0.23665360212326048

Particle 7
New position : [  4.98286487 101.57371712]
New position (int) : 3
New velocity : [  0.07706694 -18.41538853]
Objective function value : 0.23552507162094116

Particle 8
New position : [  5.83726581 229.93495257]
New position (int) : 2
New velocity : [  0.34028062 -29.35731661]
Objective function value : 0.2464480876922608

Particle 9
New position : [  3.91225425 124.63815931]
New position (int) : 0
New velocity : [-0.30699013  0.05098443]
Objective function value : 0.2267670392990112
End of generation
Best position : [ 4 68]
Best objective function value : 0.2202482938766479


***** Particle generation 4 ******

Particle 0
New position : [ 5.89149981 95.49417822]
New position (int) : 0
New velocity : [ 0.124851   -0.00211513]
Objective function value : 0.23665063381195073

Particle 1
New position : [  3.94465587 230.47608733]
New position (int) : 3
New velocity : [ -0.74700808 -29.46239824]
Objective function value : 0.23500236272811892

Particle 2
New position : [ 2.38725503 84.48161346]
New position (int) : 2
New velocity : [-1.03788857 -4.21592524]
Objective function value : 0.2398996233940125

Particle 3
New position : [  3.39634787 243.60144753]
New position (int) : 0
New velocity : [ -1.02445053 -32.        ]
Objective function value : 0.23117129802703862

Particle 4
New position : [  4.52608091 130.43286558]
New position (int) : 3
New velocity : [  0.03140208 -24.51937032]
Objective function value : 0.22847470045089724

Particle 5
New position : [  4.33008182 105.80472794]
New position (int) : 1
New velocity : [  0.67919098 -22.94113025]
Objective function value : 0.23060108423233028

Particle 6
New position : [  3.4638489  191.48130381]
New position (int) : 1
New velocity : [ -1.51830029 -21.69701701]
Objective function value : 0.2284360885620117

Particle 7
New position : [ 4.70097284 79.21381177]
New position (int) : 2
New velocity : [ -0.28189203 -22.35990535]
Objective function value : 0.22460796833038332

Particle 8
New position : [  6.2970319  197.93495257]
New position (int) : 0
New velocity : [  0.45976609 -32.        ]
Objective function value : 0.22460204362869263

Particle 9
New position : [  3.58456336 118.26802167]
New position (int) : 0
New velocity : [-0.32769089 -6.37013764]
Objective function value : 0.2339094758033753
End of generation
Best position : [ 4 68]
Best objective function value : 0.2202482938766479


***** Particle generation 5 ******

Particle 0
New position : [ 4.85230453 79.20781136]
New position (int) : 2
New velocity : [ -1.03919528 -16.28636686]
Objective function value : 0.22300724983215336

Particle 1
New position : [  2.99645733 198.47608733]
New position (int) : 3
New velocity : [ -0.94819855 -32.        ]
Objective function value : 0.2257335424423218

Particle 2
New position : [ 2.0552238  80.82740964]
New position (int) : 2
New velocity : [-0.33203123 -3.65420382]
Objective function value : 0.23011403083801274

Particle 3
New position : [  2.79363696 211.60144753]
New position (int) : 1
New velocity : [ -0.60271092 -32.        ]
Objective function value : 0.23823058605194092

Particle 4
New position : [  4.62863406 140.66915681]
New position (int) : 3
New velocity : [ 0.10255315 10.23629123]
Objective function value : 0.2388096928596497

Particle 5
New position : [ 5.64054956 92.97365116]
New position (int) : 2
New velocity : [  1.31046774 -12.83107679]
Objective function value : 0.22736396789550783

Particle 6
New position : [  2.61302486 159.48130381]
New position (int) : 1
New velocity : [ -0.85082405 -32.        ]
Objective function value : 0.23662984371185303

Particle 7
New position : [ 4.61989131 64.24333291]
New position (int) : 1
New velocity : [ -0.08108153 -14.97047885]
Objective function value : 0.2344054341316223

Particle 8
New position : [  5.40147293 165.93495257]
New position (int) : 2
New velocity : [ -0.89555898 -32.        ]
Objective function value : 0.23939771652221675

Particle 9
New position : [  3.26935271 109.19277083]
New position (int) : 0
New velocity : [-0.31521065 -9.07525085]
Objective function value : 0.23120396137237553
End of generation
Best position : [ 4 68]
Best objective function value : 0.2202482938766479


***** Particle generation 6 ******

Particle 0
New position : [ 4.00361925 66.47502877]
New position (int) : 2
New velocity : [ -0.84868528 -12.73278259]
Objective function value : 0.24095987081527714

Particle 1
New position : [  2.77117144 166.47608733]
New position (int) : 3
New velocity : [ -0.22528589 -32.        ]
Objective function value : 0.24532549381256108

Particle 2
New position : [ 2.14686029 79.52408304]
New position (int) : 3
New velocity : [ 0.09163649 -1.3033266 ]
Objective function value : 0.2322612285614014

Particle 3
New position : [  2.99984916 179.60144753]
New position (int) : 0
New velocity : [  0.2062122 -32.       ]
Objective function value : 0.23282846212387087

Particle 4
New position : [  4.57728078 142.8008236 ]
New position (int) : 3
New velocity : [-0.05135329  2.13166679]
Objective function value : 0.23063077926635744

Particle 5
New position : [ 6.13733006 81.94395409]
New position (int) : 3
New velocity : [  0.4967805  -11.02969707]
Objective function value : 0.24314861297607426

Particle 6
New position : [  2.52030543 127.48130381]
New position (int) : 1
New velocity : [ -0.09271943 -32.        ]
Objective function value : 0.2306426763534546

Particle 7
New position : [ 4.3365272  57.52381376]
New position (int) : 1
New velocity : [-0.28336411 -6.71951915]
Objective function value : 0.23445593118667607

Particle 8
New position : [  4.90261215 146.15810314]
New position (int) : 0
New velocity : [ -0.49886077 -19.77684943]
Objective function value : 0.2191850781440735

Particle 9
New position : [ 3.1832652  97.87022537]
New position (int) : 3
New velocity : [ -0.08608752 -11.32254546]
Objective function value : 0.23717035055160518
End of generation
Best position : [  4 146]
Best objective function value : 0.2191850781440735


***** Particle generation 7 ******

Particle 0
New position : [ 3.53525437 76.84092365]
New position (int) : 1
New velocity : [-0.46836488 10.36589488]
Objective function value : 0.23280173540115356

Particle 1
New position : [  3.15094699 157.11395179]
New position (int) : 1
New velocity : [ 0.37977555 -9.36213553]
Objective function value : 0.22683537006378174

Particle 2
New position : [ 2.94449946 94.64068525]
New position (int) : 3
New velocity : [ 0.79763916 15.11660221]
Objective function value : 0.2338886857032776

Particle 3
New position : [  3.17166776 175.38822571]
New position (int) : 3
New velocity : [ 0.1718186  -4.21322183]
Objective function value : 0.23877404928207402

Particle 4
New position : [  4.28184763 148.00709646]
New position (int) : 2
New velocity : [-0.29543315  5.20627286]
Objective function value : 0.2268472075462341

Particle 5
New position : [  5.77720505 113.94395409]
New position (int) : 3
New velocity : [-0.36012501 32.        ]
Objective function value : 0.23827512264251705

Particle 6
New position : [  2.72910789 147.13469532]
New position (int) : 2
New velocity : [ 0.20880246 19.65339151]
Objective function value : 0.22792230844497685

Particle 7
New position : [ 4.45421753 74.66791643]
New position (int) : 1
New velocity : [ 0.11769033 17.14410267]
Objective function value : 0.24370101690292356

Particle 8
New position : [  4.42513187 135.2452594 ]
New position (int) : 3
New velocity : [ -0.47748028 -10.91284374]
Objective function value : 0.22791042327880862

Particle 9
New position : [  3.27919944 107.26252508]
New position (int) : 3
New velocity : [0.09593425 9.39229971]
Objective function value : 0.2355488181114197
End of generation
Best position : [  4 146]
Best objective function value : 0.2191850781440735


***** Particle generation 8 ******

Particle 0
New position : [ 3.50098699 86.79513678]
New position (int) : 1
New velocity : [-0.03426738  9.95421313]
Objective function value : 0.22628295421600342

Particle 1
New position : [  3.46430371 163.94535596]
New position (int) : 2
New velocity : [0.31335672 6.83140417]
Objective function value : 0.2431456446647644

Particle 2
New position : [  3.62282441 114.03650885]
New position (int) : 2
New velocity : [ 0.67832495 19.3958236 ]
Objective function value : 0.2246376872062683

Particle 3
New position : [  3.60883997 176.99592007]
New position (int) : 0
New velocity : [0.43717221 1.60769436]
Objective function value : 0.2306129574775696

Particle 4
New position : [  4.06565235 155.1948378 ]
New position (int) : 2
New velocity : [-0.21619528  7.18774134]
Objective function value : 0.2366238951683044

Particle 5
New position : [  5.64450868 137.34106306]
New position (int) : 0
New velocity : [-0.13269637 23.39710897]
Objective function value : 0.24042825698852544

Particle 6
New position : [  3.05155669 162.1764763 ]
New position (int) : 0
New velocity : [ 0.32244881 15.04178099]
Objective function value : 0.23609824180603023

Particle 7
New position : [ 4.72606685 88.18645911]
New position (int) : 0
New velocity : [ 0.27184932 13.51854268]
Objective function value : 0.22950226068496704

Particle 8
New position : [  3.87684777 137.61950184]
New position (int) : 3
New velocity : [-0.5482841   2.37424244]
Objective function value : 0.23500237464904783

Particle 9
New position : [  3.29870474 114.58638685]
New position (int) : 1
New velocity : [0.0195053  7.32386177]
Objective function value : 0.2306188941001892
End of generation
Best position : [  4 146]
Best objective function value : 0.2191850781440735


***** Particle generation 9 ******

Particle 0
New position : [ 3.53628486 94.91959613]
New position (int) : 3
New velocity : [0.03529787 8.12445934]
Objective function value : 0.2431931495666504

Particle 1
New position : [  3.50588929 175.28989014]
New position (int) : 3
New velocity : [ 0.04158559 11.34453418]
Objective function value : 0.23172367811202998

Particle 2
New position : [  4.1902026  135.68087815]
New position (int) : 0
New velocity : [ 0.56737819 21.6443693 ]
Objective function value : 0.22793418169021606

Particle 3
New position : [  3.75897028 166.48803599]
New position (int) : 2
New velocity : [  0.15013031 -10.50788407]
Objective function value : 0.25076621770858765

Particle 4
New position : [  4.39850264 187.1948378 ]
New position (int) : 3
New velocity : [ 0.33285029 32.        ]
Objective function value : 0.23827810287475581

Particle 5
New position : [  5.5809798  148.23807159]
New position (int) : 1
New velocity : [-0.06352888 10.89700853]
Objective function value : 0.24153004884719853

Particle 6
New position : [  3.44916522 181.95705034]
New position (int) : 2
New velocity : [ 0.39760853 19.78057404]
Objective function value : 0.23005464076995852

Particle 7
New position : [  4.51596043 120.18645911]
New position (int) : 3
New velocity : [-0.21010642 32.        ]
Objective function value : 0.23551317453384402

Particle 8
New position : [  3.70488662 143.77577792]
New position (int) : 0
New velocity : [-0.17196115  6.15627608]
Objective function value : 0.23880375623702998

Particle 9
New position : [  3.40130639 131.11463148]
New position (int) : 0
New velocity : [ 0.10260165 16.52824462]
Objective function value : 0.22735803127288823
End of generation
Best position : [  4 146]
Best objective function value : 0.2191850781440735


***** Optimal configuration found by PSO ******
N. hidden layers : 4
N. neurons per layer : 146
Accuracy on validation set : 0.7808149218559265
Execution time : 01:37:15.79
Accuracy on test set : 0.7347826361656189
