

***** PSO Configuration ******
w_start : 0.9
w_end : 0.4
c1 : 0.5
c2 : 0.5
swarm_size : 10
num_generations : 10
min_init_velocity : [1, 4]
max_init_velocity : [3, 32]
max_velocity : [3, 32]
bounds : [(1, 10), (4, 384)]
initialization type : InitializationType.QUASI_RANDOM_USING_BORDER


***** Particles initialization *****

Border Particle 0
Position : [1 4]
Velocity : [0. 0.]
Objective function value : 0.2999019980430603

Border Particle 1
Position : [  1 384]
Velocity : [0. 0.]
Objective function value : 0.2519125699996948

Border Particle 2
Position : [10  4]
Velocity : [0. 0.]
Objective function value : 0.46673794984817507

Border Particle 3
Position : [ 10 384]
Velocity : [0. 0.]
Objective function value : 0.2317028880119324

Particle 0
Position : [  5.5 194. ]
Velocity : [0. 0.]

Particle 1
Position : [ 7.75 99.  ]
Velocity : [0. 0.]

Particle 2
Position : [  3.25 289.  ]
Velocity : [0. 0.]

Particle 3
Position : [  4.375 146.5  ]
Velocity : [0. 0.]

Particle 4
Position : [  8.875 336.5  ]
Velocity : [0. 0.]

Particle 5
Position : [ 6.625 51.5  ]
Velocity : [0. 0.]


***** Particle generation 0 ******

Particle 0
New position : [ 3.34886918 36.        ]
New position (int) : 3
New velocity : [ 2.34886918 32.        ]
Objective function value : 0.24590460062026975

Particle 1
New position : [  2.43378837 384.        ]
New position (int) : 1
New velocity : [1.43378837 0.        ]
Objective function value : 0.23445593118667607

Particle 2
New position : [10. 36.]
New position (int) : 0
New velocity : [ 0. 32.]
Objective function value : 0.24368021488189695

Particle 3
New position : [ 10. 384.]
New position (int) : 1
New velocity : [0. 0.]
Objective function value : 0.2611576437950134

Particle 4
New position : [  6.56332983 226.        ]
New position (int) : 3
New velocity : [ 1.06332983 32.        ]
Objective function value : 0.24260513782501225

Particle 5
New position : [  8.40881992 131.        ]
New position (int) : 2
New velocity : [ 0.65881992 32.        ]
Objective function value : 0.24863387346267696

Particle 6
New position : [  4.46408288 306.08709232]
New position (int) : 1
New velocity : [ 1.21408288 17.08709232]
Objective function value : 0.23117724657058714

Particle 7
New position : [  6.64090066 178.5       ]
New position (int) : 2
New velocity : [ 2.26590066 32.        ]
Objective function value : 0.24538191556930544

Particle 8
New position : [  9.25300828 352.4603498 ]
New position (int) : 2
New velocity : [ 0.37800828 15.9603498 ]
Objective function value : 0.2459224224090576

Particle 9
New position : [ 8.11802327 83.5       ]
New position (int) : 2
New velocity : [ 1.49302327 32.        ]
Objective function value : 0.23554586172103886
End of generation
Best position : [  4 307]
Best objective function value : 0.23117724657058714


***** Particle generation 1 ******

Particle 0
New position : [ 5.5834212 68.       ]
New position (int) : 3
New velocity : [ 2.23455202 32.        ]
Objective function value : 0.22677000761032107

Particle 1
New position : [  3.85410455 364.85674995]
New position (int) : 0
New velocity : [  1.42031617 -19.14325005]
Objective function value : 0.24102518558502195

Particle 2
New position : [ 8.98340795 68.        ]
New position (int) : 0
New velocity : [-1.01659205 32.        ]
Objective function value : 0.2268086194992065

Particle 3
New position : [  9.98108557 383.75726484]
New position (int) : 0
New velocity : [-0.01891443 -0.24273516]
Objective function value : 0.25080186128616333

Particle 4
New position : [  6.62354048 258.        ]
New position (int) : 0
New velocity : [ 0.06021065 32.        ]
Objective function value : 0.23281064033508303

Particle 5
New position : [  8.59984356 163.        ]
New position (int) : 2
New velocity : [ 0.19102365 32.        ]
Objective function value : 0.24099252223968504

Particle 6
New position : [  5.35525398 320.88809028]
New position (int) : 2
New velocity : [ 0.89117111 14.80099796]
Objective function value : 0.23441435098648067

Particle 7
New position : [  8.34710333 210.5       ]
New position (int) : 1
New velocity : [ 1.70620267 32.        ]
Objective function value : 0.25079294443130495

Particle 8
New position : [  7.18291531 343.50902877]
New position (int) : 2
New velocity : [-2.07009298 -8.95132103]
Objective function value : 0.23444405794143675

Particle 9
New position : [  8.79108226 115.5       ]
New position (int) : 2
New velocity : [ 0.67305899 32.        ]
Objective function value : 0.2393680214881897
End of generation
Best position : [ 6 68]
Best objective function value : 0.22677000761032107


***** Particle generation 2 ******

Particle 0
New position : [ 7.64418703 93.6       ]
New position (int) : 0
New velocity : [ 2.06076583 25.6       ]
Objective function value : 0.24208837747573853

Particle 1
New position : [  5.10875125 332.85674995]
New position (int) : 3
New velocity : [  1.25464671 -32.        ]
Objective function value : 0.2371732950210571

Particle 2
New position : [ 6.87176349 93.6       ]
New position (int) : 2
New velocity : [-2.11164446 25.6       ]
Objective function value : 0.23556070327758794

Particle 3
New position : [  9.14404539 351.75726484]
New position (int) : 2
New velocity : [ -0.83704018 -32.        ]
Objective function value : 0.2562485218048096

Particle 4
New position : [  6.11394778 226.        ]
New position (int) : 0
New velocity : [ -0.50959271 -32.        ]
Objective function value : 0.22355072498321538

Particle 5
New position : [  8.52929807 176.27807465]
New position (int) : 1
New velocity : [-0.07054549 13.27807465]
Objective function value : 0.2453492403030395

Particle 6
New position : [  5.79134089 288.88809028]
New position (int) : 2
New velocity : [  0.4360869 -32.       ]
Objective function value : 0.24536706209182735

Particle 7
New position : [  8.47182358 178.5       ]
New position (int) : 2
New velocity : [  0.12472025 -32.        ]
Objective function value : 0.25079888105392456

Particle 8
New position : [  5.62956843 311.50902877]
New position (int) : 1
New velocity : [ -1.55334687 -32.        ]
Objective function value : 0.24318721294403078

Particle 9
New position : [  8.36517086 122.45264525]
New position (int) : 1
New velocity : [-0.4259114   6.95264525]
Objective function value : 0.24752612113952632
End of generation
Best position : [  6 226]
Best objective function value : 0.22355072498321538


***** Particle generation 3 ******

Particle 0
New position : [  7.81368284 125.6       ]
New position (int) : 3
New velocity : [ 0.16949582 32.        ]
Objective function value : 0.23936505317687984

Particle 1
New position : [  6.24494757 300.85674995]
New position (int) : 2
New velocity : [  1.13619631 -32.        ]
Objective function value : 0.24590461254119877

Particle 2
New position : [  5.14458415 125.6       ]
New position (int) : 2
New velocity : [-1.72717934 32.        ]
Objective function value : 0.22080066204071047

Particle 3
New position : [  7.46847174 319.75726484]
New position (int) : 0
New velocity : [ -1.67557365 -32.        ]
Objective function value : 0.24809041023254397

Particle 4
New position : [  5.6666073 202.       ]
New position (int) : 0
New velocity : [ -0.44734047 -24.        ]
Objective function value : 0.23823354244232176

Particle 5
New position : [  7.45461043 205.73749083]
New position (int) : 0
New velocity : [-1.07468765 29.45941618]
Objective function value : 0.24318721294403078

Particle 6
New position : [  5.44719432 264.87759769]
New position (int) : 0
New velocity : [ -0.34414657 -24.01049259]
Objective function value : 0.23008731603622434

Particle 7
New position : [  7.9107735  162.55160563]
New position (int) : 0
New velocity : [ -0.56105008 -15.94839437]
Objective function value : 0.25296387672424314

Particle 8
New position : [  4.62466741 279.50902877]
New position (int) : 0
New velocity : [ -1.00490102 -32.        ]
Objective function value : 0.24208245277404783

Particle 9
New position : [  7.24344707 154.45264525]
New position (int) : 1
New velocity : [-1.12172379 32.        ]
Objective function value : 0.24204679727554324
End of generation
Best position : [  6 125]
Best objective function value : 0.22080066204071047


***** Particle generation 4 ******

Particle 0
New position : [  6.84486368 126.20921338]
New position (int) : 3
New velocity : [-0.96881917  0.60921338]
Objective function value : 0.23828104734420774

Particle 1
New position : [  6.61297307 268.85674995]
New position (int) : 1
New velocity : [  0.36802551 -32.        ]
Objective function value : 0.23715846538543706

Particle 2
New position : [  4.54661078 147.57139992]
New position (int) : 2
New velocity : [-0.59797337 21.97139992]
Objective function value : 0.2300962090492249

Particle 3
New position : [  7.1120002  294.05097873]
New position (int) : 3
New velocity : [ -0.35647154 -25.70628611]
Objective function value : 0.22844797372817993

Particle 4
New position : [  5.51803088 195.73994428]
New position (int) : 1
New velocity : [-0.14857643 -6.26005572]
Objective function value : 0.23882156610488892

Particle 5
New position : [  6.24914161 173.73749083]
New position (int) : 2
New velocity : [ -1.20546881 -32.        ]
Objective function value : 0.2388096928596497

Particle 6
New position : [  5.11412066 232.87759769]
New position (int) : 0
New velocity : [ -0.33307366 -32.        ]
Objective function value : 0.2409895539283753

Particle 7
New position : [  6.63177134 143.3753736 ]
New position (int) : 3
New velocity : [ -1.27900215 -19.17623203]
Objective function value : 0.23770195245742798

Particle 8
New position : [  4.24211448 247.50902877]
New position (int) : 2
New velocity : [ -0.38255293 -32.        ]
Objective function value : 0.24205867052078245

Particle 9
New position : [  6.57197826 132.59679221]
New position (int) : 1
New velocity : [ -0.67146881 -21.85585304]
Objective function value : 0.23336896896362302
End of generation
Best position : [  6 125]
Best objective function value : 0.22080066204071047


***** Particle generation 5 ******

Particle 0
New position : [  5.68779873 100.17248901]
New position (int) : 3
New velocity : [ -1.15706495 -26.03672437]
Objective function value : 0.24099251031875613

Particle 1
New position : [  6.47755063 236.85674995]
New position (int) : 2
New velocity : [ -0.13542244 -32.        ]
Objective function value : 0.2448265671730041

Particle 2
New position : [  5.31231164 143.92502256]
New position (int) : 0
New velocity : [ 0.76570086 -3.64637736]
Objective function value : 0.2230102062225342

Particle 3
New position : [  7.12653744 274.94876035]
New position (int) : 1
New velocity : [ 1.45372381e-02 -1.91022184e+01]
Objective function value : 0.2409747004508972

Particle 4
New position : [  5.51104967 193.12977484]
New position (int) : 1
New velocity : [-0.00698121 -2.61016945]
Objective function value : 0.23338677883148196

Particle 5
New position : [  5.8183613  141.73749083]
New position (int) : 3
New velocity : [ -0.43078032 -32.        ]
Objective function value : 0.22574839591979978

Particle 6
New position : [  5.27088423 200.87759769]
New position (int) : 3
New velocity : [  0.15676358 -32.        ]
Objective function value : 0.2415597558021545

Particle 7
New position : [  5.61396419 122.50734391]
New position (int) : 2
New velocity : [ -1.01780715 -20.86802969]
Objective function value : 0.2306337594985962

Particle 8
New position : [  5.58925261 223.8759077 ]
New position (int) : 3
New velocity : [  1.34713813 -23.63312108]
Objective function value : 0.2398847579956055

Particle 9
New position : [  5.73964695 115.47174397]
New position (int) : 0
New velocity : [ -0.83233131 -17.12504824]
Objective function value : 0.23170586824417116
End of generation
Best position : [  6 125]
Best objective function value : 0.22080066204071047


***** Particle generation 6 ******

Particle 0
New position : [ 5.14757888 69.92298564]
New position (int) : 3
New velocity : [ -0.54021985 -30.24950338]
Objective function value : 0.24968519210815432

Particle 1
New position : [  4.55384785 267.55796016]
New position (int) : 1
New velocity : [-1.92370278 30.7012102 ]
Objective function value : 0.23771085739135744

Particle 2
New position : [  6.10741083 132.49939785]
New position (int) : 3
New velocity : [  0.79509918 -11.42562471]
Objective function value : 0.23718817234039302

Particle 3
New position : [  7.25499529 253.56246691]
New position (int) : 2
New velocity : [  0.12845785 -21.38629344]
Objective function value : 0.23337490558624263

Particle 4
New position : [  5.7662942 189.0266647]
New position (int) : 0
New velocity : [ 0.25524453 -4.10311014]
Objective function value : 0.2409954905509949

Particle 5
New position : [  5.71196776 115.0861144 ]
New position (int) : 1
New velocity : [ -0.10639354 -26.65137643]
Objective function value : 0.2355220913887024

Particle 6
New position : [  5.5498613  177.23752736]
New position (int) : 2
New velocity : [  0.27897707 -23.64007032]
Objective function value : 0.23278391361236572

Particle 7
New position : [  5.14733449 110.46696899]
New position (int) : 2
New velocity : [ -0.4666297  -12.04037492]
Objective function value : 0.2284687519073486

Particle 8
New position : [  7.01728075 192.61930943]
New position (int) : 2
New velocity : [  1.42802814 -31.25659827]
Objective function value : 0.24318721294403078

Particle 9
New position : [  5.14747017 108.30342838]
New position (int) : 3
New velocity : [-0.59217678 -7.16831559]
Objective function value : 0.2377405405044556
End of generation
Best position : [  6 125]
Best objective function value : 0.22080066204071047


***** Particle generation 7 ******

Particle 0
New position : [ 4.95521179 57.65170287]
New position (int) : 0
New velocity : [ -0.19236708 -12.27128277]
Objective function value : 0.23714065551757812

Particle 1
New position : [  3.70509987 253.53169463]
New position (int) : 1
New velocity : [ -0.84874799 -14.02626553]
Objective function value : 0.2295319557189941

Particle 2
New position : [  6.49130961 122.48652667]
New position (int) : 2
New velocity : [  0.38389879 -10.01287119]
Objective function value : 0.2442682266235352

Particle 3
New position : [  6.88567963 221.56246691]
New position (int) : 2
New velocity : [ -0.36931567 -32.        ]
Objective function value : 0.24532549381256108

Particle 4
New position : [  6.07904033 171.13602814]
New position (int) : 2
New velocity : [  0.31274613 -17.89063655]
Objective function value : 0.23658529520034788

Particle 5
New position : [  5.88389983 114.73737139]
New position (int) : 3
New velocity : [ 0.17193208 -0.34874301]
Objective function value : 0.23881564140319822

Particle 6
New position : [  5.57211289 190.66098764]
New position (int) : 1
New velocity : [ 0.02225159 13.42346027]
Objective function value : 0.2409954905509949

Particle 7
New position : [  5.2652747  105.20238732]
New position (int) : 2
New velocity : [ 0.11794021 -5.26458167]
Objective function value : 0.23662687540054317

Particle 8
New position : [  8.00315075 214.60653977]
New position (int) : 2
New velocity : [ 0.98587    21.98723034]
Objective function value : 0.24643621444702146

Particle 9
New position : [  4.90125783 108.36028716]
New position (int) : 1
New velocity : [-0.24621234  0.05685878]
Objective function value : 0.23281065225601194
End of generation
Best position : [  6 125]
Best objective function value : 0.22080066204071047


***** Particle generation 8 ******

Particle 0
New position : [ 5.58709486 84.48615674]
New position (int) : 2
New velocity : [ 0.63188306 26.83445387]
Objective function value : 0.24529876708984377

Particle 1
New position : [  3.38059247 238.11747683]
New position (int) : 1
New velocity : [ -0.32450739 -15.4142178 ]
Objective function value : 0.2355696082115173

Particle 2
New position : [  6.34036609 119.23428473]
New position (int) : 3
New velocity : [-0.15094353 -3.25224193]
Objective function value : 0.22245188951492312

Particle 3
New position : [  6.73937551 206.14175496]
New position (int) : 1
New velocity : [ -0.14630412 -15.42071195]
Objective function value : 0.24803397655487058

Particle 4
New position : [  6.19488371 172.769611  ]
New position (int) : 3
New velocity : [0.11584338 1.63358286]
Objective function value : 0.22681752443313596

Particle 5
New position : [  6.06363201 131.10136481]
New position (int) : 0
New velocity : [ 0.17973217 16.36399341]
Objective function value : 0.24045201539993288

Particle 6
New position : [  5.39884578 219.6539353 ]
New position (int) : 0
New velocity : [-0.17326711 28.99294766]
Objective function value : 0.24261999130249023

Particle 7
New position : [  5.89008301 113.02683461]
New position (int) : 2
New velocity : [0.62480831 7.82444729]
Objective function value : 0.22848062515258794

Particle 8
New position : [  7.85801533 199.97752493]
New position (int) : 1
New velocity : [ -0.14513541 -14.62901485]
Objective function value : 0.2431456327438355

Particle 9
New position : [  4.83327968 109.50534054]
New position (int) : 0
New velocity : [-0.06797815  1.14505338]
Objective function value : 0.23827512264251705
End of generation
Best position : [  6 125]
Best objective function value : 0.22080066204071047


***** Particle generation 9 ******

Particle 0
New position : [  6.11996137 111.58014031]
New position (int) : 2
New velocity : [ 0.53286652 27.09398358]
Objective function value : 0.251894760131836

Particle 1
New position : [  3.46528249 221.1458673 ]
New position (int) : 1
New velocity : [  0.08469001 -16.97160953]
Objective function value : 0.23389166593551636

Particle 2
New position : [  6.09761022 120.73237352]
New position (int) : 2
New velocity : [-0.24275587  1.49808878]
Objective function value : 0.23605071306228642

Particle 3
New position : [  6.81449996 208.97713314]
New position (int) : 3
New velocity : [0.07512445 2.83537818]
Objective function value : 0.23336895704269411

Particle 4
New position : [  6.17273222 187.24360682]
New position (int) : 2
New velocity : [-0.02215149 14.47399582]
Objective function value : 0.24044605493545534

Particle 5
New position : [  6.11564543 138.26339222]
New position (int) : 1
New velocity : [0.05201343 7.16202741]
Objective function value : 0.23444998264312744

Particle 6
New position : [  5.31909476 228.91933436]
New position (int) : 2
New velocity : [-0.07975102  9.26539906]
Objective function value : 0.2388156175613403

Particle 7
New position : [  6.21764515 118.46061916]
New position (int) : 3
New velocity : [0.32756213 5.43378455]
Objective function value : 0.23719409704208372

Particle 8
New position : [  7.64141892 231.85502697]
New position (int) : 1
New velocity : [-0.21659642 31.87750205]
Objective function value : 0.22628296613693233

Particle 9
New position : [  5.34603714 118.1122928 ]
New position (int) : 0
New velocity : [0.51275746 8.60695226]
Objective function value : 0.2301170110702515
End of generation
Best position : [  6 125]
Best objective function value : 0.22080066204071047


***** Optimal configuration found by PSO ******
N. hidden layers : 6
N. neurons per layer : 125
Accuracy on validation set : 0.7791993379592895
Execution time : 02:02:18.57
Accuracy on test set : 0.7434782385826111
