

***** PSO Configuration ******
w_start : 0.9
w_end : 0.4
c1 : 0.5
c2 : 0.5
swarm_size : 10
num_generations : 10
min_init_velocity : [1, 4]
max_init_velocity : [3, 32]
max_velocity : [3, 32]
bounds : [(1, 10), (4, 384)]
initialization type : InitializationType.QUASI_RANDOM_USING_BORDER


***** Particles initialization *****

Border Particle 0
Position : [1 4]
Velocity : [0. 0.]
Objective function value : 0.3026431560516357

Border Particle 1
Position : [  1 384]
Velocity : [0. 0.]
Objective function value : 0.2655262589454651

Border Particle 2
Position : [10  4]
Velocity : [0. 0.]
Objective function value : 0.2595390915870667

Border Particle 3
Position : [ 10 384]
Velocity : [0. 0.]
Objective function value : 0.2589451193809509

Particle 0
Position : [  5.5 194. ]
Velocity : [0. 0.]

Particle 1
Position : [ 7.75 99.  ]
Velocity : [0. 0.]

Particle 2
Position : [  3.25 289.  ]
Velocity : [0. 0.]

Particle 3
Position : [  4.375 146.5  ]
Velocity : [0. 0.]

Particle 4
Position : [  8.875 336.5  ]
Velocity : [0. 0.]

Particle 5
Position : [ 6.625 51.5  ]
Velocity : [0. 0.]


***** Particle generation 0 ******

Particle 0
New position : [ 3.96049574 36.        ]
New position (int) : 0
New velocity : [ 2.96049574 32.        ]
Objective function value : 0.23557257652282715

Particle 1
New position : [  4.         363.05282189]
New position (int) : 1
New velocity : [  3.         -20.94717811]
Objective function value : 0.2355606913566589

Particle 2
New position : [ 9.66850529 36.        ]
New position (int) : 2
New velocity : [-0.33149471 32.        ]
Objective function value : 0.24369208812713627

Particle 3
New position : [  9.56758263 363.24396621]
New position (int) : 2
New velocity : [ -0.43241737 -20.75603379]
Objective function value : 0.2551734209060669

Particle 4
New position : [  5.77474387 205.1467513 ]
New position (int) : 1
New velocity : [ 0.27474387 11.1467513 ]
Objective function value : 0.2387681007385254

Particle 5
New position : [  8.37423727 131.        ]
New position (int) : 3
New velocity : [ 0.62423727 32.        ]
Objective function value : 0.2333570957183838

Particle 6
New position : [  4.1274238  296.17198587]
New position (int) : 3
New velocity : [0.8774238  7.17198587]
Objective function value : 0.24099547863006587

Particle 7
New position : [  6.1801913 178.5      ]
New position (int) : 1
New velocity : [ 1.8051913 32.       ]
Objective function value : 0.2426080942153931

Particle 8
New position : [  8.87863306 336.48546777]
New position (int) : 3
New velocity : [ 0.00363306 -0.01453223]
Objective function value : 0.23884532451629636

Particle 9
New position : [ 7.29241279 83.5       ]
New position (int) : 1
New velocity : [ 0.66741279 32.        ]
Objective function value : 0.23009027242660518
End of generation
Best position : [ 7 84]
Best objective function value : 0.23009027242660518


***** Particle generation 1 ******

Particle 0
New position : [ 6.96049574 68.        ]
New position (int) : 2
New velocity : [ 3. 32.]
Objective function value : 0.24692920446395872

Particle 1
New position : [  7.         331.05282189]
New position (int) : 3
New velocity : [  3. -32.]
Objective function value : 0.23282550573349003

Particle 2
New position : [ 8.98094956 68.        ]
New position (int) : 2
New velocity : [-0.68755574 32.        ]
Objective function value : 0.23387680053710935

Particle 3
New position : [  8.04959466 331.24396621]
New position (int) : 0
New velocity : [ -1.51798797 -32.        ]
Objective function value : 0.24429793357849117

Particle 4
New position : [  5.8637795  213.20060102]
New position (int) : 0
New velocity : [0.08903563 8.05384972]
Objective function value : 0.23064563274383543

Particle 5
New position : [  8.70237828 141.67209079]
New position (int) : 0
New velocity : [ 0.32814101 10.67209079]
Objective function value : 0.2579175591468811

Particle 6
New position : [  6.0754003  264.17198587]
New position (int) : 0
New velocity : [  1.94797649 -32.        ]
Objective function value : 0.23335114717483518

Particle 7
New position : [  7.83590959 188.90390325]
New position (int) : 1
New velocity : [ 1.65571829 10.40390325]
Objective function value : 0.2410073637962341

Particle 8
New position : [  8.38479134 304.48546777]
New position (int) : 2
New velocity : [ -0.49384171 -32.        ]
Objective function value : 0.2645046353340149

Particle 9
New position : [  7.67863219 111.00963329]
New position (int) : 3
New velocity : [ 0.3862194  27.50963329]
Objective function value : 0.23500238656997685
End of generation
Best position : [ 7 84]
Best objective function value : 0.23009027242660518


***** Particle generation 2 ******

Particle 0
New position : [ 8.64849454 89.9400609 ]
New position (int) : 3
New velocity : [ 1.6879988 21.9400609]
Objective function value : 0.24265856742858882

Particle 1
New position : [  9.4        299.05282189]
New position (int) : 0
New velocity : [  2.4 -32. ]
Objective function value : 0.2415389657020569

Particle 2
New position : [ 8.35627489 94.2203812 ]
New position (int) : 2
New velocity : [-0.62467467 26.2203812 ]
Objective function value : 0.2453373670578003

Particle 3
New position : [  6.42035774 299.24396621]
New position (int) : 1
New velocity : [ -1.62923693 -32.        ]
Objective function value : 0.23989664316177373

Particle 4
New position : [  5.87913764 204.96673017]
New position (int) : 1
New velocity : [ 0.01535814 -8.23387085]
Objective function value : 0.24205869436264038

Particle 5
New position : [  8.18421304 122.47066718]
New position (int) : 1
New velocity : [ -0.51816524 -19.20142361]
Objective function value : 0.23498753309249876

Particle 6
New position : [  8.00080233 232.17198587]
New position (int) : 1
New velocity : [  1.92540203 -32.        ]
Objective function value : 0.2475291013717651

Particle 7
New position : [  8.87496037 190.14016869]
New position (int) : 2
New velocity : [1.03905078 1.23626544]
Objective function value : 0.24044903516769411

Particle 8
New position : [  7.4916844  272.48546777]
New position (int) : 1
New velocity : [ -0.89310695 -32.        ]
Objective function value : 0.2393412947654724

Particle 9
New position : [  7.55904406 115.96046105]
New position (int) : 1
New velocity : [-0.11958813  4.95082776]
Objective function value : 0.24586006402969363
End of generation
Best position : [ 7 84]
Best objective function value : 0.23009027242660518


***** Particle generation 3 ******

Particle 0
New position : [ 6.86919175 81.61041596]
New position (int) : 2
New velocity : [-1.77930279 -8.32964493]
Objective function value : 0.23280471563339233

Particle 1
New position : [  9.85963075 267.05282189]
New position (int) : 3
New velocity : [  0.45963075 -32.        ]
Objective function value : 0.24484139680862427

Particle 2
New position : [  8.04020432 103.94366801]
New position (int) : 3
New velocity : [-0.31607057  9.72328681]
Objective function value : 0.24316345453262334

Particle 3
New position : [  5.29745694 267.24396621]
New position (int) : 2
New velocity : [ -1.12290079 -32.        ]
Objective function value : 0.2311861395835877

Particle 4
New position : [  5.9168852  172.96673017]
New position (int) : 1
New velocity : [  0.03774755 -32.        ]
Objective function value : 0.2366832733154297

Particle 5
New position : [ 7.57905843 96.8659605 ]
New position (int) : 0
New velocity : [ -0.60515461 -25.60470668]
Objective function value : 0.2333570957183838

Particle 6
New position : [  8.99235847 200.17198587]
New position (int) : 1
New velocity : [  0.99155614 -32.        ]
Objective function value : 0.24640650749206539

Particle 7
New position : [  9.55399044 184.51072066]
New position (int) : 0
New velocity : [ 0.67903008 -5.62944803]
Objective function value : 0.24698562622070308

Particle 8
New position : [  7.09376355 248.89593912]
New position (int) : 1
New velocity : [ -0.39792085 -23.58952865]
Objective function value : 0.23661202192306519

Particle 9
New position : [  7.33970015 112.26135115]
New position (int) : 3
New velocity : [-0.2193439 -3.6991099]
Objective function value : 0.24750534296035764
End of generation
Best position : [ 7 84]
Best objective function value : 0.23009027242660518


***** Particle generation 4 ******

Particle 0
New position : [ 5.72036837 76.76021901]
New position (int) : 0
New velocity : [-1.14882338 -4.85019696]
Objective function value : 0.22134710550308223

Particle 1
New position : [  9.68534478 253.12587379]
New position (int) : 3
New velocity : [ -0.17428598 -13.9269481 ]
Objective function value : 0.23278093338012695

Particle 2
New position : [ 7.91687273 96.95229582]
New position (int) : 2
New velocity : [-0.12333159 -6.99137219]
Objective function value : 0.2295527458190918

Particle 3
New position : [  5.47283777 235.24396621]
New position (int) : 0
New velocity : [  0.17538082 -32.        ]
Objective function value : 0.23445591926574705

Particle 4
New position : [  5.68104009 158.19920725]
New position (int) : 3
New velocity : [ -0.23584511 -14.76752292]
Objective function value : 0.24261702299118038

Particle 5
New position : [ 7.33882826 83.45199957]
New position (int) : 3
New velocity : [ -0.24023018 -13.41396094]
Objective function value : 0.23989664316177373

Particle 6
New position : [  9.05293791 168.17198587]
New position (int) : 2
New velocity : [  0.06057944 -32.        ]
Objective function value : 0.24478794336318965

Particle 7
New position : [  9.55542805 173.7491448 ]
New position (int) : 1
New velocity : [ 1.43760555e-03 -1.07615759e+01]
Objective function value : 0.24975646734237666

Particle 8
New position : [  6.88765925 229.56212675]
New position (int) : 3
New velocity : [ -0.20610429 -19.33381237]
Objective function value : 0.23826323747634892

Particle 9
New position : [  7.07946597 100.79561377]
New position (int) : 2
New velocity : [ -0.26023418 -11.46573738]
Objective function value : 0.2339005589485168
End of generation
Best position : [ 5 76]
Best objective function value : 0.22134710550308223


***** Particle generation 5 ******

Particle 0
New position : [ 4.47879191 73.08537519]
New position (int) : 1
New velocity : [-1.24157647 -3.67484381]
Objective function value : 0.23553992509841915

Particle 1
New position : [  9.49891602 239.39598359]
New position (int) : 1
New velocity : [ -0.18642876 -13.72989021]
Objective function value : 0.23989367485046387

Particle 2
New position : [ 7.6074631  90.59938883]
New position (int) : 0
New velocity : [-0.30940963 -6.35290699]
Objective function value : 0.2300843477249146

Particle 3
New position : [  5.51793028 203.24396621]
New position (int) : 1
New velocity : [  0.04509251 -32.        ]
Objective function value : 0.22955571413040166

Particle 4
New position : [  5.3834505  144.41909432]
New position (int) : 0
New velocity : [ -0.29758958 -13.78011293]
Objective function value : 0.235542893409729

Particle 5
New position : [ 6.28650565 72.463581  ]
New position (int) : 3
New velocity : [ -1.05232261 -10.98841856]
Objective function value : 0.2311653614044189

Particle 6
New position : [  7.86277277 136.17198587]
New position (int) : 0
New velocity : [ -1.19016514 -32.        ]
Objective function value : 0.2306545376777649

Particle 7
New position : [  8.16281241 143.759049  ]
New position (int) : 0
New velocity : [ -1.39261564 -29.9900958 ]
Objective function value : 0.23555773496627808

Particle 8
New position : [  7.48409876 249.27983076]
New position (int) : 1
New velocity : [ 0.59643951 19.71770402]
Objective function value : 0.2442682266235352

Particle 9
New position : [ 6.28512143 82.16178414]
New position (int) : 3
New velocity : [ -0.79434454 -18.63382963]
Objective function value : 0.23440841436386106
End of generation
Best position : [ 5 76]
Best objective function value : 0.22134710550308223


***** Particle generation 6 ******

Particle 0
New position : [ 3.82584998 71.39496017]
New position (int) : 0
New velocity : [-0.65294192 -1.69041503]
Objective function value : 0.2306218862533569

Particle 1
New position : [  8.35685026 207.39598359]
New position (int) : 2
New velocity : [ -1.14206575 -32.        ]
Objective function value : 0.2338679075241089

Particle 2
New position : [ 6.29933329 80.56383096]
New position (int) : 2
New velocity : [ -1.30812982 -10.03555787]
Objective function value : 0.2382929444313049

Particle 3
New position : [  5.3129062  171.24396621]
New position (int) : 1
New velocity : [ -0.20502408 -32.        ]
Objective function value : 0.24372178316116333

Particle 4
New position : [  5.02141558 148.94881145]
New position (int) : 1
New velocity : [-0.36203492  4.52971713]
Objective function value : 0.2317296266555786

Particle 5
New position : [ 5.09969671 67.44946968]
New position (int) : 0
New velocity : [-1.18680894 -5.01411132]
Objective function value : 0.2398847579956055

Particle 6
New position : [  5.53025724 104.17198587]
New position (int) : 0
New velocity : [ -2.33251553 -32.        ]
Objective function value : 0.24258136749267578

Particle 7
New position : [  7.10084564 121.29100016]
New position (int) : 0
New velocity : [ -1.06196677 -22.46804884]
Objective function value : 0.23279581069946287

Particle 8
New position : [  7.10762668 217.27983076]
New position (int) : 1
New velocity : [ -0.37647208 -32.        ]
Objective function value : 0.25137207508087156

Particle 9
New position : [ 5.56991918 69.43332815]
New position (int) : 1
New velocity : [ -0.71520226 -12.72845599]
Objective function value : 0.22133523225784302
End of generation
Best position : [ 5 70]
Best objective function value : 0.22133523225784302


***** Particle generation 7 ******

Particle 0
New position : [ 4.0911612  71.63953616]
New position (int) : 0
New velocity : [0.26531122 0.24457599]
Objective function value : 0.2404223084449768

Particle 1
New position : [  6.36585572 175.39598359]
New position (int) : 0
New velocity : [ -1.99099455 -32.        ]
Objective function value : 0.23769898414611812

Particle 2
New position : [ 5.25978505 72.69853674]
New position (int) : 1
New velocity : [-1.03954824 -7.86529423]
Objective function value : 0.23832857608795166

Particle 3
New position : [  5.06148679 154.15951149]
New position (int) : 0
New velocity : [ -0.25141941 -17.08445472]
Objective function value : 0.23936207294464107

Particle 4
New position : [  4.80431892 137.85746667]
New position (int) : 1
New velocity : [ -0.21709667 -11.09134478]
Objective function value : 0.22576621770858762

Particle 5
New position : [ 4.73380472 65.88874307]
New position (int) : 3
New velocity : [-0.36589199 -1.56072661]
Objective function value : 0.22573057413101194

Particle 6
New position : [ 4.33988803 88.16949285]
New position (int) : 3
New velocity : [ -1.19036921 -16.00249302]
Objective function value : 0.23501424789428715

Particle 7
New position : [ 5.60070605 89.29100016]
New position (int) : 3
New velocity : [ -1.50013959 -32.        ]
Objective function value : 0.23767521381378176

Particle 8
New position : [  6.72712263 187.45651536]
New position (int) : 1
New velocity : [ -0.38050406 -29.8233154 ]
Objective function value : 0.24427417516708372

Particle 9
New position : [ 4.87431592 62.73319723]
New position (int) : 0
New velocity : [-0.69560326 -6.70013091]
Objective function value : 0.24261997938156132
End of generation
Best position : [ 5 70]
Best objective function value : 0.22133523225784302


***** Particle generation 8 ******

Particle 0
New position : [ 4.71561434 72.17971429]
New position (int) : 0
New velocity : [0.62445314 0.54017814]
Objective function value : 0.2251692771911621

Particle 1
New position : [  6.09862585 157.29155734]
New position (int) : 0
New velocity : [ -0.26722987 -18.10442624]
Objective function value : 0.23441435098648067

Particle 2
New position : [ 4.82706091 69.29806037]
New position (int) : 3
New velocity : [-0.43272414 -3.40047637]
Objective function value : 0.23994415998458862

Particle 3
New position : [  4.90377508 164.15727005]
New position (int) : 1
New velocity : [-0.15771171  9.99775857]
Objective function value : 0.23990259170532224

Particle 4
New position : [  4.5987442  114.13232871]
New position (int) : 1
New velocity : [ -0.20557472 -23.72513796]
Objective function value : 0.2284568905830383

Particle 5
New position : [ 4.72441319 67.00065085]
New position (int) : 2
New velocity : [-0.00939153  1.11190778]
Objective function value : 0.23013185262680058

Particle 6
New position : [  4.96672018 101.20103692]
New position (int) : 2
New velocity : [ 0.62683215 13.03154407]
Objective function value : 0.23931159973144533

Particle 7
New position : [ 5.05462001 77.82793958]
New position (int) : 3
New velocity : [ -0.54608603 -11.46306058]
Objective function value : 0.24044903516769411

Particle 8
New position : [  6.43104905 166.10517203]
New position (int) : 1
New velocity : [ -0.29607358 -21.35134333]
Objective function value : 0.23550724983215332

Particle 9
New position : [ 4.59214565 63.17780633]
New position (int) : 3
New velocity : [-0.28217026  0.4446091 ]
Objective function value : 0.24368315935134888
End of generation
Best position : [ 5 70]
Best objective function value : 0.22133523225784302


***** Particle generation 9 ******

Particle 0
New position : [ 5.13237235 74.18260322]
New position (int) : 2
New velocity : [0.41675801 2.00288892]
Objective function value : 0.22573058605194096

Particle 1
New position : [  7.34588118 181.1475303 ]
New position (int) : 3
New velocity : [ 1.24725534 23.85597296]
Objective function value : 0.23771679401397705

Particle 2
New position : [ 5.15731703 71.95395684]
New position (int) : 0
New velocity : [0.33025612 2.65589647]
Objective function value : 0.23827513456344607

Particle 3
New position : [  4.8400553  168.94957259]
New position (int) : 0
New velocity : [-0.06371978  4.79230253]
Objective function value : 0.22242220640182497

Particle 4
New position : [ 4.47986249 98.90331466]
New position (int) : 3
New velocity : [ -0.11888171 -15.22901405]
Objective function value : 0.24264670610427852

Particle 5
New position : [ 4.96975763 68.26325016]
New position (int) : 0
New velocity : [0.24534444 1.26259931]
Objective function value : 0.24214183092117314

Particle 6
New position : [  5.38407421 102.66006841]
New position (int) : 2
New velocity : [0.41735403 1.45903149]
Objective function value : 0.22570087909698489

Particle 7
New position : [ 5.54516842 88.58106861]
New position (int) : 0
New velocity : [ 0.49054841 10.75312904]
Objective function value : 0.2344529628753662

Particle 8
New position : [  6.5205928  173.45569501]
New position (int) : 3
New velocity : [0.08954375 7.35052298]
Objective function value : 0.23989665508270264

Particle 9
New position : [ 4.68079075 66.98459226]
New position (int) : 2
New velocity : [0.0886451  3.80678593]
Objective function value : 0.23064564466476445
End of generation
Best position : [ 5 70]
Best objective function value : 0.22133523225784302


***** Optimal configuration found by PSO ******
N. hidden layers : 5
N. neurons per layer : 70
Accuracy on validation set : 0.778664767742157
Execution time : 01:50:20.82
Accuracy on test set : 0.752173900604248
