

***** PSO Configuration ******
w_start : 0.9
w_end : 0.4
c1 : 0.5
c2 : 0.5
swarm_size : 10
num_generations : 10
min_init_velocity : [1, 4]
max_init_velocity : [3, 32]
max_velocity : [3, 32]
bounds : [(1, 10), (4, 384)]
initialization type : InitializationType.QUASI_RANDOM_USING_BORDER


***** Particles initialization *****

Border Particle 0
Position : [1 4]
Velocity : [0. 0.]
Objective function value : 0.3151609659194946

Border Particle 1
Position : [  1 384]
Velocity : [0. 0.]
Objective function value : 0.26116061210632324

Border Particle 2
Position : [10  4]
Velocity : [0. 0.]
Objective function value : 0.2769660115242004

Border Particle 3
Position : [ 10 384]
Velocity : [0. 0.]
Objective function value : 0.2551734447479248

Particle 0
Position : [  5.5 194. ]
Velocity : [0. 0.]

Particle 1
Position : [ 7.75 99.  ]
Velocity : [0. 0.]

Particle 2
Position : [  3.25 289.  ]
Velocity : [0. 0.]

Particle 3
Position : [  4.375 146.5  ]
Velocity : [0. 0.]

Particle 4
Position : [  8.875 336.5  ]
Velocity : [0. 0.]

Particle 5
Position : [ 6.625 51.5  ]
Velocity : [0. 0.]


***** Particle generation 0 ******

Particle 0
New position : [ 2.71935605 27.33411781]
New position (int) : 2
New velocity : [ 1.71935605 23.33411781]
Objective function value : 0.25132453441619873

Particle 1
New position : [  3.57978974 352.        ]
New position (int) : 3
New velocity : [  2.57978974 -32.        ]
Objective function value : 0.23986102342605586

Particle 2
New position : [ 9.0075643 36.       ]
New position (int) : 0
New velocity : [-0.9924357 32.       ]
Objective function value : 0.23715846538543706

Particle 3
New position : [  9.51660696 352.        ]
New position (int) : 1
New velocity : [ -0.48339304 -32.        ]
Objective function value : 0.2404698133468628

Particle 4
New position : [  5.8485303  180.75584855]
New position (int) : 1
New velocity : [  0.3485303  -13.24415145]
Objective function value : 0.23116831779479985

Particle 5
New position : [ 7.75104159 99.        ]
New position (int) : 0
New velocity : [0.00104159 0.        ]
Objective function value : 0.2371495723724365

Particle 6
New position : [  3.56480986 276.40760571]
New position (int) : 0
New velocity : [  0.31480986 -12.59239429]
Objective function value : 0.239332377910614

Particle 7
New position : [  5.02575762 137.97283118]
New position (int) : 1
New velocity : [ 0.65075762 -8.52716882]
Objective function value : 0.23495187759399416

Particle 8
New position : [  8.54750511 304.5       ]
New position (int) : 2
New velocity : [ -0.32749489 -32.        ]
Objective function value : 0.24210619926452637

Particle 9
New position : [ 7.31139669 75.21188577]
New position (int) : 1
New velocity : [ 0.68639669 23.71188577]
Objective function value : 0.2426140308380127
End of generation
Best position : [  5 181]
Best objective function value : 0.23116831779479985


***** Particle generation 1 ******

Particle 0
New position : [ 4.81676452 59.33411781]
New position (int) : 2
New velocity : [ 2.09740847 32.        ]
Objective function value : 0.22244892120361326

Particle 1
New position : [  6.02205329 320.        ]
New position (int) : 0
New velocity : [  2.44226355 -32.        ]
Objective function value : 0.24646292924880986

Particle 2
New position : [ 6.66673715 68.        ]
New position (int) : 1
New velocity : [-2.34082715 32.        ]
Objective function value : 0.22899738550186155

Particle 3
New position : [  7.95809633 320.        ]
New position (int) : 0
New velocity : [ -1.55851063 -32.        ]
Objective function value : 0.23768116235733028

Particle 4
New position : [  5.46927425 169.69268644]
New position (int) : 0
New velocity : [ -0.37925605 -11.06316211]
Objective function value : 0.23986696004867558

Particle 5
New position : [  7.25930565 113.67516605]
New position (int) : 0
New velocity : [-0.49173594 14.67516605]
Objective function value : 0.25570800304412844

Particle 6
New position : [  4.36432316 244.40760571]
New position (int) : 3
New velocity : [  0.7995133 -32.       ]
Objective function value : 0.23065156936645503

Particle 7
New position : [  5.56759714 144.77257919]
New position (int) : 1
New velocity : [0.54183951 6.79974801]
Objective function value : 0.2339154243469238

Particle 8
New position : [  7.52322752 272.5       ]
New position (int) : 3
New velocity : [ -1.0242776 -32.       ]
Objective function value : 0.24642136096954348

Particle 9
New position : [  7.23256916 107.21188577]
New position (int) : 1
New velocity : [-0.07882753 32.        ]
Objective function value : 0.24755285978317265
End of generation
Best position : [ 5 59]
Best objective function value : 0.22244892120361326


***** Particle generation 2 ******

Particle 0
New position : [ 6.5565776  84.82127222]
New position (int) : 2
New velocity : [ 1.73981308 25.48715441]
Objective function value : 0.22026609182357793

Particle 1
New position : [  7.29362096 288.        ]
New position (int) : 1
New velocity : [  1.27156767 -32.        ]
Objective function value : 0.26064978837966923

Particle 2
New position : [ 4.74231763 93.39577617]
New position (int) : 3
New velocity : [-1.92441952 25.39577617]
Objective function value : 0.23282845020294185

Particle 3
New position : [  5.47317899 288.        ]
New position (int) : 3
New velocity : [ -2.48491734 -32.        ]
Objective function value : 0.24972678422927852

Particle 4
New position : [  4.9266441  137.69268644]
New position (int) : 2
New velocity : [ -0.54263015 -32.        ]
Objective function value : 0.2404638886451721

Particle 5
New position : [  6.12996782 103.23452591]
New position (int) : 1
New velocity : [ -1.12933783 -10.44064014]
Objective function value : 0.2415181756019592

Particle 6
New position : [  5.25023787 212.40760571]
New position (int) : 3
New velocity : [  0.88591471 -32.        ]
Objective function value : 0.24916547536849976

Particle 7
New position : [  5.67741165 112.77257919]
New position (int) : 3
New velocity : [  0.10981451 -32.        ]
Objective function value : 0.2333511590957642

Particle 8
New position : [  7.3970917  260.14547267]
New position (int) : 2
New velocity : [ -0.12613582 -12.35452733]
Objective function value : 0.23608338832855225

Particle 9
New position : [  6.02815995 101.04002166]
New position (int) : 1
New velocity : [-1.20440921 -6.17186411]
Objective function value : 0.2301110744476318
End of generation
Best position : [ 7 84]
Best objective function value : 0.22026609182357793


***** Particle generation 3 ******

Particle 0
New position : [  8.25291183 103.21157979]
New position (int) : 1
New velocity : [ 1.69633423 18.39030756]
Objective function value : 0.23713768720626827

Particle 1
New position : [  7.71382623 256.        ]
New position (int) : 1
New velocity : [  0.42020527 -32.        ]
Objective function value : 0.24317533969879146

Particle 2
New position : [  4.20337774 102.78278819]
New position (int) : 2
New velocity : [-0.53893989  9.38701202]
Objective function value : 0.2361012101173401

Particle 3
New position : [  4.60463726 256.        ]
New position (int) : 2
New velocity : [ -0.86854173 -32.        ]
Objective function value : 0.23497861623764038

Particle 4
New position : [  4.64102826 123.82212162]
New position (int) : 1
New velocity : [ -0.28561584 -13.87056482]
Objective function value : 0.24374258518218994

Particle 5
New position : [ 5.72564379 86.98616526]
New position (int) : 1
New velocity : [ -0.40432403 -16.24836065]
Objective function value : 0.2453373670578003

Particle 6
New position : [  6.27287469 180.40760571]
New position (int) : 3
New velocity : [  1.02263683 -32.        ]
Objective function value : 0.2409539103507996

Particle 7
New position : [ 5.98214878 84.58980165]
New position (int) : 2
New velocity : [  0.30473713 -28.18277754]
Objective function value : 0.22138868570327763

Particle 8
New position : [  7.47961419 232.00724198]
New position (int) : 1
New velocity : [  0.08252249 -28.1382307 ]
Objective function value : 0.2268294095993042

Particle 9
New position : [ 5.21532548 94.90932535]
New position (int) : 0
New velocity : [-0.81283447 -6.13069631]
Objective function value : 0.2322612166404724
End of generation
Best position : [ 7 84]
Best objective function value : 0.22026609182357793


***** Particle generation 4 ******

Particle 0
New position : [  8.85154403 107.05637688]
New position (int) : 2
New velocity : [0.5986322  3.84479709]
Objective function value : 0.263851261138916

Particle 1
New position : [  7.02563224 253.03333183]
New position (int) : 3
New velocity : [-0.68819399 -2.96666817]
Objective function value : 0.23823652267456052

Particle 2
New position : [ 4.66406088 95.04002772]
New position (int) : 0
New velocity : [ 0.46068315 -7.74276047]
Objective function value : 0.2284836053848267

Particle 3
New position : [  5.23268481 224.        ]
New position (int) : 2
New velocity : [  0.62804755 -32.        ]
Objective function value : 0.23984912633895872

Particle 4
New position : [  4.83497651 115.56554049]
New position (int) : 1
New velocity : [ 0.19394825 -8.25658112]
Objective function value : 0.22629185914993288

Particle 5
New position : [ 6.88668747 79.56958415]
New position (int) : 1
New velocity : [ 1.16104368 -7.41658111]
Objective function value : 0.2382988810539246

Particle 6
New position : [  7.00199651 148.40760571]
New position (int) : 2
New velocity : [  0.72912181 -32.        ]
Objective function value : 0.2409479737281799

Particle 7
New position : [ 6.40871823 64.52899806]
New position (int) : 3
New velocity : [  0.42656945 -20.06080359]
Objective function value : 0.23992338180541994

Particle 8
New position : [  7.336912   203.55604642]
New position (int) : 1
New velocity : [ -0.14270219 -28.45119556]
Objective function value : 0.23116537332534792

Particle 9
New position : [ 5.21684151 92.67805885]
New position (int) : 1
New velocity : [ 1.51603218e-03 -2.23126650e+00]
Objective function value : 0.2300902843475342
End of generation
Best position : [ 7 84]
Best objective function value : 0.22026609182357793


***** Particle generation 5 ******

Particle 0
New position : [  8.49545431 100.27587388]
New position (int) : 3
New velocity : [-0.35608972 -6.78050299]
Objective function value : 0.2339421510696411

Particle 1
New position : [  6.90644251 221.03333183]
New position (int) : 1
New velocity : [ -0.11918973 -32.        ]
Objective function value : 0.25184128284454343

Particle 2
New position : [ 6.00916396 84.78022023]
New position (int) : 0
New velocity : [  1.34510308 -10.25980749]
Objective function value : 0.23114753961563106

Particle 3
New position : [  5.80100016 193.86823776]
New position (int) : 0
New velocity : [  0.56831535 -30.13176224]
Objective function value : 0.23444999456405635

Particle 4
New position : [ 5.69378387 94.74037355]
New position (int) : 0
New velocity : [  0.85880736 -20.82516695]
Objective function value : 0.22682346105575557

Particle 5
New position : [ 8.07751314 85.15342246]
New position (int) : 2
New velocity : [1.19082567 5.58383831]
Objective function value : 0.23226418495178225

Particle 6
New position : [  7.22409867 128.39175474]
New position (int) : 3
New velocity : [  0.22210216 -20.01585097]
Objective function value : 0.23387087583541866

Particle 7
New position : [ 6.91347696 62.54391854]
New position (int) : 1
New velocity : [ 0.50475873 -1.98507952]
Objective function value : 0.23226124048233032

Particle 8
New position : [  7.06979286 190.97514941]
New position (int) : 1
New velocity : [ -0.26711914 -12.580897  ]
Objective function value : 0.2556783199310303

Particle 9
New position : [ 5.50021881 89.62299877]
New position (int) : 2
New velocity : [ 0.2833773  -3.05506008]
Objective function value : 0.22627998590469356
End of generation
Best position : [ 7 84]
Best objective function value : 0.22026609182357793


***** Particle generation 6 ******

Particle 0
New position : [ 7.73356271 90.24079082]
New position (int) : 2
New velocity : [ -0.7618916  -10.03508306]
Objective function value : 0.23338085412979126

Particle 1
New position : [  7.14430092 189.03333183]
New position (int) : 2
New velocity : [  0.23785841 -32.        ]
Objective function value : 0.24595509767532353

Particle 2
New position : [ 7.10402174 78.40244039]
New position (int) : 2
New velocity : [ 1.09485778 -6.37777984]
Objective function value : 0.23935911655426023

Particle 3
New position : [  6.06247474 174.62040088]
New position (int) : 3
New velocity : [  0.26147458 -19.24783688]
Objective function value : 0.2409539103507996

Particle 4
New position : [ 5.97206899 87.22111693]
New position (int) : 1
New velocity : [ 0.27828512 -7.51925662]
Objective function value : 0.22899738550186155

Particle 5
New position : [ 8.81747721 88.20794261]
New position (int) : 0
New velocity : [0.73996407 3.05452016]
Objective function value : 0.23334519863128667

Particle 6
New position : [  7.10520259 114.73294884]
New position (int) : 1
New velocity : [ -0.11889608 -13.6588059 ]
Objective function value : 0.24098954200744627

Particle 7
New position : [ 7.21077598 64.56980906]
New position (int) : 1
New velocity : [0.29729902 2.02589052]
Objective function value : 0.23880374431610107

Particle 8
New position : [  6.86743819 162.38974479]
New position (int) : 3
New velocity : [ -0.20235467 -28.58540463]
Objective function value : 0.23117425441741946

Particle 9
New position : [ 6.55825436 85.00107128]
New position (int) : 1
New velocity : [ 1.05803555 -4.62192749]
Objective function value : 0.2246376872062683
End of generation
Best position : [ 7 84]
Best objective function value : 0.22026609182357793


***** Particle generation 7 ******

Particle 0
New position : [ 7.01275065 82.15417006]
New position (int) : 1
New velocity : [-0.72081206 -8.08662077]
Objective function value : 0.23772274255752568

Particle 1
New position : [  7.44967409 181.57788287]
New position (int) : 1
New velocity : [ 0.30537317 -7.45544896]
Objective function value : 0.24969707727432255

Particle 2
New position : [ 6.51624257 82.7527881 ]
New position (int) : 2
New velocity : [-0.58777917  4.3503477 ]
Objective function value : 0.23176229000091553

Particle 3
New position : [  6.6164597  142.62040088]
New position (int) : 0
New velocity : [  0.55398495 -32.        ]
Objective function value : 0.22847173213958738

Particle 4
New position : [ 6.28373828 86.4314069 ]
New position (int) : 0
New velocity : [ 0.31166929 -0.78971003]
Objective function value : 0.23608340024948116

Particle 5
New position : [ 9.01014061 89.37655965]
New position (int) : 0
New velocity : [0.1926634  1.16861703]
Objective function value : 0.24373960494995117

Particle 6
New position : [  6.67631593 128.82381262]
New position (int) : 3
New velocity : [-0.42888665 14.09086378]
Objective function value : 0.231723690032959

Particle 7
New position : [ 7.0482887  71.81874877]
New position (int) : 3
New velocity : [-0.16248728  7.24893971]
Objective function value : 0.22790449857711792

Particle 8
New position : [  6.81720425 155.19903348]
New position (int) : 0
New velocity : [-0.05023394 -7.1907113 ]
Objective function value : 0.23390352725982666

Particle 9
New position : [ 7.13325242 82.36944911]
New position (int) : 2
New velocity : [ 0.57499806 -2.63162217]
Objective function value : 0.23225232362747195
End of generation
Best position : [ 7 84]
Best objective function value : 0.22026609182357793


***** Particle generation 8 ******

Particle 0
New position : [ 6.64376279 79.353196  ]
New position (int) : 2
New velocity : [-0.36898786 -2.80097406]
Objective function value : 0.23882752656936646

Particle 1
New position : [  7.62661319 174.67829817]
New position (int) : 1
New velocity : [ 0.1769391  -6.89958471]
Objective function value : 0.23607745170593264

Particle 2
New position : [ 6.13410702 85.91730649]
New position (int) : 1
New velocity : [-0.38213556  3.1645184 ]
Objective function value : 0.23879781961441038

Particle 3
New position : [  6.94420811 110.62040088]
New position (int) : 3
New velocity : [  0.32774841 -32.        ]
Objective function value : 0.23225232362747195

Particle 4
New position : [ 5.51400872 98.71646237]
New position (int) : 1
New velocity : [-0.76972956 12.28505547]
Objective function value : 0.2366238951683044

Particle 5
New position : [ 8.43176726 88.00417055]
New position (int) : 0
New velocity : [-0.57837335 -1.37238909]
Objective function value : 0.23989366292953496

Particle 6
New position : [  5.89306546 160.82381262]
New position (int) : 3
New velocity : [-0.78325047 32.        ]
Objective function value : 0.24101924896240234

Particle 7
New position : [ 6.6903369  79.68168381]
New position (int) : 0
New velocity : [-0.35795179  7.86293504]
Objective function value : 0.2464124441146851

Particle 8
New position : [  6.91891063 157.44668806]
New position (int) : 1
New velocity : [0.10170638 2.24765457]
Objective function value : 0.23010810613632204

Particle 9
New position : [ 7.30643053 82.00424811]
New position (int) : 3
New velocity : [ 0.17317811 -0.36520099]
Objective function value : 0.23986694812774656
End of generation
Best position : [ 7 84]
Best objective function value : 0.22026609182357793


***** Particle generation 9 ******

Particle 0
New position : [ 6.51703961 78.60567054]
New position (int) : 2
New velocity : [-0.12672318 -0.74752546]
Objective function value : 0.22957352399826048

Particle 1
New position : [  7.38629795 162.70378985]
New position (int) : 2
New velocity : [ -0.24031524 -11.97450832]
Objective function value : 0.23061890602111812

Particle 2
New position : [ 5.63447482 89.05264755]
New position (int) : 0
New velocity : [-0.4996322   3.13534105]
Objective function value : 0.22568899393081665

Particle 3
New position : [  6.80127618 102.98389945]
New position (int) : 1
New velocity : [-0.14293193 -7.63650143]
Objective function value : 0.24260215759277348

Particle 4
New position : [  5.42100917 102.47197721]
New position (int) : 1
New velocity : [-0.09299955  3.75551484]
Objective function value : 0.22463173866271968

Particle 5
New position : [ 8.33853863 86.27988718]
New position (int) : 2
New velocity : [-0.09322863 -1.72428338]
Objective function value : 0.23227607011795048

Particle 6
New position : [  5.69585198 165.40728566]
New position (int) : 3
New velocity : [-0.19721349  4.58347304]
Objective function value : 0.2268294095993042

Particle 7
New position : [ 6.34824796 85.63550556]
New position (int) : 0
New velocity : [-0.34208894  5.95382175]
Objective function value : 0.22954084873199465

Particle 8
New position : [  7.0401595  162.40206598]
New position (int) : 0
New velocity : [0.12124888 4.95537793]
Objective function value : 0.23499345779418945

Particle 9
New position : [ 6.97307844 83.29527119]
New position (int) : 0
New velocity : [-0.33335209  1.29102307]
Objective function value : 0.2388096928596497
End of generation
Best position : [ 7 84]
Best objective function value : 0.22026609182357793


***** Optimal configuration found by PSO ******
N. hidden layers : 7
N. neurons per layer : 84
Accuracy on validation set : 0.7797339081764221
Execution time : 01:53:02.70
Accuracy on test set : 0.752173900604248
