

***** PSO Configuration ******
w_start : 0.9
w_end : 0.4
c1 : 0.5
c2 : 0.5
swarm_size : 2
num_generations : 1
max_velocity : [3, 32]
bounds : [(1, 10), (4, 384)]
initialization type : InitializationType.QUASI_RANDOM
use local search : True


***** Particles initialization *****

Particle 0
Position : [  5.5 194. ]
Velocity : [0. 0.]

Particle 1
Position : [ 7.75 99.  ]
Velocity : [0. 0.]


***** Particle generation 0 ******

Particle 0
New position : [  5.59249476 194.        ]
New position (int) : [  6. 194.]
New velocity : [0.09249476 0.        ]
Objective function value : 0.2425873160362244

Particle 1
New position : [  7.12703791 131.        ]
New position (int) : [  7. 131.]
New velocity : [-0.62296209 32.        ]
Objective function value : 0.25735921859741206


End of generation
Best position : [  6. 194.]
Best objective function value : 0.24153004884719853


Total function evaluations: 2


***** Optimal configuration found by PSO ******
N. hidden layers : 6.0
N. neurons per layer : 194.0
Accuracy on validation set : 0.7584699511528015
Execution time : 00:02:32.17
Accuracy on test set : 0.739130437374115
