

***** Quasi-Random Search Configuration ******
combinations : 10
bounds : [(1, 10), (4, 384)]


Combination 1 out of 10
N. layers : 6
N. neurons : 194
Accuracy on validation set : 0.7682614684104919


Combination 2 out of 10
N. layers : 8
N. neurons : 99
Accuracy on validation set : 0.7475380182266236


Combination 3 out of 10
N. layers : 3
N. neurons : 289
Accuracy on validation set : 0.7546358942985535


Combination 4 out of 10
N. layers : 4
N. neurons : 146
Accuracy on validation set : 0.7606676101684571


Combination 5 out of 10
N. layers : 9
N. neurons : 336
Accuracy on validation set : 0.6369446396827698


Combination 6 out of 10
N. layers : 7
N. neurons : 52
Accuracy on validation set : 0.7650213837623596


Combination 7 out of 10
N. layers : 2
N. neurons : 242
Accuracy on validation set : 0.7541132092475891


Combination 8 out of 10
N. layers : 3
N. neurons : 123
Accuracy on validation set : 0.7388720631599426


Combination 9 out of 10
N. layers : 7
N. neurons : 313
Accuracy on validation set : 0.7196959018707275


Combination 10 out of 10
N. layers : 9
N. neurons : 28
Accuracy on validation set : 0.7459254026412964


***** Optimal configuration found by Quasi-Random Search ******
N. hidden layers : 6
N. neurons per layer : 194
Accuracy on validation set : 0.23173853158950808
Execution time : 00:02:42.60
Accuracy on test set : 0.747826099395752
