

***** Quasi-Random Search Configuration ******
combinations : 10
bounds : [(1, 10), (4, 384)]


Combination 1 out of 10
N. layers : 6
N. neurons : 194
Accuracy on validation set : 0.7481379270553589


Combination 2 out of 10
N. layers : 8
N. neurons : 99
Accuracy on validation set : 0.7623247742652893


Combination 3 out of 10
N. layers : 3
N. neurons : 289
Accuracy on validation set : 0.7579413294792176


Combination 4 out of 10
N. layers : 4
N. neurons : 146
Accuracy on validation set : 0.7513779997825623


Combination 5 out of 10
N. layers : 9
N. neurons : 336
Accuracy on validation set : 0.7268531918525696


Combination 6 out of 10
N. layers : 7
N. neurons : 52
Accuracy on validation set : 0.745387864112854


Combination 7 out of 10
N. layers : 2
N. neurons : 242
Accuracy on validation set : 0.763355302810669


Combination 8 out of 10
N. layers : 3
N. neurons : 123
Accuracy on validation set : 0.7737289071083069


Combination 9 out of 10
N. layers : 7
N. neurons : 313
Accuracy on validation set : 0.7486457586288452


Combination 10 out of 10
N. layers : 9
N. neurons : 28
Accuracy on validation set : 0.7682971000671387


***** Optimal configuration found by Quasi-Random Search ******
N. hidden layers : 3
N. neurons per layer : 123
Accuracy on validation set : 0.22627109289169312
Execution time : 00:02:58.14
Accuracy on test set : 0.7260869741439819
